<?xml version="1.0"?>
<testsuites>
  <testsuite errors="0" failures="2" passed="18" tests="20" skipped="0" name="rhqe" hostname="sweetpig-6.4a2m.lab.eng.bos.redhat.com" time="0.1" timestamp="2022-02-27T21:23:21">
    <testcase classname="rhqe.test" name="alt-java.sh" time="0.01"/>
    <testcase classname="rhqe.test" name="annocheck.sh" time="0.01">
      <failure message="see: ../artifact/results/annocheck.sh-result/global-stdouterr.log and ../artifact/results/annocheck.sh-result/report.txt" type="non zero sub-shell return code">
        <![CDATA[----head -n 10----
+ grep -q '^.*.el\([0-9]\+\)\([^0-9.][^.]*\)\?\(\.[^.]\+\)\?\.[^.]*\.rpm$'
+ ls /mnt/ramdisk/rpms
++ head -n 1
++ sed 's/^.*.el\([0-9]\+\)\([^0-9.][^.]*\)\?\(\.[^.]\+\)\?\.[^.]*\.rpm$/\1/'
++ grep '^.*.el\([0-9]\+\)\([^0-9.][^.]*\)\?\(\.[^.]\+\)\?\.[^.]*\.rpm$'
++ ls /mnt/ramdisk/rpms
+ rhelVersion=9
+ '[' 9 -lt 8 ']'
+ ls /mnt/ramdisk/rpms
+ grep -q '^.*.fc\([0-9]\+\)\([^0-9.][^.]*\)\?\(\.[^.]\+\)\?\.[^.]*\.rpm$'
-------------- grep -n -i -e fail -e error -B 5 -A 5--------------
24-Package annobin-tools-annobin-Regression-bz1998472-annocheck-complains-MAYB-test-notes-on-empty-1.0-2.noarch is already installed.
25-Package annobin-tools-annobin-Regression-bz2004917-using-g-in-gcc-breaks-annocheck-LTO-report-1.0-4.noarch is already installed.
26-Package annobin-tools-annobin-Regression-bz2005322-annocheck-says-PASS-lto-test-on-non-LTO-1.0-2.noarch is already installed.
27-Package annobin-tools-annobin-Regression-bz2011438-gating-run-with-rpminspect-and-annocheck-pie-test-1.0-2.noarch is already installed.
28-Package annobin-tools-annobin-Regression-bz2012797-annocheck-reports-that-ld64-so-2-was-not-built-1.0-2.noarch is already installed.
29:Package annobin-tools-annobin-Regression-bz2028583-annocheck-fails-golang-source-code-with-spaces-in-1.0-1.noarch is already installed.
30-Package annobin-tools-annobin-Regression-bz2030277-annocheck-wrongly-assumes-that-a-binary-wasn-t-1.0-1.noarch is already installed.
31-Package annobin-tools-annobin-Regression-bz2030298-annocheck-skips-x86-related-test-on-x86-executable-1.0-1.noarch is already installed.
32:Package annobin-tools-annobin-Regression-bz2039209-python-cryptography-fails-annocheck-due-to-missing-1.0-2.noarch is already installed.
33:Package annobin-tools-annobin-Regression-bz2044871-annocheck-FAIL-fortify-test-glibc-1.0-1.noarch is already installed.
34:Package annobin-tools-annobin-Regression-bz2044897-annocheck-FAIL-gnu-stack-test-xdp-tools-1.0-1.noarch is already installed.
35:Package annobin-tools-annobin-Regression-bz2053606-annocheck-FAIL-pie-test-golang-1.0-1.noarch is already installed.
36-Package annobin-tools-annobin-Sanity-annocheck-silently-ignores-any-file-parameter-1.0-1.noarch is already installed.
37-Package examples-examples-sandbox-jjaburek-annocheck-entire-BaseOS-1.0-3.noarch is already installed.
38:Package ftp-CoreOS-ftp-Regression-bz1624112-Review-annocheck-distro-flag-failures-in-ftp-1.0-7.noarch is already installed.
39-Package gcc-tools-gcc-Sanity-annocheck-binaries-1.0-3.noarch is already installed.
40:Package glibc-tools-glibc-Regression-bz1988382-annocheck-reports-pie-pic-test-failures-on-1.0-2.noarch is already installed.
41:Package pigz-CoreOS-pigz-Regression-bz1624161-Review-annocheck-distro-flag-failures-in-pigz-1.0-2.noarch is already installed.
42-Package toolchain-common-tools-toolchain-common-Sanity-annocheck-clean-1.0-22.noarch is already installed.
43:Package valgrind-tools-valgrind-Regression-bz1624183-Review-annocheck-distro-flag-failures-in-valgrind-1.0-3.noarch is already installed.
44-Dependencies resolved.
45-Nothing to do.
46-Complete!
47-++ find /mnt/ramdisk/rpms
48-++ grep '.*.rpm$'
--
68-Hardened: ./usr/lib/jvm/java-11-openjdk-11.0.14.0.8-0.2.ea.el9.x86_64/bin/jaotc: PASS: pic test 
69-Hardened: ./usr/lib/jvm/java-11-openjdk-11.0.14.0.8-0.2.ea.el9.x86_64/bin/jaotc: PASS: stack-prot test 
70-Hardened: ./usr/lib/jvm/java-11-openjdk-11.0.14.0.8-0.2.ea.el9.x86_64/bin/jaotc: PASS: writable-got test 
71-Hardened: ./usr/lib/jvm/java-11-openjdk-11.0.14.0.8-0.2.ea.el9.x86_64/bin/jaotc: PASS: dynamic-segment test 
72-Hardened: ./usr/lib/jvm/java-11-openjdk-11.0.14.0.8-0.2.ea.el9.x86_64/bin/jaotc: PASS: bind-now test 
73:Hardened: ./usr/lib/jvm/java-11-openjdk-11.0.14.0.8-0.2.ea.el9.x86_64/bin/jaotc: FAIL: run-path test because the DT_RPATH/DT_RUNPATH dynamic tag has a path that contains '..' 
74-Hardened: ./usr/lib/jvm/java-11-openjdk-11.0.14.0.8-0.2.ea.el9.x86_64/bin/jaotc: info: For more information visit: https://sourceware.org/annobin/annobin.html/Test-run-path.html
75-Size: jaotc: .gnu.build.attributes: 0x21c
76-Hardened: ./usr/lib/jvm/java-11-openjdk-11.0.14.0.8-0.2.ea.el9.x86_64/bin/jaotc: PASS: fortify test because fortify note found 
77-Hardened: ./usr/lib/jvm/java-11-openjdk-11.0.14.0.8-0.2.ea.el9.x86_64/bin/jaotc: PASS: warnings test 
78-Hardened: ./usr/lib/jvm/java-11-openjdk-11.0.14.0.8-0.2.ea.el9.x86_64/bin/jaotc: PASS: stack-clash test 
--
92-Hardened: ./usr/lib/jvm/java-11-openjdk-11.0.14.0.8-0.2.ea.el9.x86_64/bin/jaotc: PASS: rwx-seg test 
93-Hardened: ./usr/lib/jvm/java-11-openjdk-11.0.14.0.8-0.2.ea.el9.x86_64/bin/jaotc: PASS: short-enums test 
94-Hardened: ./usr/lib/jvm/java-11-openjdk-11.0.14.0.8-0.2.ea.el9.x86_64/bin/jaotc: PASS: textrel test 
95-Hardened: ./usr/lib/jvm/java-11-openjdk-11.0.14.0.8-0.2.ea.el9.x86_64/bin/jaotc: PASS: threads test 
96-Hardened: ./usr/lib/jvm/java-11-openjdk-11.0.14.0.8-0.2.ea.el9.x86_64/bin/jaotc: PASS: unicode test 
97:Hardened: ./usr/lib/jvm/java-11-openjdk-11.0.14.0.8-0.2.ea.el9.x86_64/bin/jaotc: Overall: FAIL.
98-Hardened: ./usr/lib/jvm/java-11-openjdk-11.0.14.0.8-0.2.ea.el9.x86_64/bin/jar: PASS: pie test 
99-Hardened: ./usr/lib/jvm/java-11-openjdk-11.0.14.0.8-0.2.ea.el9.x86_64/bin/jar: PASS: optimization test 
100-Hardened: ./usr/lib/jvm/java-11-openjdk-11.0.14.0.8-0.2.ea.el9.x86_64/bin/jar: PASS: pic test 
101-Hardened: ./usr/lib/jvm/java-11-openjdk-11.0.14.0.8-0.2.ea.el9.x86_64/bin/jar: PASS: stack-prot test 
102-Hardened: ./usr/lib/jvm/java-11-openjdk-11.0.14.0.8-0.2.ea.el9.x86_64/bin/jar: PASS: writable-got test 
103-Hardened: ./usr/lib/jvm/java-11-openjdk-11.0.14.0.8-0.2.ea.el9.x86_64/bin/jar: PASS: dynamic-segment test 
104-Hardened: ./usr/lib/jvm/java-11-openjdk-11.0.14.0.8-0.2.ea.el9.x86_64/bin/jar: PASS: bind-now test 
105:Hardened: ./usr/lib/jvm/java-11-openjdk-11.0.14.0.8-0.2.ea.el9.x86_64/bin/jar: FAIL: run-path test because the DT_RPATH/DT_RUNPATH dynamic tag has a path that contains '..' 
106-Hardened: ./usr/lib/jvm/java-11-openjdk-11.0.14.0.8-0.2.ea.el9.x86_64/bin/jar: info: For more information visit: https://sourceware.org/annobin/annobin.html/Test-run-path.html
107-Size: jar: .gnu.build.attributes: 0x21c
108-Hardened: ./usr/lib/jvm/java-11-openjdk-11.0.14.0.8-0.2.ea.el9.x86_64/bin/jar: PASS: fortify test because fortify note found 
109-Hardened: ./usr/lib/jvm/java-11-openjdk-11.0.14.0.8-0.2.ea.el9.x86_64/bin/jar: PASS: warnings test 
110-Hardened: ./usr/lib/jvm/java-11-openjdk-11.0.14.0.8-0.2.ea.el9.x86_64/bin/jar: PASS: stack-clash test 
--
124-Hardened: ./usr/lib/jvm/java-11-openjdk-11.0.14.0.8-0.2.ea.el9.x86_64/bin/jar: PASS: rwx-seg test 
125-Hardened: ./usr/lib/jvm/java-11-openjdk-11.0.14.0.8-0.2.ea.el9.x86_64/bin/jar: PASS: short-enums test 
126-Hardened: ./usr/lib/jvm/java-11-openjdk-11.0.14.0.8-0.2.ea.el9.x86_64/bin/jar: PASS: textrel test 
127-Hardened: ./usr/lib/jvm/java-11-openjdk-11.0.14.0.8-0.2.ea.el9.x86_64/bin/jar: PASS: threads test 
128-Hardened: ./usr/lib/jvm/java-11-openjdk-11.0.14.0.8-0.2.ea.el9.x86_64/bin/jar: PASS: unicode test 
129:Hardened: ./usr/lib/jvm/java-11-openjdk-11.0.14.0.8-0.2.ea.el9.x86_64/bin/jar: Overall: FAIL.
130-Hardened: ./usr/lib/jvm/java-11-openjdk-11.0.14.0.8-0.2.ea.el9.x86_64/bin/jarsigner: PASS: pie test 
131-Hardened: ./usr/lib/jvm/java-11-openjdk-11.0.14.0.8-0.2.ea.el9.x86_64/bin/jarsigner: PASS: optimization test 
132-Hardened: ./usr/lib/jvm/java-11-openjdk-11.0.14.0.8-0.2.ea.el9.x86_64/bin/jarsigner: PASS: pic test 
133-Hardened: ./usr/lib/jvm/java-11-openjdk-11.0.14.0.8-0.2.ea.el9.x86_64/bin/jarsigner: PASS: stack-prot test 
134-Hardened: ./usr/lib/jvm/java-11-openjdk-11.0.14.0.8-0.2.ea.el9.x86_64/bin/jarsigner: PASS: writable-got test 
135-Hardened: ./usr/lib/jvm/java-11-openjdk-11.0.14.0.8-0.2.ea.el9.x86_64/bin/jarsigner: PASS: dynamic-segment test 
136-Hardened: ./usr/lib/jvm/java-11-openjdk-11.0.14.0.8-0.2.ea.el9.x86_64/bin/jarsigner: PASS: bind-now test 
137:Hardened: ./usr/lib/jvm/java-11-openjdk-11.0.14.0.8-0.2.ea.el9.x86_64/bin/jarsigner: FAIL: run-path test because the DT_RPATH/DT_RUNPATH dynamic tag has a path that contains '..' 
138-Hardened: ./usr/lib/jvm/java-11-openjdk-11.0.14.0.8-0.2.ea.el9.x86_64/bin/jarsigner: info: For more information visit: https://sourceware.org/annobin/annobin.html/Test-run-path.html
139-Size: jarsigner: .gnu.build.attributes: 0x21c
140-Hardened: ./usr/lib/jvm/java-11-openjdk-11.0.14.0.8-0.2.ea.el9.x86_64/bin/jarsigner: PASS: fortify test because fortify note found 
141-Hardened: ./usr/lib/jvm/java-11-openjdk-11.0.14.0.8-0.2.ea.el9.x86_64/bin/jarsigner: PASS: warnings test 
142-Hardened: ./usr/lib/jvm/java-11-openjdk-11.0.14.0.8-0.2.ea.el9.x86_64/bin/jarsigner: PASS: stack-clash test 
--
156-Hardened: ./usr/lib/jvm/java-11-openjdk-11.0.14.0.8-0.2.ea.el9.x86_64/bin/jarsigner: PASS: rwx-seg test 
157-Hardened: ./usr/lib/jvm/java-11-openjdk-11.0.14.0.8-0.2.ea.el9.x86_64/bin/jarsigner: PASS: short-enums test 
158-Hardened: ./usr/lib/jvm/java-11-openjdk-11.0.14.0.8-0.2.ea.el9.x86_64/bin/jarsigner: PASS: textrel test 
159-Hardened: ./usr/lib/jvm/java-11-openjdk-11.0.14.0.8-0.2.ea.el9.x86_64/bin/jarsigner: PASS: threads test 
160-Hardened: ./usr/lib/jvm/java-11-openjdk-11.0.14.0.8-0.2.ea.el9.x86_64/bin/jarsigner: PASS: unicode test 
161:Hardened: ./usr/lib/jvm/java-11-openjdk-11.0.14.0.8-0.2.ea.el9.x86_64/bin/jarsigner: Overall: FAIL.
162-Hardened: ./usr/lib/jvm/java-11-openjdk-11.0.14.0.8-0.2.ea.el9.x86_64/bin/javac: PASS: pie test 
163-Hardened: ./usr/lib/jvm/java-11-openjdk-11.0.14.0.8-0.2.ea.el9.x86_64/bin/javac: PASS: optimization test 
164-Hardened: ./usr/lib/jvm/java-11-openjdk-11.0.14.0.8-0.2.ea.el9.x86_64/bin/javac: PASS: pic test 
165-Hardened: ./usr/lib/jvm/java-11-openjdk-11.0.14.0.8-0.2.ea.el9.x86_64/bin/javac: PASS: stack-prot test 
166-Hardened: ./usr/lib/jvm/java-11-openjdk-11.0.14.0.8-0.2.ea.el9.x86_64/bin/javac: PASS: writable-got test 
167-Hardened: ./usr/lib/jvm/java-11-openjdk-11.0.14.0.8-0.2.ea.el9.x86_64/bin/javac: PASS: dynamic-segment test 
168-Hardened: ./usr/lib/jvm/java-11-openjdk-11.0.14.0.8-0.2.ea.el9.x86_64/bin/javac: PASS: bind-now test 
169:Hardened: ./usr/lib/jvm/java-11-openjdk-11.0.14.0.8-0.2.ea.el9.x86_64/bin/javac: FAIL: run-path test because the DT_RPATH/DT_RUNPATH dynamic tag has a path that contains '..' 
170-Hardened: ./usr/lib/jvm/java-11-openjdk-11.0.14.0.8-0.2.ea.el9.x86_64/bin/javac: info: For more information visit: https://sourceware.org/annobin/annobin.html/Test-run-path.html
171-Size: javac: .gnu.build.attributes: 0x21c
172-Hardened: ./usr/lib/jvm/java-11-openjdk-11.0.14.0.8-0.2.ea.el9.x86_64/bin/javac: PASS: fortify test because fortify note found 
173-Hardened: ./usr/lib/jvm/java-11-openjdk-11.0.14.0.8-0.2.ea.el9.x86_64/bin/javac: PASS: warnings test 
174-Hardened: ./usr/lib/jvm/java-11-openjdk-11.0.14.0.8-0.2.ea.el9.x86_64/bin/javac: PASS: stack-clash test 
--
188-Hardened: ./usr/lib/jvm/java-11-openjdk-11.0.14.0.8-0.2.ea.el9.x86_64/bin/javac: PASS: rwx-seg test 
189-Hardened: ./usr/lib/jvm/java-11-openjdk-11.0.14.0.8-0.2.ea.el9.x86_64/bin/javac: PASS: short-enums test 
190-Hardened: ./usr/lib/jvm/java-11-openjdk-11.0.14.0.8-0.2.ea.el9.x86_64/bin/javac: PASS: textrel test 
191-Hardened: ./usr/lib/jvm/java-11-openjdk-11.0.14.0.8-0.2.ea.el9.x86_64/bin/javac: PASS: threads test 
192-Hardened: ./usr/lib/jvm/java-11-openjdk-11.0.14.0.8-0.2.ea.el9.x86_64/bin/javac: PASS: unicode test 
193:Hardened: ./usr/lib/jvm/java-11-openjdk-11.0.14.0.8-0.2.ea.el9.x86_64/bin/javac: Overall: FAIL.
194-Hardened: ./usr/lib/jvm/java-11-openjdk-11.0.14.0.8-0.2.ea.el9.x86_64/bin/javadoc: PASS: pie test 
195-Hardened: ./usr/lib/jvm/java-11-openjdk-11.0.14.0.8-0.2.ea.el9.x86_64/bin/javadoc: PASS: optimization test 
196-Hardened: ./usr/lib/jvm/java-11-openjdk-11.0.14.0.8-0.2.ea.el9.x86_64/bin/javadoc: PASS: pic test 
197-Hardened: ./usr/lib/jvm/java-11-openjdk-11.0.14.0.8-0.2.ea.el9.x86_64/bin/javadoc: PASS: stack-prot test 
198-Hardened: ./usr/lib/jvm/java-11-openjdk-11.0.14.0.8-0.2.ea.el9.x86_64/bin/javadoc: PASS: writable-got test 
199-Hardened: ./usr/lib/jvm/java-11-openjdk-11.0.14.0.8-0.2.ea.el9.x86_64/bin/javadoc: PASS: dynamic-segment test 
200-Hardened: ./usr/lib/jvm/java-11-openjdk-11.0.14.0.8-0.2.ea.el9.x86_64/bin/javadoc: PASS: bind-now test 
201:Hardened: ./usr/lib/jvm/java-11-openjdk-11.0.14.0.8-0.2.ea.el9.x86_64/bin/javadoc: FAIL: run-path test because the DT_RPATH/DT_RUNPATH dynamic tag has a path that contains '..' 
202-Hardened: ./usr/lib/jvm/java-11-openjdk-11.0.14.0.8-0.2.ea.el9.x86_64/bin/javadoc: info: For more information visit: https://sourceware.org/annobin/annobin.html/Test-run-path.html
203-Size: javadoc: .gnu.build.attributes: 0x21c
204-Hardened: ./usr/lib/jvm/java-11-openjdk-11.0.14.0.8-0.2.ea.el9.x86_64/bin/javadoc: PASS: fortify test because fortify note found 
205-Hardened: ./usr/lib/jvm/java-11-openjdk-11.0.14.0.8-0.2.ea.el9.x86_64/bin/javadoc: PASS: warnings test 
206-Hardened: ./usr/lib/jvm/java-11-openjdk-11.0.14.0.8-0.2.ea.el9.x86_64/bin/javadoc: PASS: stack-clash test 
--
220-Hardened: ./usr/lib/jvm/java-11-openjdk-11.0.14.0.8-0.2.ea.el9.x86_64/bin/javadoc: PASS: rwx-seg test 
221-Hardened: ./usr/lib/jvm/java-11-openjdk-11.0.14.0.8-0.2.ea.el9.x86_64/bin/javadoc: PASS: short-enums test 
222-Hardened: ./usr/lib/jvm/java-11-openjdk-11.0.14.0.8-0.2.ea.el9.x86_64/bin/javadoc: PASS: textrel test 
223-Hardened: ./usr/lib/jvm/java-11-openjdk-11.0.14.0.8-0.2.ea.el9.x86_64/bin/javadoc: PASS: threads test 
224-Hardened: ./usr/lib/jvm/java-11-openjdk-11.0.14.0.8-0.2.ea.el9.x86_64/bin/javadoc: PASS: unicode test 
225:Hardened: ./usr/lib/jvm/java-11-openjdk-11.0.14.0.8-0.2.ea.el9.x86_64/bin/javadoc: Overall: FAIL.
226-Hardened: ./usr/lib/jvm/java-11-openjdk-11.0.14.0.8-0.2.ea.el9.x86_64/bin/javap: PASS: pie test 
227-Hardened: ./usr/lib/jvm/java-11-openjdk-11.0.14.0.8-0.2.ea.el9.x86_64/bin/javap: PASS: optimization test 
228-Hardened: ./usr/lib/jvm/java-11-openjdk-11.0.14.0.8-0.2.ea.el9.x86_64/bin/javap: PASS: pic test 
229-Hardened: ./usr/lib/jvm/java-11-openjdk-11.0.14.0.8-0.2.ea.el9.x86_64/bin/javap: PASS: stack-prot test 
230-Hardened: ./usr/lib/jvm/java-11-openjdk-11.0.14.0.8-0.2.ea.el9.x86_64/bin/javap: PASS: writable-got test 
231-Hardened: ./usr/lib/jvm/java-11-openjdk-11.0.14.0.8-0.2.ea.el9.x86_64/bin/javap: PASS: dynamic-segment test 
232-Hardened: ./usr/lib/jvm/java-11-openjdk-11.0.14.0.8-0.2.ea.el9.x86_64/bin/javap: PASS: bind-now test 
233:Hardened: ./usr/lib/jvm/java-11-openjdk-11.0.14.0.8-0.2.ea.el9.x86_64/bin/javap: FAIL: run-path test because the DT_RPATH/DT_RUNPATH dynamic tag has a path that contains '..' 
234-Hardened: ./usr/lib/jvm/java-11-openjdk-11.0.14.0.8-0.2.ea.el9.x86_64/bin/javap: info: For more information visit: https://sourceware.org/annobin/annobin.html/Test-run-path.html
235-Size: javap: .gnu.build.attributes: 0x21c
236-Hardened: ./usr/lib/jvm/java-11-openjdk-11.0.14.0.8-0.2.ea.el9.x86_64/bin/javap: PASS: fortify test because fortify note found 
237-Hardened: ./usr/lib/jvm/java-11-openjdk-11.0.14.0.8-0.2.ea.el9.x86_64/bin/javap: PASS: warnings test 
238-Hardened: ./usr/lib/jvm/java-11-openjdk-11.0.14.0.8-0.2.ea.el9.x86_64/bin/javap: PASS: stack-clash test 
--
252-Hardened: ./usr/lib/jvm/java-11-openjdk-11.0.14.0.8-0.2.ea.el9.x86_64/bin/javap: PASS: rwx-seg test 
253-Hardened: ./usr/lib/jvm/java-11-openjdk-11.0.14.0.8-0.2.ea.el9.x86_64/bin/javap: PASS: short-enums test 
254-Hardened: ./usr/lib/jvm/java-11-openjdk-11.0.14.0.8-0.2.ea.el9.x86_64/bin/javap: PASS: textrel test 
255-Hardened: ./usr/lib/jvm/java-11-openjdk-11.0.14.0.8-0.2.ea.el9.x86_64/bin/javap: PASS: threads test 
256-Hardened: ./usr/lib/jvm/java-11-openjdk-11.0.14.0.8-0.2.ea.el9.x86_64/bin/javap: PASS: unicode test 
257:Hardened: ./usr/lib/jvm/java-11-openjdk-11.0.14.0.8-0.2.ea.el9.x86_64/bin/javap: Overall: FAIL.
258-Hardened: ./usr/lib/jvm/java-11-openjdk-11.0.14.0.8-0.2.ea.el9.x86_64/bin/jcmd: PASS: pie test 
259-Hardened: ./usr/lib/jvm/java-11-openjdk-11.0.14.0.8-0.2.ea.el9.x86_64/bin/jcmd: PASS: optimization test 
260-Hardened: ./usr/lib/jvm/java-11-openjdk-11.0.14.0.8-0.2.ea.el9.x86_64/bin/jcmd: PASS: pic test 
261-Hardened: ./usr/lib/jvm/java-11-openjdk-11.0.14.0.8-0.2.ea.el9.x86_64/bin/jcmd: PASS: stack-prot test 
262-Hardened: ./usr/lib/jvm/java-11-openjdk-11.0.14.0.8-0.2.ea.el9.x86_64/bin/jcmd: PASS: writable-got test 
263-Hardened: ./usr/lib/jvm/java-11-openjdk-11.0.14.0.8-0.2.ea.el9.x86_64/bin/jcmd: PASS: dynamic-segment test 
264-Hardened: ./usr/lib/jvm/java-11-openjdk-11.0.14.0.8-0.2.ea.el9.x86_64/bin/jcmd: PASS: bind-now test 
265:Hardened: ./usr/lib/jvm/java-11-openjdk-11.0.14.0.8-0.2.ea.el9.x86_64/bin/jcmd: FAIL: run-path test because the DT_RPATH/DT_RUNPATH dynamic tag has a path that contains '..' 
266-Hardened: ./usr/lib/jvm/java-11-openjdk-11.0.14.0.8-0.2.ea.el9.x86_64/bin/jcmd: info: For more information visit: https://sourceware.org/annobin/annobin.html/Test-run-path.html
267-Size: jcmd: .gnu.build.attributes: 0x21c
268-Hardened: ./usr/lib/jvm/java-11-openjdk-11.0.14.0.8-0.2.ea.el9.x86_64/bin/jcmd: PASS: fortify test because fortify note found 
269-Hardened: ./usr/lib/jvm/java-11-openjdk-11.0.14.0.8-0.2.ea.el9.x86_64/bin/jcmd: PASS: warnings test 
270-Hardened: ./usr/lib/jvm/java-11-openjdk-11.0.14.0.8-0.2.ea.el9.x86_64/bin/jcmd: PASS: stack-clash test 
--
284-Hardened: ./usr/lib/jvm/java-11-openjdk-11.0.14.0.8-0.2.ea.el9.x86_64/bin/jcmd: PASS: rwx-seg test 
285-Hardened: ./usr/lib/jvm/java-11-openjdk-11.0.14.0.8-0.2.ea.el9.x86_64/bin/jcmd: PASS: short-enums test 
286-Hardened: ./usr/lib/jvm/java-11-openjdk-11.0.14.0.8-0.2.ea.el9.x86_64/bin/jcmd: PASS: textrel test 
287-Hardened: ./usr/lib/jvm/java-11-openjdk-11.0.14.0.8-0.2.ea.el9.x86_64/bin/jcmd: PASS: threads test 
288-Hardened: ./usr/lib/jvm/java-11-openjdk-11.0.14.0.8-0.2.ea.el9.x86_64/bin/jcmd: PASS: unicode test 
289:Hardened: ./usr/lib/jvm/java-11-openjdk-11.0.14.0.8-0.2.ea.el9.x86_64/bin/jcmd: Overall: FAIL.
290-Hardened: ./usr/lib/jvm/java-11-openjdk-11.0.14.0.8-0.2.ea.el9.x86_64/bin/jconsole: PASS: pie test 
291-Hardened: ./usr/lib/jvm/java-11-openjdk-11.0.14.0.8-0.2.ea.el9.x86_64/bin/jconsole: PASS: optimization test 
292-Hardened: ./usr/lib/jvm/java-11-openjdk-11.0.14.0.8-0.2.ea.el9.x86_64/bin/jconsole: PASS: pic test 
293-Hardened: ./usr/lib/jvm/java-11-openjdk-11.0.14.0.8-0.2.ea.el9.x86_64/bin/jconsole: PASS: stack-prot test 
294-Hardened: ./usr/lib/jvm/java-11-openjdk-11.0.14.0.8-0.2.ea.el9.x86_64/bin/jconsole: PASS: writable-got test 
295-Hardened: ./usr/lib/jvm/java-11-openjdk-11.0.14.0.8-0.2.ea.el9.x86_64/bin/jconsole: PASS: dynamic-segment test 
296-Hardened: ./usr/lib/jvm/java-11-openjdk-11.0.14.0.8-0.2.ea.el9.x86_64/bin/jconsole: PASS: bind-now test 
297:Hardened: ./usr/lib/jvm/java-11-openjdk-11.0.14.0.8-0.2.ea.el9.x86_64/bin/jconsole: FAIL: run-path test because the DT_RPATH/DT_RUNPATH dynamic tag has a path that contains '..' 
298-Hardened: ./usr/lib/jvm/java-11-openjdk-11.0.14.0.8-0.2.ea.el9.x86_64/bin/jconsole: info: For more information visit: https://sourceware.org/annobin/annobin.html/Test-run-path.html
299-Size: jconsole: .gnu.build.attributes: 0x21c
300-Hardened: ./usr/lib/jvm/java-11-openjdk-11.0.14.0.8-0.2.ea.el9.x86_64/bin/jconsole: PASS: fortify test because fortify note found 
301-Hardened: ./usr/lib/jvm/java-11-openjdk-11.0.14.0.8-0.2.ea.el9.x86_64/bin/jconsole: PASS: warnings test 
302-Hardened: ./usr/lib/jvm/java-11-openjdk-11.0.14.0.8-0.2.ea.el9.x86_64/bin/jconsole: PASS: stack-clash test 
--
316-Hardened: ./usr/lib/jvm/java-11-openjdk-11.0.14.0.8-0.2.ea.el9.x86_64/bin/jconsole: PASS: rwx-seg test 
317-Hardened: ./usr/lib/jvm/java-11-openjdk-11.0.14.0.8-0.2.ea.el9.x86_64/bin/jconsole: PASS: short-enums test 
318-Hardened: ./usr/lib/jvm/java-11-openjdk-11.0.14.0.8-0.2.ea.el9.x86_64/bin/jconsole: PASS: textrel test 
319-Hardened: ./usr/lib/jvm/java-11-openjdk-11.0.14.0.8-0.2.ea.el9.x86_64/bin/jconsole: PASS: threads test 
320-Hardened: ./usr/lib/jvm/java-11-openjdk-11.0.14.0.8-0.2.ea.el9.x86_64/bin/jconsole: PASS: unicode test 
321:Hardened: ./usr/lib/jvm/java-11-openjdk-11.0.14.0.8-0.2.ea.el9.x86_64/bin/jconsole: Overall: FAIL.
322-Hardened: ./usr/lib/jvm/java-11-openjdk-11.0.14.0.8-0.2.ea.el9.x86_64/bin/jdb: PASS: pie test 
323-Hardened: ./usr/lib/jvm/java-11-openjdk-11.0.14.0.8-0.2.ea.el9.x86_64/bin/jdb: PASS: optimization test 
324-Hardened: ./usr/lib/jvm/java-11-openjdk-11.0.14.0.8-0.2.ea.el9.x86_64/bin/jdb: PASS: pic test 
325-Hardened: ./usr/lib/jvm/java-11-openjdk-11.0.14.0.8-0.2.ea.el9.x86_64/bin/jdb: PASS: stack-prot test 
326-Hardened: ./usr/lib/jvm/java-11-openjdk-11.0.14.0.8-0.2.ea.el9.x86_64/bin/jdb: PASS: writable-got test 
327-Hardened: ./usr/lib/jvm/java-11-openjdk-11.0.14.0.8-0.2.ea.el9.x86_64/bin/jdb: PASS: dynamic-segment test 
328-Hardened: ./usr/lib/jvm/java-11-openjdk-11.0.14.0.8-0.2.ea.el9.x86_64/bin/jdb: PASS: bind-now test 
329:Hardened: ./usr/lib/jvm/java-11-openjdk-11.0.14.0.8-0.2.ea.el9.x86_64/bin/jdb: FAIL: run-path test because the DT_RPATH/DT_RUNPATH dynamic tag has a path that contains '..' 
330-Hardened: ./usr/lib/jvm/java-11-openjdk-11.0.14.0.8-0.2.ea.el9.x86_64/bin/jdb: info: For more information visit: https://sourceware.org/annobin/annobin.html/Test-run-path.html
331-Size: jdb: .gnu.build.attributes: 0x21c
332-Hardened: ./usr/lib/jvm/java-11-openjdk-11.0.14.0.8-0.2.ea.el9.x86_64/bin/jdb: PASS: fortify test because fortify note found 
333-Hardened: ./usr/lib/jvm/java-11-openjdk-11.0.14.0.8-0.2.ea.el9.x86_64/bin/jdb: PASS: warnings test 
334-Hardened: ./usr/lib/jvm/java-11-openjdk-11.0.14.0.8-0.2.ea.el9.x86_64/bin/jdb: PASS: stack-clash test 
--
348-Hardened: ./usr/lib/jvm/java-11-openjdk-11.0.14.0.8-0.2.ea.el9.x86_64/bin/jdb: PASS: rwx-seg test 
349-Hardened: ./usr/lib/jvm/java-11-openjdk-11.0.14.0.8-0.2.ea.el9.x86_64/bin/jdb: PASS: short-enums test 
350-Hardened: ./usr/lib/jvm/java-11-openjdk-11.0.14.0.8-0.2.ea.el9.x86_64/bin/jdb: PASS: textrel test 
351-Hardened: ./usr/lib/jvm/java-11-openjdk-11.0.14.0.8-0.2.ea.el9.x86_64/bin/jdb: PASS: threads test 
352-Hardened: ./usr/lib/jvm/java-11-openjdk-11.0.14.0.8-0.2.ea.el9.x86_64/bin/jdb: PASS: unicode test 
353:Hardened: ./usr/lib/jvm/java-11-openjdk-11.0.14.0.8-0.2.ea.el9.x86_64/bin/jdb: Overall: FAIL.
354-Hardened: ./usr/lib/jvm/java-11-openjdk-11.0.14.0.8-0.2.ea.el9.x86_64/bin/jdeprscan: PASS: pie test 
355-Hardened: ./usr/lib/jvm/java-11-openjdk-11.0.14.0.8-0.2.ea.el9.x86_64/bin/jdeprscan: PASS: optimization test 
356-Hardened: ./usr/lib/jvm/java-11-openjdk-11.0.14.0.8-0.2.ea.el9.x86_64/bin/jdeprscan: PASS: pic test 
357-Hardened: ./usr/lib/jvm/java-11-openjdk-11.0.14.0.8-0.2.ea.el9.x86_64/bin/jdeprscan: PASS: stack-prot test 
358-Hardened: ./usr/lib/jvm/java-11-openjdk-11.0.14.0.8-0.2.ea.el9.x86_64/bin/jdeprscan: PASS: writable-got test 
359-Hardened: ./usr/lib/jvm/java-11-openjdk-11.0.14.0.8-0.2.ea.el9.x86_64/bin/jdeprscan: PASS: dynamic-segment test 
360-Hardened: ./usr/lib/jvm/java-11-openjdk-11.0.14.0.8-0.2.ea.el9.x86_64/bin/jdeprscan: PASS: bind-now test 
361:Hardened: ./usr/lib/jvm/java-11-openjdk-11.0.14.0.8-0.2.ea.el9.x86_64/bin/jdeprscan: FAIL: run-path test because the DT_RPATH/DT_RUNPATH dynamic tag has a path that contains '..' 
362-Hardened: ./usr/lib/jvm/java-11-openjdk-11.0.14.0.8-0.2.ea.el9.x86_64/bin/jdeprscan: info: For more information visit: https://sourceware.org/annobin/annobin.html/Test-run-path.html
363-Size: jdeprscan: .gnu.build.attributes: 0x21c
364-Hardened: ./usr/lib/jvm/java-11-openjdk-11.0.14.0.8-0.2.ea.el9.x86_64/bin/jdeprscan: PASS: fortify test because fortify note found 
365-Hardened: ./usr/lib/jvm/java-11-openjdk-11.0.14.0.8-0.2.ea.el9.x86_64/bin/jdeprscan: PASS: warnings test 
366-Hardened: ./usr/lib/jvm/java-11-openjdk-11.0.14.0.8-0.2.ea.el9.x86_64/bin/jdeprscan: PASS: stack-clash test 
--
380-Hardened: ./usr/lib/jvm/java-11-openjdk-11.0.14.0.8-0.2.ea.el9.x86_64/bin/jdeprscan: PASS: rwx-seg test 
381-Hardened: ./usr/lib/jvm/java-11-openjdk-11.0.14.0.8-0.2.ea.el9.x86_64/bin/jdeprscan: PASS: short-enums test 
382-Hardened: ./usr/lib/jvm/java-11-openjdk-11.0.14.0.8-0.2.ea.el9.x86_64/bin/jdeprscan: PASS: textrel test 
383-Hardened: ./usr/lib/jvm/java-11-openjdk-11.0.14.0.8-0.2.ea.el9.x86_64/bin/jdeprscan: PASS: threads test 
384-Hardened: ./usr/lib/jvm/java-11-openjdk-11.0.14.0.8-0.2.ea.el9.x86_64/bin/jdeprscan: PASS: unicode test 
385:Hardened: ./usr/lib/jvm/java-11-openjdk-11.0.14.0.8-0.2.ea.el9.x86_64/bin/jdeprscan: Overall: FAIL.
386-Hardened: ./usr/lib/jvm/java-11-openjdk-11.0.14.0.8-0.2.ea.el9.x86_64/bin/jdeps: PASS: pie test 
387-Hardened: ./usr/lib/jvm/java-11-openjdk-11.0.14.0.8-0.2.ea.el9.x86_64/bin/jdeps: PASS: optimization test 
388-Hardened: ./usr/lib/jvm/java-11-openjdk-11.0.14.0.8-0.2.ea.el9.x86_64/bin/jdeps: PASS: pic test 
389-Hardened: ./usr/lib/jvm/java-11-openjdk-11.0.14.0.8-0.2.ea.el9.x86_64/bin/jdeps: PASS: stack-prot test 
390-Hardened: ./usr/lib/jvm/java-11-openjdk-11.0.14.0.8-0.2.ea.el9.x86_64/bin/jdeps: PASS: writable-got test 
391-Hardened: ./usr/lib/jvm/java-11-openjdk-11.0.14.0.8-0.2.ea.el9.x86_64/bin/jdeps: PASS: dynamic-segment test 
392-Hardened: ./usr/lib/jvm/java-11-openjdk-11.0.14.0.8-0.2.ea.el9.x86_64/bin/jdeps: PASS: bind-now test 
393:Hardened: ./usr/lib/jvm/java-11-openjdk-11.0.14.0.8-0.2.ea.el9.x86_64/bin/jdeps: FAIL: run-path test because the DT_RPATH/DT_RUNPATH dynamic tag has a path that contains '..' 
394-Hardened: ./usr/lib/jvm/java-11-openjdk-11.0.14.0.8-0.2.ea.el9.x86_64/bin/jdeps: info: For more information visit: https://sourceware.org/annobin/annobin.html/Test-run-path.html
395-Size: jdeps: .gnu.build.attributes: 0x21c
396-Hardened: ./usr/lib/jvm/java-11-openjdk-11.0.14.0.8-0.2.ea.el9.x86_64/bin/jdeps: PASS: fortify test because fortify note found 
397-Hardened: ./usr/lib/jvm/java-11-openjdk-11.0.14.0.8-0.2.ea.el9.x86_64/bin/jdeps: PASS: warnings test 
398-Hardened: ./usr/lib/jvm/java-11-openjdk-11.0.14.0.8-0.2.ea.el9.x86_64/bin/jdeps: PASS: stack-clash test 
--
412-Hardened: ./usr/lib/jvm/java-11-openjdk-11.0.14.0.8-0.2.ea.el9.x86_64/bin/jdeps: PASS: rwx-seg test 
413-Hardened: ./usr/lib/jvm/java-11-openjdk-11.0.14.0.8-0.2.ea.el9.x86_64/bin/jdeps: PASS: short-enums test 
414-Hardened: ./usr/lib/jvm/java-11-openjdk-11.0.14.0.8-0.2.ea.el9.x86_64/bin/jdeps: PASS: textrel test 
415-Hardened: ./usr/lib/jvm/java-11-openjdk-11.0.14.0.8-0.2.ea.el9.x86_64/bin/jdeps: PASS: threads test 
416-Hardened: ./usr/lib/jvm/java-11-openjdk-11.0.14.0.8-0.2.ea.el9.x86_64/bin/jdeps: PASS: unicode test 
417:Hardened: ./usr/lib/jvm/java-11-openjdk-11.0.14.0.8-0.2.ea.el9.x86_64/bin/jdeps: Overall: FAIL.
418-Hardened: ./usr/lib/jvm/java-11-openjdk-11.0.14.0.8-0.2.ea.el9.x86_64/bin/jfr: PASS: pie test 
419-Hardened: ./usr/lib/jvm/java-11-openjdk-11.0.14.0.8-0.2.ea.el9.x86_64/bin/jfr: PASS: optimization test 
420-Hardened: ./usr/lib/jvm/java-11-openjdk-11.0.14.0.8-0.2.ea.el9.x86_64/bin/jfr: PASS: pic test 
421-Hardened: ./usr/lib/jvm/java-11-openjdk-11.0.14.0.8-0.2.ea.el9.x86_64/bin/jfr: PASS: stack-prot test 
422-Hardened: ./usr/lib/jvm/java-11-openjdk-11.0.14.0.8-0.2.ea.el9.x86_64/bin/jfr: PASS: writable-got test 
423-Hardened: ./usr/lib/jvm/java-11-openjdk-11.0.14.0.8-0.2.ea.el9.x86_64/bin/jfr: PASS: dynamic-segment test 
424-Hardened: ./usr/lib/jvm/java-11-openjdk-11.0.14.0.8-0.2.ea.el9.x86_64/bin/jfr: PASS: bind-now test 
425:Hardened: ./usr/lib/jvm/java-11-openjdk-11.0.14.0.8-0.2.ea.el9.x86_64/bin/jfr: FAIL: run-path test because the DT_RPATH/DT_RUNPATH dynamic tag has a path that contains '..' 
426-Hardened: ./usr/lib/jvm/java-11-openjdk-11.0.14.0.8-0.2.ea.el9.x86_64/bin/jfr: info: For more information visit: https://sourceware.org/annobin/annobin.html/Test-run-path.html
427-Size: jfr: .gnu.build.attributes: 0x21c
428-Hardened: ./usr/lib/jvm/java-11-openjdk-11.0.14.0.8-0.2.ea.el9.x86_64/bin/jfr: PASS: fortify test because fortify note found 
429-Hardened: ./usr/lib/jvm/java-11-openjdk-11.0.14.0.8-0.2.ea.el9.x86_64/bin/jfr: PASS: warnings test 
430-Hardened: ./usr/lib/jvm/java-11-openjdk-11.0.14.0.8-0.2.ea.el9.x86_64/bin/jfr: PASS: stack-clash test 
--
444-Hardened: ./usr/lib/jvm/java-11-openjdk-11.0.14.0.8-0.2.ea.el9.x86_64/bin/jfr: PASS: rwx-seg test 
445-Hardened: ./usr/lib/jvm/java-11-openjdk-11.0.14.0.8-0.2.ea.el9.x86_64/bin/jfr: PASS: short-enums test 
446-Hardened: ./usr/lib/jvm/java-11-openjdk-11.0.14.0.8-0.2.ea.el9.x86_64/bin/jfr: PASS: textrel test 
447-Hardened: ./usr/lib/jvm/java-11-openjdk-11.0.14.0.8-0.2.ea.el9.x86_64/bin/jfr: PASS: threads test 
448-Hardened: ./usr/lib/jvm/java-11-openjdk-11.0.14.0.8-0.2.ea.el9.x86_64/bin/jfr: PASS: unicode test 
449:Hardened: ./usr/lib/jvm/java-11-openjdk-11.0.14.0.8-0.2.ea.el9.x86_64/bin/jfr: Overall: FAIL.
450-Hardened: ./usr/lib/jvm/java-11-openjdk-11.0.14.0.8-0.2.ea.el9.x86_64/bin/jhsdb: PASS: pie test 
451-Hardened: ./usr/lib/jvm/java-11-openjdk-11.0.14.0.8-0.2.ea.el9.x86_64/bin/jhsdb: PASS: optimization test 
452-Hardened: ./usr/lib/jvm/java-11-openjdk-11.0.14.0.8-0.2.ea.el9.x86_64/bin/jhsdb: PASS: pic test 
453-Hardened: ./usr/lib/jvm/java-11-openjdk-11.0.14.0.8-0.2.ea.el9.x86_64/bin/jhsdb: PASS: stack-prot test 
454-Hardened: ./usr/lib/jvm/java-11-openjdk-11.0.14.0.8-0.2.ea.el9.x86_64/bin/jhsdb: PASS: writable-got test 
455-Hardened: ./usr/lib/jvm/java-11-openjdk-11.0.14.0.8-0.2.ea.el9.x86_64/bin/jhsdb: PASS: dynamic-segment test 
456-Hardened: ./usr/lib/jvm/java-11-openjdk-11.0.14.0.8-0.2.ea.el9.x86_64/bin/jhsdb: PASS: bind-now test 
457:Hardened: ./usr/lib/jvm/java-11-openjdk-11.0.14.0.8-0.2.ea.el9.x86_64/bin/jhsdb: FAIL: run-path test because the DT_RPATH/DT_RUNPATH dynamic tag has a path that contains '..' 
458-Hardened: ./usr/lib/jvm/java-11-openjdk-11.0.14.0.8-0.2.ea.el9.x86_64/bin/jhsdb: info: For more information visit: https://sourceware.org/annobin/annobin.html/Test-run-path.html
459-Size: jhsdb: .gnu.build.attributes: 0x21c
460-Hardened: ./usr/lib/jvm/java-11-openjdk-11.0.14.0.8-0.2.ea.el9.x86_64/bin/jhsdb: PASS: fortify test because fortify note found 
461-Hardened: ./usr/lib/jvm/java-11-openjdk-11.0.14.0.8-0.2.ea.el9.x86_64/bin/jhsdb: PASS: warnings test 
462-Hardened: ./usr/lib/jvm/java-11-openjdk-11.0.14.0.8-0.2.ea.el9.x86_64/bin/jhsdb: PASS: stack-clash test 
--
476-Hardened: ./usr/lib/jvm/java-11-openjdk-11.0.14.0.8-0.2.ea.el9.x86_64/bin/jhsdb: PASS: rwx-seg test 
477-Hardened: ./usr/lib/jvm/java-11-openjdk-11.0.14.0.8-0.2.ea.el9.x86_64/bin/jhsdb: PASS: short-enums test 
478-Hardened: ./usr/lib/jvm/java-11-openjdk-11.0.14.0.8-0.2.ea.el9.x86_64/bin/jhsdb: PASS: textrel test 
479-Hardened: ./usr/lib/jvm/java-11-openjdk-11.0.14.0.8-0.2.ea.el9.x86_64/bin/jhsdb: PASS: threads test 
480-Hardened: ./usr/lib/jvm/java-11-openjdk-11.0.14.0.8-0.2.ea.el9.x86_64/bin/jhsdb: PASS: unicode test 
481:Hardened: ./usr/lib/jvm/java-11-openjdk-11.0.14.0.8-0.2.ea.el9.x86_64/bin/jhsdb: Overall: FAIL.
482-Hardened: ./usr/lib/jvm/java-11-openjdk-11.0.14.0.8-0.2.ea.el9.x86_64/bin/jimage: PASS: pie test 
483-Hardened: ./usr/lib/jvm/java-11-openjdk-11.0.14.0.8-0.2.ea.el9.x86_64/bin/jimage: PASS: optimization test 
484-Hardened: ./usr/lib/jvm/java-11-openjdk-11.0.14.0.8-0.2.ea.el9.x86_64/bin/jimage: PASS: pic test 
485-Hardened: ./usr/lib/jvm/java-11-openjdk-11.0.14.0.8-0.2.ea.el9.x86_64/bin/jimage: PASS: stack-prot test 
486-Hardened: ./usr/lib/jvm/java-11-openjdk-11.0.14.0.8-0.2.ea.el9.x86_64/bin/jimage: PASS: writable-got test 
487-Hardened: ./usr/lib/jvm/java-11-openjdk-11.0.14.0.8-0.2.ea.el9.x86_64/bin/jimage: PASS: dynamic-segment test 
488-Hardened: ./usr/lib/jvm/java-11-openjdk-11.0.14.0.8-0.2.ea.el9.x86_64/bin/jimage: PASS: bind-now test 
489:Hardened: ./usr/lib/jvm/java-11-openjdk-11.0.14.0.8-0.2.ea.el9.x86_64/bin/jimage: FAIL: run-path test because the DT_RPATH/DT_RUNPATH dynamic tag has a path that contains '..' 
490-Hardened: ./usr/lib/jvm/java-11-openjdk-11.0.14.0.8-0.2.ea.el9.x86_64/bin/jimage: info: For more information visit: https://sourceware.org/annobin/annobin.html/Test-run-path.html
491-Size: jimage: .gnu.build.attributes: 0x21c
492-Hardened: ./usr/lib/jvm/java-11-openjdk-11.0.14.0.8-0.2.ea.el9.x86_64/bin/jimage: PASS: fortify test because fortify note found 
493-Hardened: ./usr/lib/jvm/java-11-openjdk-11.0.14.0.8-0.2.ea.el9.x86_64/bin/jimage: PASS: warnings test 
494-Hardened: ./usr/lib/jvm/java-11-openjdk-11.0.14.0.8-0.2.ea.el9.x86_64/bin/jimage: PASS: stack-clash test 
--
508-Hardened: ./usr/lib/jvm/java-11-openjdk-11.0.14.0.8-0.2.ea.el9.x86_64/bin/jimage: PASS: rwx-seg test 
509-Hardened: ./usr/lib/jvm/java-11-openjdk-11.0.14.0.8-0.2.ea.el9.x86_64/bin/jimage: PASS: short-enums test 
510-Hardened: ./usr/lib/jvm/java-11-openjdk-11.0.14.0.8-0.2.ea.el9.x86_64/bin/jimage: PASS: textrel test 
511-Hardened: ./usr/lib/jvm/java-11-openjdk-11.0.14.0.8-0.2.ea.el9.x86_64/bin/jimage: PASS: threads test 
512-Hardened: ./usr/lib/jvm/java-11-openjdk-11.0.14.0.8-0.2.ea.el9.x86_64/bin/jimage: PASS: unicode test 
513:Hardened: ./usr/lib/jvm/java-11-openjdk-11.0.14.0.8-0.2.ea.el9.x86_64/bin/jimage: Overall: FAIL.
514-Hardened: ./usr/lib/jvm/java-11-openjdk-11.0.14.0.8-0.2.ea.el9.x86_64/bin/jinfo: PASS: pie test 
515-Hardened: ./usr/lib/jvm/java-11-openjdk-11.0.14.0.8-0.2.ea.el9.x86_64/bin/jinfo: PASS: optimization test 
516-Hardened: ./usr/lib/jvm/java-11-openjdk-11.0.14.0.8-0.2.ea.el9.x86_64/bin/jinfo: PASS: pic test 
517-Hardened: ./usr/lib/jvm/java-11-openjdk-11.0.14.0.8-0.2.ea.el9.x86_64/bin/jinfo: PASS: stack-prot test 
518-Hardened: ./usr/lib/jvm/java-11-openjdk-11.0.14.0.8-0.2.ea.el9.x86_64/bin/jinfo: PASS: writable-got test 
519-Hardened: ./usr/lib/jvm/java-11-openjdk-11.0.14.0.8-0.2.ea.el9.x86_64/bin/jinfo: PASS: dynamic-segment test 
520-Hardened: ./usr/lib/jvm/java-11-openjdk-11.0.14.0.8-0.2.ea.el9.x86_64/bin/jinfo: PASS: bind-now test 
521:Hardened: ./usr/lib/jvm/java-11-openjdk-11.0.14.0.8-0.2.ea.el9.x86_64/bin/jinfo: FAIL: run-path test because the DT_RPATH/DT_RUNPATH dynamic tag has a path that contains '..' 
522-Hardened: ./usr/lib/jvm/java-11-openjdk-11.0.14.0.8-0.2.ea.el9.x86_64/bin/jinfo: info: For more information visit: https://sourceware.org/annobin/annobin.html/Test-run-path.html
523-Size: jinfo: .gnu.build.attributes: 0x21c
524-Hardened: ./usr/lib/jvm/java-11-openjdk-11.0.14.0.8-0.2.ea.el9.x86_64/bin/jinfo: PASS: fortify test because fortify note found 
525-Hardened: ./usr/lib/jvm/java-11-openjdk-11.0.14.0.8-0.2.ea.el9.x86_64/bin/jinfo: PASS: warnings test 
526-Hardened: ./usr/lib/jvm/java-11-openjdk-11.0.14.0.8-0.2.ea.el9.x86_64/bin/jinfo: PASS: stack-clash test 
--
540-Hardened: ./usr/lib/jvm/java-11-openjdk-11.0.14.0.8-0.2.ea.el9.x86_64/bin/jinfo: PASS: rwx-seg test 
541-Hardened: ./usr/lib/jvm/java-11-openjdk-11.0.14.0.8-0.2.ea.el9.x86_64/bin/jinfo: PASS: short-enums test 
542-Hardened: ./usr/lib/jvm/java-11-openjdk-11.0.14.0.8-0.2.ea.el9.x86_64/bin/jinfo: PASS: textrel test 
543-Hardened: ./usr/lib/jvm/java-11-openjdk-11.0.14.0.8-0.2.ea.el9.x86_64/bin/jinfo: PASS: threads test 
544-Hardened: ./usr/lib/jvm/java-11-openjdk-11.0.14.0.8-0.2.ea.el9.x86_64/bin/jinfo: PASS: unicode test 
545:Hardened: ./usr/lib/jvm/java-11-openjdk-11.0.14.0.8-0.2.ea.el9.x86_64/bin/jinfo: Overall: FAIL.
546-Hardened: ./usr/lib/jvm/java-11-openjdk-11.0.14.0.8-0.2.ea.el9.x86_64/bin/jlink: PASS: pie test 
547-Hardened: ./usr/lib/jvm/java-11-openjdk-11.0.14.0.8-0.2.ea.el9.x86_64/bin/jlink: PASS: optimization test 
548-Hardened: ./usr/lib/jvm/java-11-openjdk-11.0.14.0.8-0.2.ea.el9.x86_64/bin/jlink: PASS: pic test 
549-Hardened: ./usr/lib/jvm/java-11-openjdk-11.0.14.0.8-0.2.ea.el9.x86_64/bin/jlink: PASS: stack-prot test 
550-Hardened: ./usr/lib/jvm/java-11-openjdk-11.0.14.0.8-0.2.ea.el9.x86_64/bin/jlink: PASS: writable-got test 
551-Hardened: ./usr/lib/jvm/java-11-openjdk-11.0.14.0.8-0.2.ea.el9.x86_64/bin/jlink: PASS: dynamic-segment test 
552-Hardened: ./usr/lib/jvm/java-11-openjdk-11.0.14.0.8-0.2.ea.el9.x86_64/bin/jlink: PASS: bind-now test 
553:Hardened: ./usr/lib/jvm/java-11-openjdk-11.0.14.0.8-0.2.ea.el9.x86_64/bin/jlink: FAIL: run-path test because the DT_RPATH/DT_RUNPATH dynamic tag has a path that contains '..' 
554-Hardened: ./usr/lib/jvm/java-11-openjdk-11.0.14.0.8-0.2.ea.el9.x86_64/bin/jlink: info: For more information visit: https://sourceware.org/annobin/annobin.html/Test-run-path.html
555-Size: jlink: .gnu.build.attributes: 0x21c
556-Hardened: ./usr/lib/jvm/java-11-openjdk-11.0.14.0.8-0.2.ea.el9.x86_64/bin/jlink: PASS: fortify test because fortify note found 
557-Hardened: ./usr/lib/jvm/java-11-openjdk-11.0.14.0.8-0.2.ea.el9.x86_64/bin/jlink: PASS: warnings test 
558-Hardened: ./usr/lib/jvm/java-11-openjdk-11.0.14.0.8-0.2.ea.el9.x86_64/bin/jlink: PASS: stack-clash test 
--
572-Hardened: ./usr/lib/jvm/java-11-openjdk-11.0.14.0.8-0.2.ea.el9.x86_64/bin/jlink: PASS: rwx-seg test 
573-Hardened: ./usr/lib/jvm/java-11-openjdk-11.0.14.0.8-0.2.ea.el9.x86_64/bin/jlink: PASS: short-enums test 
574-Hardened: ./usr/lib/jvm/java-11-openjdk-11.0.14.0.8-0.2.ea.el9.x86_64/bin/jlink: PASS: textrel test 
575-Hardened: ./usr/lib/jvm/java-11-openjdk-11.0.14.0.8-0.2.ea.el9.x86_64/bin/jlink: PASS: threads test 
576-Hardened: ./usr/lib/jvm/java-11-openjdk-11.0.14.0.8-0.2.ea.el9.x86_64/bin/jlink: PASS: unicode test 
577:Hardened: ./usr/lib/jvm/java-11-openjdk-11.0.14.0.8-0.2.ea.el9.x86_64/bin/jlink: Overall: FAIL.
578-Hardened: ./usr/lib/jvm/java-11-openjdk-11.0.14.0.8-0.2.ea.el9.x86_64/bin/jmap: PASS: pie test 
579-Hardened: ./usr/lib/jvm/java-11-openjdk-11.0.14.0.8-0.2.ea.el9.x86_64/bin/jmap: PASS: optimization test 
580-Hardened: ./usr/lib/jvm/java-11-openjdk-11.0.14.0.8-0.2.ea.el9.x86_64/bin/jmap: PASS: pic test 
581-Hardened: ./usr/lib/jvm/java-11-openjdk-11.0.14.0.8-0.2.ea.el9.x86_64/bin/jmap: PASS: stack-prot test 
582-Hardened: ./usr/lib/jvm/java-11-openjdk-11.0.14.0.8-0.2.ea.el9.x86_64/bin/jmap: PASS: writable-got test 
583-Hardened: ./usr/lib/jvm/java-11-openjdk-11.0.14.0.8-0.2.ea.el9.x86_64/bin/jmap: PASS: dynamic-segment test 
584-Hardened: ./usr/lib/jvm/java-11-openjdk-11.0.14.0.8-0.2.ea.el9.x86_64/bin/jmap: PASS: bind-now test 
585:Hardened: ./usr/lib/jvm/java-11-openjdk-11.0.14.0.8-0.2.ea.el9.x86_64/bin/jmap: FAIL: run-path test because the DT_RPATH/DT_RUNPATH dynamic tag has a path that contains '..' 
586-Hardened: ./usr/lib/jvm/java-11-openjdk-11.0.14.0.8-0.2.ea.el9.x86_64/bin/jmap: info: For more information visit: https://sourceware.org/annobin/annobin.html/Test-run-path.html
587-Size: jmap: .gnu.build.attributes: 0x21c
588-Hardened: ./usr/lib/jvm/java-11-openjdk-11.0.14.0.8-0.2.ea.el9.x86_64/bin/jmap: PASS: fortify test because fortify note found 
589-Hardened: ./usr/lib/jvm/java-11-openjdk-11.0.14.0.8-0.2.ea.el9.x86_64/bin/jmap: PASS: warnings test 
590-Hardened: ./usr/lib/jvm/java-11-openjdk-11.0.14.0.8-0.2.ea.el9.x86_64/bin/jmap: PASS: stack-clash test 
--
604-Hardened: ./usr/lib/jvm/java-11-openjdk-11.0.14.0.8-0.2.ea.el9.x86_64/bin/jmap: PASS: rwx-seg test 
605-Hardened: ./usr/lib/jvm/java-11-openjdk-11.0.14.0.8-0.2.ea.el9.x86_64/bin/jmap: PASS: short-enums test 
606-Hardened: ./usr/lib/jvm/java-11-openjdk-11.0.14.0.8-0.2.ea.el9.x86_64/bin/jmap: PASS: textrel test 
607-Hardened: ./usr/lib/jvm/java-11-openjdk-11.0.14.0.8-0.2.ea.el9.x86_64/bin/jmap: PASS: threads test 
608-Hardened: ./usr/lib/jvm/java-11-openjdk-11.0.14.0.8-0.2.ea.el9.x86_64/bin/jmap: PASS: unicode test 
609:Hardened: ./usr/lib/jvm/java-11-openjdk-11.0.14.0.8-0.2.ea.el9.x86_64/bin/jmap: Overall: FAIL.
610-Hardened: ./usr/lib/jvm/java-11-openjdk-11.0.14.0.8-0.2.ea.el9.x86_64/bin/jmod: PASS: pie test 
611-Hardened: ./usr/lib/jvm/java-11-openjdk-11.0.14.0.8-0.2.ea.el9.x86_64/bin/jmod: PASS: optimization test 
612-Hardened: ./usr/lib/jvm/java-11-openjdk-11.0.14.0.8-0.2.ea.el9.x86_64/bin/jmod: PASS: pic test 
613-Hardened: ./usr/lib/jvm/java-11-openjdk-11.0.14.0.8-0.2.ea.el9.x86_64/bin/jmod: PASS: stack-prot test 
614-Hardened: ./usr/lib/jvm/java-11-openjdk-11.0.14.0.8-0.2.ea.el9.x86_64/bin/jmod: PASS: writable-got test 
615-Hardened: ./usr/lib/jvm/java-11-openjdk-11.0.14.0.8-0.2.ea.el9.x86_64/bin/jmod: PASS: dynamic-segment test 
616-Hardened: ./usr/lib/jvm/java-11-openjdk-11.0.14.0.8-0.2.ea.el9.x86_64/bin/jmod: PASS: bind-now test 
617:Hardened: ./usr/lib/jvm/java-11-openjdk-11.0.14.0.8-0.2.ea.el9.x86_64/bin/jmod: FAIL: run-path test because the DT_RPATH/DT_RUNPATH dynamic tag has a path that contains '..' 
618-Hardened: ./usr/lib/jvm/java-11-openjdk-11.0.14.0.8-0.2.ea.el9.x86_64/bin/jmod: info: For more information visit: https://sourceware.org/annobin/annobin.html/Test-run-path.html
619-Size: jmod: .gnu.build.attributes: 0x21c
620-Hardened: ./usr/lib/jvm/java-11-openjdk-11.0.14.0.8-0.2.ea.el9.x86_64/bin/jmod: PASS: fortify test because fortify note found 
621-Hardened: ./usr/lib/jvm/java-11-openjdk-11.0.14.0.8-0.2.ea.el9.x86_64/bin/jmod: PASS: warnings test 
622-Hardened: ./usr/lib/jvm/java-11-openjdk-11.0.14.0.8-0.2.ea.el9.x86_64/bin/jmod: PASS: stack-clash test 
--
636-Hardened: ./usr/lib/jvm/java-11-openjdk-11.0.14.0.8-0.2.ea.el9.x86_64/bin/jmod: PASS: rwx-seg test 
637-Hardened: ./usr/lib/jvm/java-11-openjdk-11.0.14.0.8-0.2.ea.el9.x86_64/bin/jmod: PASS: short-enums test 
638-Hardened: ./usr/lib/jvm/java-11-openjdk-11.0.14.0.8-0.2.ea.el9.x86_64/bin/jmod: PASS: textrel test 
639-Hardened: ./usr/lib/jvm/java-11-openjdk-11.0.14.0.8-0.2.ea.el9.x86_64/bin/jmod: PASS: threads test 
640-Hardened: ./usr/lib/jvm/java-11-openjdk-11.0.14.0.8-0.2.ea.el9.x86_64/bin/jmod: PASS: unicode test 
641:Hardened: ./usr/lib/jvm/java-11-openjdk-11.0.14.0.8-0.2.ea.el9.x86_64/bin/jmod: Overall: FAIL.
642-Hardened: ./usr/lib/jvm/java-11-openjdk-11.0.14.0.8-0.2.ea.el9.x86_64/bin/jps: PASS: pie test 
643-Hardened: ./usr/lib/jvm/java-11-openjdk-11.0.14.0.8-0.2.ea.el9.x86_64/bin/jps: PASS: optimization test 
644-Hardened: ./usr/lib/jvm/java-11-openjdk-11.0.14.0.8-0.2.ea.el9.x86_64/bin/jps: PASS: pic test 
645-Hardened: ./usr/lib/jvm/java-11-openjdk-11.0.14.0.8-0.2.ea.el9.x86_64/bin/jps: PASS: stack-prot test 
646-Hardened: ./usr/lib/jvm/java-11-openjdk-11.0.14.0.8-0.2.ea.el9.x86_64/bin/jps: PASS: writable-got test 
647-Hardened: ./usr/lib/jvm/java-11-openjdk-11.0.14.0.8-0.2.ea.el9.x86_64/bin/jps: PASS: dynamic-segment test 
648-Hardened: ./usr/lib/jvm/java-11-openjdk-11.0.14.0.8-0.2.ea.el9.x86_64/bin/jps: PASS: bind-now test 
649:Hardened: ./usr/lib/jvm/java-11-openjdk-11.0.14.0.8-0.2.ea.el9.x86_64/bin/jps: FAIL: run-path test because the DT_RPATH/DT_RUNPATH dynamic tag has a path that contains '..' 
650-Hardened: ./usr/lib/jvm/java-11-openjdk-11.0.14.0.8-0.2.ea.el9.x86_64/bin/jps: info: For more information visit: https://sourceware.org/annobin/annobin.html/Test-run-path.html
651-Size: jps: .gnu.build.attributes: 0x21c
652-Hardened: ./usr/lib/jvm/java-11-openjdk-11.0.14.0.8-0.2.ea.el9.x86_64/bin/jps: PASS: fortify test because fortify note found 
653-Hardened: ./usr/lib/jvm/java-11-openjdk-11.0.14.0.8-0.2.ea.el9.x86_64/bin/jps: PASS: warnings test 
654-Hardened: ./usr/lib/jvm/java-11-openjdk-11.0.14.0.8-0.2.ea.el9.x86_64/bin/jps: PASS: stack-clash test 
--
668-Hardened: ./usr/lib/jvm/java-11-openjdk-11.0.14.0.8-0.2.ea.el9.x86_64/bin/jps: PASS: rwx-seg test 
669-Hardened: ./usr/lib/jvm/java-11-openjdk-11.0.14.0.8-0.2.ea.el9.x86_64/bin/jps: PASS: short-enums test 
670-Hardened: ./usr/lib/jvm/java-11-openjdk-11.0.14.0.8-0.2.ea.el9.x86_64/bin/jps: PASS: textrel test 
671-Hardened: ./usr/lib/jvm/java-11-openjdk-11.0.14.0.8-0.2.ea.el9.x86_64/bin/jps: PASS: threads test 
672-Hardened: ./usr/lib/jvm/java-11-openjdk-11.0.14.0.8-0.2.ea.el9.x86_64/bin/jps: PASS: unicode test 
673:Hardened: ./usr/lib/jvm/java-11-openjdk-11.0.14.0.8-0.2.ea.el9.x86_64/bin/jps: Overall: FAIL.
674-Hardened: ./usr/lib/jvm/java-11-openjdk-11.0.14.0.8-0.2.ea.el9.x86_64/bin/jrunscript: PASS: pie test 
675-Hardened: ./usr/lib/jvm/java-11-openjdk-11.0.14.0.8-0.2.ea.el9.x86_64/bin/jrunscript: PASS: optimization test 
676-Hardened: ./usr/lib/jvm/java-11-openjdk-11.0.14.0.8-0.2.ea.el9.x86_64/bin/jrunscript: PASS: pic test 
677-Hardened: ./usr/lib/jvm/java-11-openjdk-11.0.14.0.8-0.2.ea.el9.x86_64/bin/jrunscript: PASS: stack-prot test 
678-Hardened: ./usr/lib/jvm/java-11-openjdk-11.0.14.0.8-0.2.ea.el9.x86_64/bin/jrunscript: PASS: writable-got test 
679-Hardened: ./usr/lib/jvm/java-11-openjdk-11.0.14.0.8-0.2.ea.el9.x86_64/bin/jrunscript: PASS: dynamic-segment test 
680-Hardened: ./usr/lib/jvm/java-11-openjdk-11.0.14.0.8-0.2.ea.el9.x86_64/bin/jrunscript: PASS: bind-now test 
681:Hardened: ./usr/lib/jvm/java-11-openjdk-11.0.14.0.8-0.2.ea.el9.x86_64/bin/jrunscript: FAIL: run-path test because the DT_RPATH/DT_RUNPATH dynamic tag has a path that contains '..' 
682-Hardened: ./usr/lib/jvm/java-11-openjdk-11.0.14.0.8-0.2.ea.el9.x86_64/bin/jrunscript: info: For more information visit: https://sourceware.org/annobin/annobin.html/Test-run-path.html
683-Size: jrunscript: .gnu.build.attributes: 0x21c
684-Hardened: ./usr/lib/jvm/java-11-openjdk-11.0.14.0.8-0.2.ea.el9.x86_64/bin/jrunscript: PASS: fortify test because fortify note found 
685-Hardened: ./usr/lib/jvm/java-11-openjdk-11.0.14.0.8-0.2.ea.el9.x86_64/bin/jrunscript: PASS: warnings test 
686-Hardened: ./usr/lib/jvm/java-11-openjdk-11.0.14.0.8-0.2.ea.el9.x86_64/bin/jrunscript: PASS: stack-clash test 
--
700-Hardened: ./usr/lib/jvm/java-11-openjdk-11.0.14.0.8-0.2.ea.el9.x86_64/bin/jrunscript: PASS: rwx-seg test 
701-Hardened: ./usr/lib/jvm/java-11-openjdk-11.0.14.0.8-0.2.ea.el9.x86_64/bin/jrunscript: PASS: short-enums test 
702-Hardened: ./usr/lib/jvm/java-11-openjdk-11.0.14.0.8-0.2.ea.el9.x86_64/bin/jrunscript: PASS: textrel test 
703-Hardened: ./usr/lib/jvm/java-11-openjdk-11.0.14.0.8-0.2.ea.el9.x86_64/bin/jrunscript: PASS: threads test 
704-Hardened: ./usr/lib/jvm/java-11-openjdk-11.0.14.0.8-0.2.ea.el9.x86_64/bin/jrunscript: PASS: unicode test 
705:Hardened: ./usr/lib/jvm/java-11-openjdk-11.0.14.0.8-0.2.ea.el9.x86_64/bin/jrunscript: Overall: FAIL.
706-Hardened: ./usr/lib/jvm/java-11-openjdk-11.0.14.0.8-0.2.ea.el9.x86_64/bin/jshell: PASS: pie test 
707-Hardened: ./usr/lib/jvm/java-11-openjdk-11.0.14.0.8-0.2.ea.el9.x86_64/bin/jshell: PASS: optimization test 
708-Hardened: ./usr/lib/jvm/java-11-openjdk-11.0.14.0.8-0.2.ea.el9.x86_64/bin/jshell: PASS: pic test 
709-Hardened: ./usr/lib/jvm/java-11-openjdk-11.0.14.0.8-0.2.ea.el9.x86_64/bin/jshell: PASS: stack-prot test 
710-Hardened: ./usr/lib/jvm/java-11-openjdk-11.0.14.0.8-0.2.ea.el9.x86_64/bin/jshell: PASS: writable-got test 
711-Hardened: ./usr/lib/jvm/java-11-openjdk-11.0.14.0.8-0.2.ea.el9.x86_64/bin/jshell: PASS: dynamic-segment test 
712-Hardened: ./usr/lib/jvm/java-11-openjdk-11.0.14.0.8-0.2.ea.el9.x86_64/bin/jshell: PASS: bind-now test 
713:Hardened: ./usr/lib/jvm/java-11-openjdk-11.0.14.0.8-0.2.ea.el9.x86_64/bin/jshell: FAIL: run-path test because the DT_RPATH/DT_RUNPATH dynamic tag has a path that contains '..' 
714-Hardened: ./usr/lib/jvm/java-11-openjdk-11.0.14.0.8-0.2.ea.el9.x86_64/bin/jshell: info: For more information visit: https://sourceware.org/annobin/annobin.html/Test-run-path.html
715-Size: jshell: .gnu.build.attributes: 0x21c
716-Hardened: ./usr/lib/jvm/java-11-openjdk-11.0.14.0.8-0.2.ea.el9.x86_64/bin/jshell: PASS: fortify test because fortify note found 
717-Hardened: ./usr/lib/jvm/java-11-openjdk-11.0.14.0.8-0.2.ea.el9.x86_64/bin/jshell: PASS: warnings test 
718-Hardened: ./usr/lib/jvm/java-11-openjdk-11.0.14.0.8-0.2.ea.el9.x86_64/bin/jshell: PASS: stack-clash test 
--
732-Hardened: ./usr/lib/jvm/java-11-openjdk-11.0.14.0.8-0.2.ea.el9.x86_64/bin/jshell: PASS: rwx-seg test 
733-Hardened: ./usr/lib/jvm/java-11-openjdk-11.0.14.0.8-0.2.ea.el9.x86_64/bin/jshell: PASS: short-enums test 
734-Hardened: ./usr/lib/jvm/java-11-openjdk-11.0.14.0.8-0.2.ea.el9.x86_64/bin/jshell: PASS: textrel test 
735-Hardened: ./usr/lib/jvm/java-11-openjdk-11.0.14.0.8-0.2.ea.el9.x86_64/bin/jshell: PASS: threads test 
736-Hardened: ./usr/lib/jvm/java-11-openjdk-11.0.14.0.8-0.2.ea.el9.x86_64/bin/jshell: PASS: unicode test 
737:Hardened: ./usr/lib/jvm/java-11-openjdk-11.0.14.0.8-0.2.ea.el9.x86_64/bin/jshell: Overall: FAIL.
738-Hardened: ./usr/lib/jvm/java-11-openjdk-11.0.14.0.8-0.2.ea.el9.x86_64/bin/jstack: PASS: pie test 
739-Hardened: ./usr/lib/jvm/java-11-openjdk-11.0.14.0.8-0.2.ea.el9.x86_64/bin/jstack: PASS: optimization test 
740-Hardened: ./usr/lib/jvm/java-11-openjdk-11.0.14.0.8-0.2.ea.el9.x86_64/bin/jstack: PASS: pic test 
741-Hardened: ./usr/lib/jvm/java-11-openjdk-11.0.14.0.8-0.2.ea.el9.x86_64/bin/jstack: PASS: stack-prot test 
742-Hardened: ./usr/lib/jvm/java-11-openjdk-11.0.14.0.8-0.2.ea.el9.x86_64/bin/jstack: PASS: writable-got test 
743-Hardened: ./usr/lib/jvm/java-11-openjdk-11.0.14.0.8-0.2.ea.el9.x86_64/bin/jstack: PASS: dynamic-segment test 
744-Hardened: ./usr/lib/jvm/java-11-openjdk-11.0.14.0.8-0.2.ea.el9.x86_64/bin/jstack: PASS: bind-now test 
745:Hardened: ./usr/lib/jvm/java-11-openjdk-11.0.14.0.8-0.2.ea.el9.x86_64/bin/jstack: FAIL: run-path test because the DT_RPATH/DT_RUNPATH dynamic tag has a path that contains '..' 
746-Hardened: ./usr/lib/jvm/java-11-openjdk-11.0.14.0.8-0.2.ea.el9.x86_64/bin/jstack: info: For more information visit: https://sourceware.org/annobin/annobin.html/Test-run-path.html
747-Size: jstack: .gnu.build.attributes: 0x21c
748-Hardened: ./usr/lib/jvm/java-11-openjdk-11.0.14.0.8-0.2.ea.el9.x86_64/bin/jstack: PASS: fortify test because fortify note found 
749-Hardened: ./usr/lib/jvm/java-11-openjdk-11.0.14.0.8-0.2.ea.el9.x86_64/bin/jstack: PASS: warnings test 
750-Hardened: ./usr/lib/jvm/java-11-openjdk-11.0.14.0.8-0.2.ea.el9.x86_64/bin/jstack: PASS: stack-clash test 
--
764-Hardened: ./usr/lib/jvm/java-11-openjdk-11.0.14.0.8-0.2.ea.el9.x86_64/bin/jstack: PASS: rwx-seg test 
765-Hardened: ./usr/lib/jvm/java-11-openjdk-11.0.14.0.8-0.2.ea.el9.x86_64/bin/jstack: PASS: short-enums test 
766-Hardened: ./usr/lib/jvm/java-11-openjdk-11.0.14.0.8-0.2.ea.el9.x86_64/bin/jstack: PASS: textrel test 
767-Hardened: ./usr/lib/jvm/java-11-openjdk-11.0.14.0.8-0.2.ea.el9.x86_64/bin/jstack: PASS: threads test 
768-Hardened: ./usr/lib/jvm/java-11-openjdk-11.0.14.0.8-0.2.ea.el9.x86_64/bin/jstack: PASS: unicode test 
769:Hardened: ./usr/lib/jvm/java-11-openjdk-11.0.14.0.8-0.2.ea.el9.x86_64/bin/jstack: Overall: FAIL.
770-Hardened: ./usr/lib/jvm/java-11-openjdk-11.0.14.0.8-0.2.ea.el9.x86_64/bin/jstat: PASS: pie test 
771-Hardened: ./usr/lib/jvm/java-11-openjdk-11.0.14.0.8-0.2.ea.el9.x86_64/bin/jstat: PASS: optimization test 
772-Hardened: ./usr/lib/jvm/java-11-openjdk-11.0.14.0.8-0.2.ea.el9.x86_64/bin/jstat: PASS: pic test 
773-Hardened: ./usr/lib/jvm/java-11-openjdk-11.0.14.0.8-0.2.ea.el9.x86_64/bin/jstat: PASS: stack-prot test 
774-Hardened: ./usr/lib/jvm/java-11-openjdk-11.0.14.0.8-0.2.ea.el9.x86_64/bin/jstat: PASS: writable-got test 
775-Hardened: ./usr/lib/jvm/java-11-openjdk-11.0.14.0.8-0.2.ea.el9.x86_64/bin/jstat: PASS: dynamic-segment test 
776-Hardened: ./usr/lib/jvm/java-11-openjdk-11.0.14.0.8-0.2.ea.el9.x86_64/bin/jstat: PASS: bind-now test 
777:Hardened: ./usr/lib/jvm/java-11-openjdk-11.0.14.0.8-0.2.ea.el9.x86_64/bin/jstat: FAIL: run-path test because the DT_RPATH/DT_RUNPATH dynamic tag has a path that contains '..' 
778-Hardened: ./usr/lib/jvm/java-11-openjdk-11.0.14.0.8-0.2.ea.el9.x86_64/bin/jstat: info: For more information visit: https://sourceware.org/annobin/annobin.html/Test-run-path.html
779-Size: jstat: .gnu.build.attributes: 0x21c
780-Hardened: ./usr/lib/jvm/java-11-openjdk-11.0.14.0.8-0.2.ea.el9.x86_64/bin/jstat: PASS: fortify test because fortify note found 
781-Hardened: ./usr/lib/jvm/java-11-openjdk-11.0.14.0.8-0.2.ea.el9.x86_64/bin/jstat: PASS: warnings test 
782-Hardened: ./usr/lib/jvm/java-11-openjdk-11.0.14.0.8-0.2.ea.el9.x86_64/bin/jstat: PASS: stack-clash test 
--
796-Hardened: ./usr/lib/jvm/java-11-openjdk-11.0.14.0.8-0.2.ea.el9.x86_64/bin/jstat: PASS: rwx-seg test 
797-Hardened: ./usr/lib/jvm/java-11-openjdk-11.0.14.0.8-0.2.ea.el9.x86_64/bin/jstat: PASS: short-enums test 
798-Hardened: ./usr/lib/jvm/java-11-openjdk-11.0.14.0.8-0.2.ea.el9.x86_64/bin/jstat: PASS: textrel test 
799-Hardened: ./usr/lib/jvm/java-11-openjdk-11.0.14.0.8-0.2.ea.el9.x86_64/bin/jstat: PASS: threads test 
800-Hardened: ./usr/lib/jvm/java-11-openjdk-11.0.14.0.8-0.2.ea.el9.x86_64/bin/jstat: PASS: unicode test 
801:Hardened: ./usr/lib/jvm/java-11-openjdk-11.0.14.0.8-0.2.ea.el9.x86_64/bin/jstat: Overall: FAIL.
802-Hardened: ./usr/lib/jvm/java-11-openjdk-11.0.14.0.8-0.2.ea.el9.x86_64/bin/jstatd: PASS: pie test 
803-Hardened: ./usr/lib/jvm/java-11-openjdk-11.0.14.0.8-0.2.ea.el9.x86_64/bin/jstatd: PASS: optimization test 
804-Hardened: ./usr/lib/jvm/java-11-openjdk-11.0.14.0.8-0.2.ea.el9.x86_64/bin/jstatd: PASS: pic test 
805-Hardened: ./usr/lib/jvm/java-11-openjdk-11.0.14.0.8-0.2.ea.el9.x86_64/bin/jstatd: PASS: stack-prot test 
806-Hardened: ./usr/lib/jvm/java-11-openjdk-11.0.14.0.8-0.2.ea.el9.x86_64/bin/jstatd: PASS: writable-got test 
807-Hardened: ./usr/lib/jvm/java-11-openjdk-11.0.14.0.8-0.2.ea.el9.x86_64/bin/jstatd: PASS: dynamic-segment test 
808-Hardened: ./usr/lib/jvm/java-11-openjdk-11.0.14.0.8-0.2.ea.el9.x86_64/bin/jstatd: PASS: bind-now test 
809:Hardened: ./usr/lib/jvm/java-11-openjdk-11.0.14.0.8-0.2.ea.el9.x86_64/bin/jstatd: FAIL: run-path test because the DT_RPATH/DT_RUNPATH dynamic tag has a path that contains '..' 
810-Hardened: ./usr/lib/jvm/java-11-openjdk-11.0.14.0.8-0.2.ea.el9.x86_64/bin/jstatd: info: For more information visit: https://sourceware.org/annobin/annobin.html/Test-run-path.html
811-Size: jstatd: .gnu.build.attributes: 0x21c
812-Hardened: ./usr/lib/jvm/java-11-openjdk-11.0.14.0.8-0.2.ea.el9.x86_64/bin/jstatd: PASS: fortify test because fortify note found 
813-Hardened: ./usr/lib/jvm/java-11-openjdk-11.0.14.0.8-0.2.ea.el9.x86_64/bin/jstatd: PASS: warnings test 
814-Hardened: ./usr/lib/jvm/java-11-openjdk-11.0.14.0.8-0.2.ea.el9.x86_64/bin/jstatd: PASS: stack-clash test 
--
828-Hardened: ./usr/lib/jvm/java-11-openjdk-11.0.14.0.8-0.2.ea.el9.x86_64/bin/jstatd: PASS: rwx-seg test 
829-Hardened: ./usr/lib/jvm/java-11-openjdk-11.0.14.0.8-0.2.ea.el9.x86_64/bin/jstatd: PASS: short-enums test 
830-Hardened: ./usr/lib/jvm/java-11-openjdk-11.0.14.0.8-0.2.ea.el9.x86_64/bin/jstatd: PASS: textrel test 
831-Hardened: ./usr/lib/jvm/java-11-openjdk-11.0.14.0.8-0.2.ea.el9.x86_64/bin/jstatd: PASS: threads test 
832-Hardened: ./usr/lib/jvm/java-11-openjdk-11.0.14.0.8-0.2.ea.el9.x86_64/bin/jstatd: PASS: unicode test 
833:Hardened: ./usr/lib/jvm/java-11-openjdk-11.0.14.0.8-0.2.ea.el9.x86_64/bin/jstatd: Overall: FAIL.
834-Hardened: ./usr/lib/jvm/java-11-openjdk-11.0.14.0.8-0.2.ea.el9.x86_64/bin/rmic: PASS: pie test 
835-Hardened: ./usr/lib/jvm/java-11-openjdk-11.0.14.0.8-0.2.ea.el9.x86_64/bin/rmic: PASS: optimization test 
836-Hardened: ./usr/lib/jvm/java-11-openjdk-11.0.14.0.8-0.2.ea.el9.x86_64/bin/rmic: PASS: pic test 
837-Hardened: ./usr/lib/jvm/java-11-openjdk-11.0.14.0.8-0.2.ea.el9.x86_64/bin/rmic: PASS: stack-prot test 
838-Hardened: ./usr/lib/jvm/java-11-openjdk-11.0.14.0.8-0.2.ea.el9.x86_64/bin/rmic: PASS: writable-got test 
839-Hardened: ./usr/lib/jvm/java-11-openjdk-11.0.14.0.8-0.2.ea.el9.x86_64/bin/rmic: PASS: dynamic-segment test 
840-Hardened: ./usr/lib/jvm/java-11-openjdk-11.0.14.0.8-0.2.ea.el9.x86_64/bin/rmic: PASS: bind-now test 
841:Hardened: ./usr/lib/jvm/java-11-openjdk-11.0.14.0.8-0.2.ea.el9.x86_64/bin/rmic: FAIL: run-path test because the DT_RPATH/DT_RUNPATH dynamic tag has a path that contains '..' 
842-Hardened: ./usr/lib/jvm/java-11-openjdk-11.0.14.0.8-0.2.ea.el9.x86_64/bin/rmic: info: For more information visit: https://sourceware.org/annobin/annobin.html/Test-run-path.html
843-Size: rmic: .gnu.build.attributes: 0x21c
844-Hardened: ./usr/lib/jvm/java-11-openjdk-11.0.14.0.8-0.2.ea.el9.x86_64/bin/rmic: PASS: fortify test because fortify note found 
845-Hardened: ./usr/lib/jvm/java-11-openjdk-11.0.14.0.8-0.2.ea.el9.x86_64/bin/rmic: PASS: warnings test 
846-Hardened: ./usr/lib/jvm/java-11-openjdk-11.0.14.0.8-0.2.ea.el9.x86_64/bin/rmic: PASS: stack-clash test 
--
860-Hardened: ./usr/lib/jvm/java-11-openjdk-11.0.14.0.8-0.2.ea.el9.x86_64/bin/rmic: PASS: rwx-seg test 
861-Hardened: ./usr/lib/jvm/java-11-openjdk-11.0.14.0.8-0.2.ea.el9.x86_64/bin/rmic: PASS: short-enums test 
862-Hardened: ./usr/lib/jvm/java-11-openjdk-11.0.14.0.8-0.2.ea.el9.x86_64/bin/rmic: PASS: textrel test 
863-Hardened: ./usr/lib/jvm/java-11-openjdk-11.0.14.0.8-0.2.ea.el9.x86_64/bin/rmic: PASS: threads test 
864-Hardened: ./usr/lib/jvm/java-11-openjdk-11.0.14.0.8-0.2.ea.el9.x86_64/bin/rmic: PASS: unicode test 
865:Hardened: ./usr/lib/jvm/java-11-openjdk-11.0.14.0.8-0.2.ea.el9.x86_64/bin/rmic: Overall: FAIL.
866-Hardened: ./usr/lib/jvm/java-11-openjdk-11.0.14.0.8-0.2.ea.el9.x86_64/bin/serialver: PASS: pie test 
867-Hardened: ./usr/lib/jvm/java-11-openjdk-11.0.14.0.8-0.2.ea.el9.x86_64/bin/serialver: PASS: optimization test 
868-Hardened: ./usr/lib/jvm/java-11-openjdk-11.0.14.0.8-0.2.ea.el9.x86_64/bin/serialver: PASS: pic test 
869-Hardened: ./usr/lib/jvm/java-11-openjdk-11.0.14.0.8-0.2.ea.el9.x86_64/bin/serialver: PASS: stack-prot test 
870-Hardened: ./usr/lib/jvm/java-11-openjdk-11.0.14.0.8-0.2.ea.el9.x86_64/bin/serialver: PASS: writable-got test 
871-Hardened: ./usr/lib/jvm/java-11-openjdk-11.0.14.0.8-0.2.ea.el9.x86_64/bin/serialver: PASS: dynamic-segment test 
872-Hardened: ./usr/lib/jvm/java-11-openjdk-11.0.14.0.8-0.2.ea.el9.x86_64/bin/serialver: PASS: bind-now test 
873:Hardened: ./usr/lib/jvm/java-11-openjdk-11.0.14.0.8-0.2.ea.el9.x86_64/bin/serialver: FAIL: run-path test because the DT_RPATH/DT_RUNPATH dynamic tag has a path that contains '..' 
874-Hardened: ./usr/lib/jvm/java-11-openjdk-11.0.14.0.8-0.2.ea.el9.x86_64/bin/serialver: info: For more information visit: https://sourceware.org/annobin/annobin.html/Test-run-path.html
875-Size: serialver: .gnu.build.attributes: 0x21c
876-Hardened: ./usr/lib/jvm/java-11-openjdk-11.0.14.0.8-0.2.ea.el9.x86_64/bin/serialver: PASS: fortify test because fortify note found 
877-Hardened: ./usr/lib/jvm/java-11-openjdk-11.0.14.0.8-0.2.ea.el9.x86_64/bin/serialver: PASS: warnings test 
878-Hardened: ./usr/lib/jvm/java-11-openjdk-11.0.14.0.8-0.2.ea.el9.x86_64/bin/serialver: PASS: stack-clash test 
--
892-Hardened: ./usr/lib/jvm/java-11-openjdk-11.0.14.0.8-0.2.ea.el9.x86_64/bin/serialver: PASS: rwx-seg test 
893-Hardened: ./usr/lib/jvm/java-11-openjdk-11.0.14.0.8-0.2.ea.el9.x86_64/bin/serialver: PASS: short-enums test 
894-Hardened: ./usr/lib/jvm/java-11-openjdk-11.0.14.0.8-0.2.ea.el9.x86_64/bin/serialver: PASS: textrel test 
895-Hardened: ./usr/lib/jvm/java-11-openjdk-11.0.14.0.8-0.2.ea.el9.x86_64/bin/serialver: PASS: threads test 
896-Hardened: ./usr/lib/jvm/java-11-openjdk-11.0.14.0.8-0.2.ea.el9.x86_64/bin/serialver: PASS: unicode test 
897:Hardened: ./usr/lib/jvm/java-11-openjdk-11.0.14.0.8-0.2.ea.el9.x86_64/bin/serialver: Overall: FAIL.
898-Hardened: ./usr/lib/jvm/java-11-openjdk-11.0.14.0.8-0.2.ea.el9.x86_64/bin/alt-java: PASS: pie test 
899-Hardened: ./usr/lib/jvm/java-11-openjdk-11.0.14.0.8-0.2.ea.el9.x86_64/bin/alt-java: PASS: optimization test 
900-Hardened: ./usr/lib/jvm/java-11-openjdk-11.0.14.0.8-0.2.ea.el9.x86_64/bin/alt-java: PASS: pic test 
901-Hardened: ./usr/lib/jvm/java-11-openjdk-11.0.14.0.8-0.2.ea.el9.x86_64/bin/alt-java: PASS: stack-prot test 
902-Hardened: ./usr/lib/jvm/java-11-openjdk-11.0.14.0.8-0.2.ea.el9.x86_64/bin/alt-java: PASS: writable-got test 
903-Hardened: ./usr/lib/jvm/java-11-openjdk-11.0.14.0.8-0.2.ea.el9.x86_64/bin/alt-java: PASS: dynamic-segment test 
904-Hardened: ./usr/lib/jvm/java-11-openjdk-11.0.14.0.8-0.2.ea.el9.x86_64/bin/alt-java: PASS: bind-now test 
905:Hardened: ./usr/lib/jvm/java-11-openjdk-11.0.14.0.8-0.2.ea.el9.x86_64/bin/alt-java: FAIL: run-path test because the DT_RPATH/DT_RUNPATH dynamic tag has a path that contains '..' 
906-Hardened: ./usr/lib/jvm/java-11-openjdk-11.0.14.0.8-0.2.ea.el9.x86_64/bin/alt-java: info: For more information visit: https://sourceware.org/annobin/annobin.html/Test-run-path.html
907-Size: alt-java: .gnu.build.attributes: 0x358
908-Hardened: ./usr/lib/jvm/java-11-openjdk-11.0.14.0.8-0.2.ea.el9.x86_64/bin/alt-java: PASS: fortify test because fortify note found 
909-Hardened: ./usr/lib/jvm/java-11-openjdk-11.0.14.0.8-0.2.ea.el9.x86_64/bin/alt-java: PASS: warnings test 
910-Hardened: ./usr/lib/jvm/java-11-openjdk-11.0.14.0.8-0.2.ea.el9.x86_64/bin/alt-java: PASS: stack-clash test 
--
924-Hardened: ./usr/lib/jvm/java-11-openjdk-11.0.14.0.8-0.2.ea.el9.x86_64/bin/alt-java: PASS: rwx-seg test 
925-Hardened: ./usr/lib/jvm/java-11-openjdk-11.0.14.0.8-0.2.ea.el9.x86_64/bin/alt-java: PASS: short-enums test 
926-Hardened: ./usr/lib/jvm/java-11-openjdk-11.0.14.0.8-0.2.ea.el9.x86_64/bin/alt-java: PASS: textrel test 
927-Hardened: ./usr/lib/jvm/java-11-openjdk-11.0.14.0.8-0.2.ea.el9.x86_64/bin/alt-java: PASS: threads test 
928-Hardened: ./usr/lib/jvm/java-11-openjdk-11.0.14.0.8-0.2.ea.el9.x86_64/bin/alt-java: PASS: unicode test 
929:Hardened: ./usr/lib/jvm/java-11-openjdk-11.0.14.0.8-0.2.ea.el9.x86_64/bin/alt-java: Overall: FAIL.
930-Hardened: ./usr/lib/jvm/java-11-openjdk-11.0.14.0.8-0.2.ea.el9.x86_64/bin/java: PASS: pie test 
931-Hardened: ./usr/lib/jvm/java-11-openjdk-11.0.14.0.8-0.2.ea.el9.x86_64/bin/java: PASS: optimization test 
932-Hardened: ./usr/lib/jvm/java-11-openjdk-11.0.14.0.8-0.2.ea.el9.x86_64/bin/java: PASS: pic test 
933-Hardened: ./usr/lib/jvm/java-11-openjdk-11.0.14.0.8-0.2.ea.el9.x86_64/bin/java: PASS: stack-prot test 
934-Hardened: ./usr/lib/jvm/java-11-openjdk-11.0.14.0.8-0.2.ea.el9.x86_64/bin/java: PASS: writable-got test 
935-Hardened: ./usr/lib/jvm/java-11-openjdk-11.0.14.0.8-0.2.ea.el9.x86_64/bin/java: PASS: dynamic-segment test 
936-Hardened: ./usr/lib/jvm/java-11-openjdk-11.0.14.0.8-0.2.ea.el9.x86_64/bin/java: PASS: bind-now test 
937:Hardened: ./usr/lib/jvm/java-11-openjdk-11.0.14.0.8-0.2.ea.el9.x86_64/bin/java: FAIL: run-path test because the DT_RPATH/DT_RUNPATH dynamic tag has a path that contains '..' 
938-Hardened: ./usr/lib/jvm/java-11-openjdk-11.0.14.0.8-0.2.ea.el9.x86_64/bin/java: info: For more information visit: https://sourceware.org/annobin/annobin.html/Test-run-path.html
939-Size: java: .gnu.build.attributes: 0x21c
940-Hardened: ./usr/lib/jvm/java-11-openjdk-11.0.14.0.8-0.2.ea.el9.x86_64/bin/java: PASS: fortify test because fortify note found 
941-Hardened: ./usr/lib/jvm/java-11-openjdk-11.0.14.0.8-0.2.ea.el9.x86_64/bin/java: PASS: warnings test 
942-Hardened: ./usr/lib/jvm/java-11-openjdk-11.0.14.0.8-0.2.ea.el9.x86_64/bin/java: PASS: stack-clash test 
--
956-Hardened: ./usr/lib/jvm/java-11-openjdk-11.0.14.0.8-0.2.ea.el9.x86_64/bin/java: PASS: rwx-seg test 
957-Hardened: ./usr/lib/jvm/java-11-openjdk-11.0.14.0.8-0.2.ea.el9.x86_64/bin/java: PASS: short-enums test 
958-Hardened: ./usr/lib/jvm/java-11-openjdk-11.0.14.0.8-0.2.ea.el9.x86_64/bin/java: PASS: textrel test 
959-Hardened: ./usr/lib/jvm/java-11-openjdk-11.0.14.0.8-0.2.ea.el9.x86_64/bin/java: PASS: threads test 
960-Hardened: ./usr/lib/jvm/java-11-openjdk-11.0.14.0.8-0.2.ea.el9.x86_64/bin/java: PASS: unicode test 
961:Hardened: ./usr/lib/jvm/java-11-openjdk-11.0.14.0.8-0.2.ea.el9.x86_64/bin/java: Overall: FAIL.
962-Hardened: ./usr/lib/jvm/java-11-openjdk-11.0.14.0.8-0.2.ea.el9.x86_64/bin/jjs: PASS: pie test 
963-Hardened: ./usr/lib/jvm/java-11-openjdk-11.0.14.0.8-0.2.ea.el9.x86_64/bin/jjs: PASS: optimization test 
964-Hardened: ./usr/lib/jvm/java-11-openjdk-11.0.14.0.8-0.2.ea.el9.x86_64/bin/jjs: PASS: pic test 
965-Hardened: ./usr/lib/jvm/java-11-openjdk-11.0.14.0.8-0.2.ea.el9.x86_64/bin/jjs: PASS: stack-prot test 
966-Hardened: ./usr/lib/jvm/java-11-openjdk-11.0.14.0.8-0.2.ea.el9.x86_64/bin/jjs: PASS: writable-got test 
967-Hardened: ./usr/lib/jvm/java-11-openjdk-11.0.14.0.8-0.2.ea.el9.x86_64/bin/jjs: PASS: dynamic-segment test 
968-Hardened: ./usr/lib/jvm/java-11-openjdk-11.0.14.0.8-0.2.ea.el9.x86_64/bin/jjs: PASS: bind-now test 
969:Hardened: ./usr/lib/jvm/java-11-openjdk-11.0.14.0.8-0.2.ea.el9.x86_64/bin/jjs: FAIL: run-path test because the DT_RPATH/DT_RUNPATH dynamic tag has a path that contains '..' 
970-Hardened: ./usr/lib/jvm/java-11-openjdk-11.0.14.0.8-0.2.ea.el9.x86_64/bin/jjs: info: For more information visit: https://sourceware.org/annobin/annobin.html/Test-run-path.html
971-Size: jjs: .gnu.build.attributes: 0x21c
972-Hardened: ./usr/lib/jvm/java-11-openjdk-11.0.14.0.8-0.2.ea.el9.x86_64/bin/jjs: PASS: fortify test because fortify note found 
973-Hardened: ./usr/lib/jvm/java-11-openjdk-11.0.14.0.8-0.2.ea.el9.x86_64/bin/jjs: PASS: warnings test 
974-Hardened: ./usr/lib/jvm/java-11-openjdk-11.0.14.0.8-0.2.ea.el9.x86_64/bin/jjs: PASS: stack-clash test 
--
988-Hardened: ./usr/lib/jvm/java-11-openjdk-11.0.14.0.8-0.2.ea.el9.x86_64/bin/jjs: PASS: rwx-seg test 
989-Hardened: ./usr/lib/jvm/java-11-openjdk-11.0.14.0.8-0.2.ea.el9.x86_64/bin/jjs: PASS: short-enums test 
990-Hardened: ./usr/lib/jvm/java-11-openjdk-11.0.14.0.8-0.2.ea.el9.x86_64/bin/jjs: PASS: textrel test 
991-Hardened: ./usr/lib/jvm/java-11-openjdk-11.0.14.0.8-0.2.ea.el9.x86_64/bin/jjs: PASS: threads test 
992-Hardened: ./usr/lib/jvm/java-11-openjdk-11.0.14.0.8-0.2.ea.el9.x86_64/bin/jjs: PASS: unicode test 
993:Hardened: ./usr/lib/jvm/java-11-openjdk-11.0.14.0.8-0.2.ea.el9.x86_64/bin/jjs: Overall: FAIL.
994-Hardened: ./usr/lib/jvm/java-11-openjdk-11.0.14.0.8-0.2.ea.el9.x86_64/bin/keytool: PASS: pie test 
995-Hardened: ./usr/lib/jvm/java-11-openjdk-11.0.14.0.8-0.2.ea.el9.x86_64/bin/keytool: PASS: optimization test 
996-Hardened: ./usr/lib/jvm/java-11-openjdk-11.0.14.0.8-0.2.ea.el9.x86_64/bin/keytool: PASS: pic test 
997-Hardened: ./usr/lib/jvm/java-11-openjdk-11.0.14.0.8-0.2.ea.el9.x86_64/bin/keytool: PASS: stack-prot test 
998-Hardened: ./usr/lib/jvm/java-11-openjdk-11.0.14.0.8-0.2.ea.el9.x86_64/bin/keytool: PASS: writable-got test 
999-Hardened: ./usr/lib/jvm/java-11-openjdk-11.0.14.0.8-0.2.ea.el9.x86_64/bin/keytool: PASS: dynamic-segment test 
1000-Hardened: ./usr/lib/jvm/java-11-openjdk-11.0.14.0.8-0.2.ea.el9.x86_64/bin/keytool: PASS: bind-now test 
1001:Hardened: ./usr/lib/jvm/java-11-openjdk-11.0.14.0.8-0.2.ea.el9.x86_64/bin/keytool: FAIL: run-path test because the DT_RPATH/DT_RUNPATH dynamic tag has a path that contains '..' 
1002-Hardened: ./usr/lib/jvm/java-11-openjdk-11.0.14.0.8-0.2.ea.el9.x86_64/bin/keytool: info: For more information visit: https://sourceware.org/annobin/annobin.html/Test-run-path.html
1003-Size: keytool: .gnu.build.attributes: 0x21c
1004-Hardened: ./usr/lib/jvm/java-11-openjdk-11.0.14.0.8-0.2.ea.el9.x86_64/bin/keytool: PASS: fortify test because fortify note found 
1005-Hardened: ./usr/lib/jvm/java-11-openjdk-11.0.14.0.8-0.2.ea.el9.x86_64/bin/keytool: PASS: warnings test 
1006-Hardened: ./usr/lib/jvm/java-11-openjdk-11.0.14.0.8-0.2.ea.el9.x86_64/bin/keytool: PASS: stack-clash test 
--
1020-Hardened: ./usr/lib/jvm/java-11-openjdk-11.0.14.0.8-0.2.ea.el9.x86_64/bin/keytool: PASS: rwx-seg test 
1021-Hardened: ./usr/lib/jvm/java-11-openjdk-11.0.14.0.8-0.2.ea.el9.x86_64/bin/keytool: PASS: short-enums test 
1022-Hardened: ./usr/lib/jvm/java-11-openjdk-11.0.14.0.8-0.2.ea.el9.x86_64/bin/keytool: PASS: textrel test 
1023-Hardened: ./usr/lib/jvm/java-11-openjdk-11.0.14.0.8-0.2.ea.el9.x86_64/bin/keytool: PASS: threads test 
1024-Hardened: ./usr/lib/jvm/java-11-openjdk-11.0.14.0.8-0.2.ea.el9.x86_64/bin/keytool: PASS: unicode test 
1025:Hardened: ./usr/lib/jvm/java-11-openjdk-11.0.14.0.8-0.2.ea.el9.x86_64/bin/keytool: Overall: FAIL.
1026-Hardened: ./usr/lib/jvm/java-11-openjdk-11.0.14.0.8-0.2.ea.el9.x86_64/bin/pack200: PASS: pie test 
1027-Hardened: ./usr/lib/jvm/java-11-openjdk-11.0.14.0.8-0.2.ea.el9.x86_64/bin/pack200: PASS: optimization test 
1028-Hardened: ./usr/lib/jvm/java-11-openjdk-11.0.14.0.8-0.2.ea.el9.x86_64/bin/pack200: PASS: pic test 
1029-Hardened: ./usr/lib/jvm/java-11-openjdk-11.0.14.0.8-0.2.ea.el9.x86_64/bin/pack200: PASS: stack-prot test 
1030-Hardened: ./usr/lib/jvm/java-11-openjdk-11.0.14.0.8-0.2.ea.el9.x86_64/bin/pack200: PASS: writable-got test 
1031-Hardened: ./usr/lib/jvm/java-11-openjdk-11.0.14.0.8-0.2.ea.el9.x86_64/bin/pack200: PASS: dynamic-segment test 
1032-Hardened: ./usr/lib/jvm/java-11-openjdk-11.0.14.0.8-0.2.ea.el9.x86_64/bin/pack200: PASS: bind-now test 
1033:Hardened: ./usr/lib/jvm/java-11-openjdk-11.0.14.0.8-0.2.ea.el9.x86_64/bin/pack200: FAIL: run-path test because the DT_RPATH/DT_RUNPATH dynamic tag has a path that contains '..' 
1034-Hardened: ./usr/lib/jvm/java-11-openjdk-11.0.14.0.8-0.2.ea.el9.x86_64/bin/pack200: info: For more information visit: https://sourceware.org/annobin/annobin.html/Test-run-path.html
1035-Size: pack200: .gnu.build.attributes: 0x21c
1036-Hardened: ./usr/lib/jvm/java-11-openjdk-11.0.14.0.8-0.2.ea.el9.x86_64/bin/pack200: PASS: fortify test because fortify note found 
1037-Hardened: ./usr/lib/jvm/java-11-openjdk-11.0.14.0.8-0.2.ea.el9.x86_64/bin/pack200: PASS: warnings test 
1038-Hardened: ./usr/lib/jvm/java-11-openjdk-11.0.14.0.8-0.2.ea.el9.x86_64/bin/pack200: PASS: stack-clash test 
--
1052-Hardened: ./usr/lib/jvm/java-11-openjdk-11.0.14.0.8-0.2.ea.el9.x86_64/bin/pack200: PASS: rwx-seg test 
1053-Hardened: ./usr/lib/jvm/java-11-openjdk-11.0.14.0.8-0.2.ea.el9.x86_64/bin/pack200: PASS: short-enums test 
1054-Hardened: ./usr/lib/jvm/java-11-openjdk-11.0.14.0.8-0.2.ea.el9.x86_64/bin/pack200: PASS: textrel test 
1055-Hardened: ./usr/lib/jvm/java-11-openjdk-11.0.14.0.8-0.2.ea.el9.x86_64/bin/pack200: PASS: threads test 
1056-Hardened: ./usr/lib/jvm/java-11-openjdk-11.0.14.0.8-0.2.ea.el9.x86_64/bin/pack200: PASS: unicode test 
1057:Hardened: ./usr/lib/jvm/java-11-openjdk-11.0.14.0.8-0.2.ea.el9.x86_64/bin/pack200: Overall: FAIL.
1058-Hardened: ./usr/lib/jvm/java-11-openjdk-11.0.14.0.8-0.2.ea.el9.x86_64/bin/rmid: PASS: pie test 
1059-Hardened: ./usr/lib/jvm/java-11-openjdk-11.0.14.0.8-0.2.ea.el9.x86_64/bin/rmid: PASS: optimization test 
1060-Hardened: ./usr/lib/jvm/java-11-openjdk-11.0.14.0.8-0.2.ea.el9.x86_64/bin/rmid: PASS: pic test 
1061-Hardened: ./usr/lib/jvm/java-11-openjdk-11.0.14.0.8-0.2.ea.el9.x86_64/bin/rmid: PASS: stack-prot test 
1062-Hardened: ./usr/lib/jvm/java-11-openjdk-11.0.14.0.8-0.2.ea.el9.x86_64/bin/rmid: PASS: writable-got test 
1063-Hardened: ./usr/lib/jvm/java-11-openjdk-11.0.14.0.8-0.2.ea.el9.x86_64/bin/rmid: PASS: dynamic-segment test 
1064-Hardened: ./usr/lib/jvm/java-11-openjdk-11.0.14.0.8-0.2.ea.el9.x86_64/bin/rmid: PASS: bind-now test 
1065:Hardened: ./usr/lib/jvm/java-11-openjdk-11.0.14.0.8-0.2.ea.el9.x86_64/bin/rmid: FAIL: run-path test because the DT_RPATH/DT_RUNPATH dynamic tag has a path that contains '..' 
1066-Hardened: ./usr/lib/jvm/java-11-openjdk-11.0.14.0.8-0.2.ea.el9.x86_64/bin/rmid: info: For more information visit: https://sourceware.org/annobin/annobin.html/Test-run-path.html
1067-Size: rmid: .gnu.build.attributes: 0x21c
1068-Hardened: ./usr/lib/jvm/java-11-openjdk-11.0.14.0.8-0.2.ea.el9.x86_64/bin/rmid: PASS: fortify test because fortify note found 
1069-Hardened: ./usr/lib/jvm/java-11-openjdk-11.0.14.0.8-0.2.ea.el9.x86_64/bin/rmid: PASS: warnings test 
1070-Hardened: ./usr/lib/jvm/java-11-openjdk-11.0.14.0.8-0.2.ea.el9.x86_64/bin/rmid: PASS: stack-clash test 
--
1084-Hardened: ./usr/lib/jvm/java-11-openjdk-11.0.14.0.8-0.2.ea.el9.x86_64/bin/rmid: PASS: rwx-seg test 
1085-Hardened: ./usr/lib/jvm/java-11-openjdk-11.0.14.0.8-0.2.ea.el9.x86_64/bin/rmid: PASS: short-enums test 
1086-Hardened: ./usr/lib/jvm/java-11-openjdk-11.0.14.0.8-0.2.ea.el9.x86_64/bin/rmid: PASS: textrel test 
1087-Hardened: ./usr/lib/jvm/java-11-openjdk-11.0.14.0.8-0.2.ea.el9.x86_64/bin/rmid: PASS: threads test 
1088-Hardened: ./usr/lib/jvm/java-11-openjdk-11.0.14.0.8-0.2.ea.el9.x86_64/bin/rmid: PASS: unicode test 
1089:Hardened: ./usr/lib/jvm/java-11-openjdk-11.0.14.0.8-0.2.ea.el9.x86_64/bin/rmid: Overall: FAIL.
1090-Hardened: ./usr/lib/jvm/java-11-openjdk-11.0.14.0.8-0.2.ea.el9.x86_64/bin/rmiregistry: PASS: pie test 
1091-Hardened: ./usr/lib/jvm/java-11-openjdk-11.0.14.0.8-0.2.ea.el9.x86_64/bin/rmiregistry: PASS: optimization test 
1092-Hardened: ./usr/lib/jvm/java-11-openjdk-11.0.14.0.8-0.2.ea.el9.x86_64/bin/rmiregistry: PASS: pic test 
1093-Hardened: ./usr/lib/jvm/java-11-openjdk-11.0.14.0.8-0.2.ea.el9.x86_64/bin/rmiregistry: PASS: stack-prot test 
1094-Hardened: ./usr/lib/jvm/java-11-openjdk-11.0.14.0.8-0.2.ea.el9.x86_64/bin/rmiregistry: PASS: writable-got test 
1095-Hardened: ./usr/lib/jvm/java-11-openjdk-11.0.14.0.8-0.2.ea.el9.x86_64/bin/rmiregistry: PASS: dynamic-segment test 
1096-Hardened: ./usr/lib/jvm/java-11-openjdk-11.0.14.0.8-0.2.ea.el9.x86_64/bin/rmiregistry: PASS: bind-now test 
1097:Hardened: ./usr/lib/jvm/java-11-openjdk-11.0.14.0.8-0.2.ea.el9.x86_64/bin/rmiregistry: FAIL: run-path test because the DT_RPATH/DT_RUNPATH dynamic tag has a path that contains '..' 
1098-Hardened: ./usr/lib/jvm/java-11-openjdk-11.0.14.0.8-0.2.ea.el9.x86_64/bin/rmiregistry: info: For more information visit: https://sourceware.org/annobin/annobin.html/Test-run-path.html
1099-Size: rmiregistry: .gnu.build.attributes: 0x21c
1100-Hardened: ./usr/lib/jvm/java-11-openjdk-11.0.14.0.8-0.2.ea.el9.x86_64/bin/rmiregistry: PASS: fortify test because fortify note found 
1101-Hardened: ./usr/lib/jvm/java-11-openjdk-11.0.14.0.8-0.2.ea.el9.x86_64/bin/rmiregistry: PASS: warnings test 
1102-Hardened: ./usr/lib/jvm/java-11-openjdk-11.0.14.0.8-0.2.ea.el9.x86_64/bin/rmiregistry: PASS: stack-clash test 
--
1116-Hardened: ./usr/lib/jvm/java-11-openjdk-11.0.14.0.8-0.2.ea.el9.x86_64/bin/rmiregistry: PASS: rwx-seg test 
1117-Hardened: ./usr/lib/jvm/java-11-openjdk-11.0.14.0.8-0.2.ea.el9.x86_64/bin/rmiregistry: PASS: short-enums test 
1118-Hardened: ./usr/lib/jvm/java-11-openjdk-11.0.14.0.8-0.2.ea.el9.x86_64/bin/rmiregistry: PASS: textrel test 
1119-Hardened: ./usr/lib/jvm/java-11-openjdk-11.0.14.0.8-0.2.ea.el9.x86_64/bin/rmiregistry: PASS: threads test 
1120-Hardened: ./usr/lib/jvm/java-11-openjdk-11.0.14.0.8-0.2.ea.el9.x86_64/bin/rmiregistry: PASS: unicode test 
1121:Hardened: ./usr/lib/jvm/java-11-openjdk-11.0.14.0.8-0.2.ea.el9.x86_64/bin/rmiregistry: Overall: FAIL.
1122-Hardened: ./usr/lib/jvm/java-11-openjdk-11.0.14.0.8-0.2.ea.el9.x86_64/bin/unpack200: PASS: pie test 
1123-Hardened: ./usr/lib/jvm/java-11-openjdk-11.0.14.0.8-0.2.ea.el9.x86_64/bin/unpack200: PASS: optimization test 
1124-Hardened: ./usr/lib/jvm/java-11-openjdk-11.0.14.0.8-0.2.ea.el9.x86_64/bin/unpack200: PASS: pic test 
1125-Hardened: ./usr/lib/jvm/java-11-openjdk-11.0.14.0.8-0.2.ea.el9.x86_64/bin/unpack200: PASS: stack-prot test 
1126-Hardened: ./usr/lib/jvm/java-11-openjdk-11.0.14.0.8-0.2.ea.el9.x86_64/bin/unpack200: PASS: writable-got test 
--
1148-Hardened: ./usr/lib/jvm/java-11-openjdk-11.0.14.0.8-0.2.ea.el9.x86_64/bin/unpack200: PASS: rwx-seg test 
1149-Hardened: ./usr/lib/jvm/java-11-openjdk-11.0.14.0.8-0.2.ea.el9.x86_64/bin/unpack200: PASS: short-enums test 
1150-Hardened: ./usr/lib/jvm/java-11-openjdk-11.0.14.0.8-0.2.ea.el9.x86_64/bin/unpack200: PASS: textrel test 
1151-Hardened: ./usr/lib/jvm/java-11-openjdk-11.0.14.0.8-0.2.ea.el9.x86_64/bin/unpack200: PASS: threads test 
1152-Hardened: ./usr/lib/jvm/java-11-openjdk-11.0.14.0.8-0.2.ea.el9.x86_64/bin/unpack200: PASS: unicode test 
1153:Hardened: ./usr/lib/jvm/java-11-openjdk-11.0.14.0.8-0.2.ea.el9.x86_64/bin/unpack200: Overall: FAIL (due to MAYB results).
1154-Hardened: ./usr/lib/jvm/java-11-openjdk-11.0.14.0.8-0.2.ea.el9.x86_64/lib/jexec: PASS: pie test 
1155-Hardened: ./usr/lib/jvm/java-11-openjdk-11.0.14.0.8-0.2.ea.el9.x86_64/lib/jexec: PASS: optimization test 
1156-Hardened: ./usr/lib/jvm/java-11-openjdk-11.0.14.0.8-0.2.ea.el9.x86_64/lib/jexec: PASS: pic test 
1157-Hardened: ./usr/lib/jvm/java-11-openjdk-11.0.14.0.8-0.2.ea.el9.x86_64/lib/jexec: PASS: stack-prot test 
1158-Hardened: ./usr/lib/jvm/java-11-openjdk-11.0.14.0.8-0.2.ea.el9.x86_64/lib/jexec: PASS: writable-got test 
--
1179-Hardened: ./usr/lib/jvm/java-11-openjdk-11.0.14.0.8-0.2.ea.el9.x86_64/lib/jexec: PASS: rwx-seg test 
1180-Hardened: ./usr/lib/jvm/java-11-openjdk-11.0.14.0.8-0.2.ea.el9.x86_64/lib/jexec: PASS: short-enums test 
1181-Hardened: ./usr/lib/jvm/java-11-openjdk-11.0.14.0.8-0.2.ea.el9.x86_64/lib/jexec: PASS: textrel test 
1182-Hardened: ./usr/lib/jvm/java-11-openjdk-11.0.14.0.8-0.2.ea.el9.x86_64/lib/jexec: PASS: threads test 
1183-Hardened: ./usr/lib/jvm/java-11-openjdk-11.0.14.0.8-0.2.ea.el9.x86_64/lib/jexec: PASS: unicode test 
1184:Hardened: ./usr/lib/jvm/java-11-openjdk-11.0.14.0.8-0.2.ea.el9.x86_64/lib/jexec: Overall: FAIL (due to MAYB results).
1185-Hardened: ./usr/lib/jvm/java-11-openjdk-11.0.14.0.8-0.2.ea.el9.x86_64/lib/jli/libjli.so: PASS: pie test 
1186-Hardened: ./usr/lib/jvm/java-11-openjdk-11.0.14.0.8-0.2.ea.el9.x86_64/lib/jli/libjli.so: PASS: optimization test 
1187-Hardened: ./usr/lib/jvm/java-11-openjdk-11.0.14.0.8-0.2.ea.el9.x86_64/lib/jli/libjli.so: PASS: pic test 
1188-Hardened: ./usr/lib/jvm/java-11-openjdk-11.0.14.0.8-0.2.ea.el9.x86_64/lib/jli/libjli.so: PASS: stack-prot test 
1189-Hardened: ./usr/lib/jvm/java-11-openjdk-11.0.14.0.8-0.2.ea.el9.x86_64/lib/jli/libjli.so: PASS: writable-got test 
1190-Hardened: ./usr/lib/jvm/java-11-openjdk-11.0.14.0.8-0.2.ea.el9.x86_64/lib/jli/libjli.so: PASS: dynamic-segment test 
1191-Hardened: ./usr/lib/jvm/java-11-openjdk-11.0.14.0.8-0.2.ea.el9.x86_64/lib/jli/libjli.so: PASS: bind-now test 
1192:Hardened: ./usr/lib/jvm/java-11-openjdk-11.0.14.0.8-0.2.ea.el9.x86_64/lib/jli/libjli.so: FAIL: run-path test because the DT_RPATH/DT_RUNPATH dynamic tag has a path that contains '..' 
1193-Hardened: ./usr/lib/jvm/java-11-openjdk-11.0.14.0.8-0.2.ea.el9.x86_64/lib/jli/libjli.so: info: For more information visit: https://sourceware.org/annobin/annobin.html/Test-run-path.html
1194-Size: libjli.so: .gnu.build.attributes: 0x41c
1195-Hardened: ./usr/lib/jvm/java-11-openjdk-11.0.14.0.8-0.2.ea.el9.x86_64/lib/jli/libjli.so: PASS: fortify test because fortify note found 
1196-Hardened: ./usr/lib/jvm/java-11-openjdk-11.0.14.0.8-0.2.ea.el9.x86_64/lib/jli/libjli.so: PASS: warnings test 
1197-Hardened: ./usr/lib/jvm/java-11-openjdk-11.0.14.0.8-0.2.ea.el9.x86_64/lib/jli/libjli.so: PASS: stack-clash test 
--
1211-Hardened: ./usr/lib/jvm/java-11-openjdk-11.0.14.0.8-0.2.ea.el9.x86_64/lib/jli/libjli.so: PASS: rwx-seg test 
1212-Hardened: ./usr/lib/jvm/java-11-openjdk-11.0.14.0.8-0.2.ea.el9.x86_64/lib/jli/libjli.so: PASS: short-enums test 
1213-Hardened: ./usr/lib/jvm/java-11-openjdk-11.0.14.0.8-0.2.ea.el9.x86_64/lib/jli/libjli.so: PASS: textrel test 
1214-Hardened: ./usr/lib/jvm/java-11-openjdk-11.0.14.0.8-0.2.ea.el9.x86_64/lib/jli/libjli.so: PASS: threads test 
1215-Hardened: ./usr/lib/jvm/java-11-openjdk-11.0.14.0.8-0.2.ea.el9.x86_64/lib/jli/libjli.so: PASS: unicode test 
1216:Hardened: ./usr/lib/jvm/java-11-openjdk-11.0.14.0.8-0.2.ea.el9.x86_64/lib/jli/libjli.so: Overall: FAIL.
1217-Hardened: ./usr/lib/jvm/java-11-openjdk-11.0.14.0.8-0.2.ea.el9.x86_64/lib/jspawnhelper: PASS: pie test 
1218-Hardened: ./usr/lib/jvm/java-11-openjdk-11.0.14.0.8-0.2.ea.el9.x86_64/lib/jspawnhelper: PASS: optimization test 
1219-Hardened: ./usr/lib/jvm/java-11-openjdk-11.0.14.0.8-0.2.ea.el9.x86_64/lib/jspawnhelper: PASS: pic test 
1220-Hardened: ./usr/lib/jvm/java-11-openjdk-11.0.14.0.8-0.2.ea.el9.x86_64/lib/jspawnhelper: PASS: stack-prot test 
1221-Hardened: ./usr/lib/jvm/java-11-openjdk-11.0.14.0.8-0.2.ea.el9.x86_64/lib/jspawnhelper: PASS: writable-got test 
--
1242-Hardened: ./usr/lib/jvm/java-11-openjdk-11.0.14.0.8-0.2.ea.el9.x86_64/lib/jspawnhelper: PASS: rwx-seg test 
1243-Hardened: ./usr/lib/jvm/java-11-openjdk-11.0.14.0.8-0.2.ea.el9.x86_64/lib/jspawnhelper: PASS: short-enums test 
1244-Hardened: ./usr/lib/jvm/java-11-openjdk-11.0.14.0.8-0.2.ea.el9.x86_64/lib/jspawnhelper: PASS: textrel test 
1245-Hardened: ./usr/lib/jvm/java-11-openjdk-11.0.14.0.8-0.2.ea.el9.x86_64/lib/jspawnhelper: PASS: threads test 
1246-Hardened: ./usr/lib/jvm/java-11-openjdk-11.0.14.0.8-0.2.ea.el9.x86_64/lib/jspawnhelper: PASS: unicode test 
1247:Hardened: ./usr/lib/jvm/java-11-openjdk-11.0.14.0.8-0.2.ea.el9.x86_64/lib/jspawnhelper: Overall: FAIL (due to MAYB results).
1248-Hardened: ./usr/lib/jvm/java-11-openjdk-11.0.14.0.8-0.2.ea.el9.x86_64/lib/libattach.so: PASS: pie test 
1249-Hardened: ./usr/lib/jvm/java-11-openjdk-11.0.14.0.8-0.2.ea.el9.x86_64/lib/libattach.so: PASS: optimization test 
1250-Hardened: ./usr/lib/jvm/java-11-openjdk-11.0.14.0.8-0.2.ea.el9.x86_64/lib/libattach.so: PASS: pic test 
1251-Hardened: ./usr/lib/jvm/java-11-openjdk-11.0.14.0.8-0.2.ea.el9.x86_64/lib/libattach.so: PASS: stack-prot test 
1252-Hardened: ./usr/lib/jvm/java-11-openjdk-11.0.14.0.8-0.2.ea.el9.x86_64/lib/libattach.so: PASS: writable-got test 
--
1274-Hardened: ./usr/lib/jvm/java-11-openjdk-11.0.14.0.8-0.2.ea.el9.x86_64/lib/libattach.so: PASS: rwx-seg test 
1275-Hardened: ./usr/lib/jvm/java-11-openjdk-11.0.14.0.8-0.2.ea.el9.x86_64/lib/libattach.so: PASS: short-enums test 
1276-Hardened: ./usr/lib/jvm/java-11-openjdk-11.0.14.0.8-0.2.ea.el9.x86_64/lib/libattach.so: PASS: textrel test 
1277-Hardened: ./usr/lib/jvm/java-11-openjdk-11.0.14.0.8-0.2.ea.el9.x86_64/lib/libattach.so: PASS: threads test 
1278-Hardened: ./usr/lib/jvm/java-11-openjdk-11.0.14.0.8-0.2.ea.el9.x86_64/lib/libattach.so: PASS: unicode test 
1279:Hardened: ./usr/lib/jvm/java-11-openjdk-11.0.14.0.8-0.2.ea.el9.x86_64/lib/libattach.so: Overall: FAIL (due to MAYB results).
1280-Hardened: ./usr/lib/jvm/java-11-openjdk-11.0.14.0.8-0.2.ea.el9.x86_64/lib/libawt.so: PASS: pie test 
1281-Hardened: ./usr/lib/jvm/java-11-openjdk-11.0.14.0.8-0.2.ea.el9.x86_64/lib/libawt.so: PASS: optimization test 
1282-Hardened: ./usr/lib/jvm/java-11-openjdk-11.0.14.0.8-0.2.ea.el9.x86_64/lib/libawt.so: PASS: pic test 
1283-Hardened: ./usr/lib/jvm/java-11-openjdk-11.0.14.0.8-0.2.ea.el9.x86_64/lib/libawt.so: PASS: stack-prot test 
1284-Hardened: ./usr/lib/jvm/java-11-openjdk-11.0.14.0.8-0.2.ea.el9.x86_64/lib/libawt.so: PASS: writable-got test 
--
1306-Hardened: ./usr/lib/jvm/java-11-openjdk-11.0.14.0.8-0.2.ea.el9.x86_64/lib/libawt.so: PASS: rwx-seg test 
1307-Hardened: ./usr/lib/jvm/java-11-openjdk-11.0.14.0.8-0.2.ea.el9.x86_64/lib/libawt.so: PASS: short-enums test 
1308-Hardened: ./usr/lib/jvm/java-11-openjdk-11.0.14.0.8-0.2.ea.el9.x86_64/lib/libawt.so: PASS: textrel test 
1309-Hardened: ./usr/lib/jvm/java-11-openjdk-11.0.14.0.8-0.2.ea.el9.x86_64/lib/libawt.so: PASS: threads test 
1310-Hardened: ./usr/lib/jvm/java-11-openjdk-11.0.14.0.8-0.2.ea.el9.x86_64/lib/libawt.so: PASS: unicode test 
1311:Hardened: ./usr/lib/jvm/java-11-openjdk-11.0.14.0.8-0.2.ea.el9.x86_64/lib/libawt.so: Overall: FAIL (due to MAYB results).
1312-Hardened: ./usr/lib/jvm/java-11-openjdk-11.0.14.0.8-0.2.ea.el9.x86_64/lib/libawt_headless.so: PASS: pie test 
1313-Hardened: ./usr/lib/jvm/java-11-openjdk-11.0.14.0.8-0.2.ea.el9.x86_64/lib/libawt_headless.so: PASS: optimization test 
1314-Hardened: ./usr/lib/jvm/java-11-openjdk-11.0.14.0.8-0.2.ea.el9.x86_64/lib/libawt_headless.so: PASS: pic test 
1315-Hardened: ./usr/lib/jvm/java-11-openjdk-11.0.14.0.8-0.2.ea.el9.x86_64/lib/libawt_headless.so: PASS: stack-prot test 
1316-Hardened: ./usr/lib/jvm/java-11-openjdk-11.0.14.0.8-0.2.ea.el9.x86_64/lib/libawt_headless.so: PASS: writable-got test 
--
1338-Hardened: ./usr/lib/jvm/java-11-openjdk-11.0.14.0.8-0.2.ea.el9.x86_64/lib/libawt_headless.so: PASS: rwx-seg test 
1339-Hardened: ./usr/lib/jvm/java-11-openjdk-11.0.14.0.8-0.2.ea.el9.x86_64/lib/libawt_headless.so: PASS: short-enums test 
1340-Hardened: ./usr/lib/jvm/java-11-openjdk-11.0.14.0.8-0.2.ea.el9.x86_64/lib/libawt_headless.so: PASS: textrel test 
1341-Hardened: ./usr/lib/jvm/java-11-openjdk-11.0.14.0.8-0.2.ea.el9.x86_64/lib/libawt_headless.so: PASS: threads test 
1342-Hardened: ./usr/lib/jvm/java-11-openjdk-11.0.14.0.8-0.2.ea.el9.x86_64/lib/libawt_headless.so: PASS: unicode test 
1343:Hardened: ./usr/lib/jvm/java-11-openjdk-11.0.14.0.8-0.2.ea.el9.x86_64/lib/libawt_headless.so: Overall: FAIL (due to MAYB results).
1344-Hardened: ./usr/lib/jvm/java-11-openjdk-11.0.14.0.8-0.2.ea.el9.x86_64/lib/libdt_socket.so: PASS: pie test 
1345-Hardened: ./usr/lib/jvm/java-11-openjdk-11.0.14.0.8-0.2.ea.el9.x86_64/lib/libdt_socket.so: PASS: optimization test 
1346-Hardened: ./usr/lib/jvm/java-11-openjdk-11.0.14.0.8-0.2.ea.el9.x86_64/lib/libdt_socket.so: PASS: pic test 
1347-Hardened: ./usr/lib/jvm/java-11-openjdk-11.0.14.0.8-0.2.ea.el9.x86_64/lib/libdt_socket.so: PASS: stack-prot test 
1348-Hardened: ./usr/lib/jvm/java-11-openjdk-11.0.14.0.8-0.2.ea.el9.x86_64/lib/libdt_socket.so: PASS: writable-got test 
--
1370-Hardened: ./usr/lib/jvm/java-11-openjdk-11.0.14.0.8-0.2.ea.el9.x86_64/lib/libdt_socket.so: PASS: rwx-seg test 
1371-Hardened: ./usr/lib/jvm/java-11-openjdk-11.0.14.0.8-0.2.ea.el9.x86_64/lib/libdt_socket.so: PASS: short-enums test 
1372-Hardened: ./usr/lib/jvm/java-11-openjdk-11.0.14.0.8-0.2.ea.el9.x86_64/lib/libdt_socket.so: PASS: textrel test 
1373-Hardened: ./usr/lib/jvm/java-11-openjdk-11.0.14.0.8-0.2.ea.el9.x86_64/lib/libdt_socket.so: PASS: threads test 
1374-Hardened: ./usr/lib/jvm/java-11-openjdk-11.0.14.0.8-0.2.ea.el9.x86_64/lib/libdt_socket.so: PASS: unicode test 
1375:Hardened: ./usr/lib/jvm/java-11-openjdk-11.0.14.0.8-0.2.ea.el9.x86_64/lib/libdt_socket.so: Overall: FAIL (due to MAYB results).
1376-Hardened: ./usr/lib/jvm/java-11-openjdk-11.0.14.0.8-0.2.ea.el9.x86_64/lib/libextnet.so: PASS: pie test 
1377-Hardened: ./usr/lib/jvm/java-11-openjdk-11.0.14.0.8-0.2.ea.el9.x86_64/lib/libextnet.so: PASS: optimization test 
1378-Hardened: ./usr/lib/jvm/java-11-openjdk-11.0.14.0.8-0.2.ea.el9.x86_64/lib/libextnet.so: PASS: pic test 
1379-Hardened: ./usr/lib/jvm/java-11-openjdk-11.0.14.0.8-0.2.ea.el9.x86_64/lib/libextnet.so: PASS: stack-prot test 
1380-Hardened: ./usr/lib/jvm/java-11-openjdk-11.0.14.0.8-0.2.ea.el9.x86_64/lib/libextnet.so: PASS: writable-got test 
--
1402-Hardened: ./usr/lib/jvm/java-11-openjdk-11.0.14.0.8-0.2.ea.el9.x86_64/lib/libextnet.so: PASS: rwx-seg test 
1403-Hardened: ./usr/lib/jvm/java-11-openjdk-11.0.14.0.8-0.2.ea.el9.x86_64/lib/libextnet.so: PASS: short-enums test 
1404-Hardened: ./usr/lib/jvm/java-11-openjdk-11.0.14.0.8-0.2.ea.el9.x86_64/lib/libextnet.so: PASS: textrel test 
1405-Hardened: ./usr/lib/jvm/java-11-openjdk-11.0.14.0.8-0.2.ea.el9.x86_64/lib/libextnet.so: PASS: threads test 
1406-Hardened: ./usr/lib/jvm/java-11-openjdk-11.0.14.0.8-0.2.ea.el9.x86_64/lib/libextnet.so: PASS: unicode test 
1407:Hardened: ./usr/lib/jvm/java-11-openjdk-11.0.14.0.8-0.2.ea.el9.x86_64/lib/libextnet.so: Overall: FAIL (due to MAYB results).
1408-Hardened: ./usr/lib/jvm/java-11-openjdk-11.0.14.0.8-0.2.ea.el9.x86_64/lib/libfontmanager.so: PASS: pie test 
1409-Hardened: ./usr/lib/jvm/java-11-openjdk-11.0.14.0.8-0.2.ea.el9.x86_64/lib/libfontmanager.so: PASS: optimization test 
1410-Hardened: ./usr/lib/jvm/java-11-openjdk-11.0.14.0.8-0.2.ea.el9.x86_64/lib/libfontmanager.so: PASS: pic test 
1411-Hardened: ./usr/lib/jvm/java-11-openjdk-11.0.14.0.8-0.2.ea.el9.x86_64/lib/libfontmanager.so: PASS: stack-prot test 
1412-Hardened: ./usr/lib/jvm/java-11-openjdk-11.0.14.0.8-0.2.ea.el9.x86_64/lib/libfontmanager.so: info: ALSO written in C++ (source: DW_AT_language string).
--
1435-Hardened: ./usr/lib/jvm/java-11-openjdk-11.0.14.0.8-0.2.ea.el9.x86_64/lib/libfontmanager.so: PASS: rwx-seg test 
1436-Hardened: ./usr/lib/jvm/java-11-openjdk-11.0.14.0.8-0.2.ea.el9.x86_64/lib/libfontmanager.so: PASS: short-enums test 
1437-Hardened: ./usr/lib/jvm/java-11-openjdk-11.0.14.0.8-0.2.ea.el9.x86_64/lib/libfontmanager.so: PASS: textrel test 
1438-Hardened: ./usr/lib/jvm/java-11-openjdk-11.0.14.0.8-0.2.ea.el9.x86_64/lib/libfontmanager.so: PASS: threads test 
1439-Hardened: ./usr/lib/jvm/java-11-openjdk-11.0.14.0.8-0.2.ea.el9.x86_64/lib/libfontmanager.so: PASS: unicode test 
1440:Hardened: ./usr/lib/jvm/java-11-openjdk-11.0.14.0.8-0.2.ea.el9.x86_64/lib/libfontmanager.so: Overall: FAIL (due to MAYB results).
1441-Hardened: ./usr/lib/jvm/java-11-openjdk-11.0.14.0.8-0.2.ea.el9.x86_64/lib/libinstrument.so: PASS: pie test 
1442-Hardened: ./usr/lib/jvm/java-11-openjdk-11.0.14.0.8-0.2.ea.el9.x86_64/lib/libinstrument.so: PASS: optimization test 
1443-Hardened: ./usr/lib/jvm/java-11-openjdk-11.0.14.0.8-0.2.ea.el9.x86_64/lib/libinstrument.so: PASS: pic test 
1444-Hardened: ./usr/lib/jvm/java-11-openjdk-11.0.14.0.8-0.2.ea.el9.x86_64/lib/libinstrument.so: PASS: stack-prot test 
1445-Hardened: ./usr/lib/jvm/java-11-openjdk-11.0.14.0.8-0.2.ea.el9.x86_64/lib/libinstrument.so: PASS: writable-got test 
--
1467-Hardened: ./usr/lib/jvm/java-11-openjdk-11.0.14.0.8-0.2.ea.el9.x86_64/lib/libinstrument.so: PASS: rwx-seg test 
1468-Hardened: ./usr/lib/jvm/java-11-openjdk-11.0.14.0.8-0.2.ea.el9.x86_64/lib/libinstrument.so: PASS: short-enums test 
1469-Hardened: ./usr/lib/jvm/java-11-openjdk-11.0.14.0.8-0.2.ea.el9.x86_64/lib/libinstrument.so: PASS: textrel test 
1470-Hardened: ./usr/lib/jvm/java-11-openjdk-11.0.14.0.8-0.2.ea.el9.x86_64/lib/libinstrument.so: PASS: threads test 
1471-Hardened: ./usr/lib/jvm/java-11-openjdk-11.0.14.0.8-0.2.ea.el9.x86_64/lib/libinstrument.so: PASS: unicode test 
1472:Hardened: ./usr/lib/jvm/java-11-openjdk-11.0.14.0.8-0.2.ea.el9.x86_64/lib/libinstrument.so: Overall: FAIL (due to MAYB results).
1473-Hardened: ./usr/lib/jvm/java-11-openjdk-11.0.14.0.8-0.2.ea.el9.x86_64/lib/libj2gss.so: PASS: pie test 
1474-Hardened: ./usr/lib/jvm/java-11-openjdk-11.0.14.0.8-0.2.ea.el9.x86_64/lib/libj2gss.so: PASS: optimization test 
1475-Hardened: ./usr/lib/jvm/java-11-openjdk-11.0.14.0.8-0.2.ea.el9.x86_64/lib/libj2gss.so: PASS: pic test 
1476-Hardened: ./usr/lib/jvm/java-11-openjdk-11.0.14.0.8-0.2.ea.el9.x86_64/lib/libj2gss.so: PASS: stack-prot test 
1477-Hardened: ./usr/lib/jvm/java-11-openjdk-11.0.14.0.8-0.2.ea.el9.x86_64/lib/libj2gss.so: PASS: writable-got test 
--
1499-Hardened: ./usr/lib/jvm/java-11-openjdk-11.0.14.0.8-0.2.ea.el9.x86_64/lib/libj2gss.so: PASS: rwx-seg test 
1500-Hardened: ./usr/lib/jvm/java-11-openjdk-11.0.14.0.8-0.2.ea.el9.x86_64/lib/libj2gss.so: PASS: short-enums test 
1501-Hardened: ./usr/lib/jvm/java-11-openjdk-11.0.14.0.8-0.2.ea.el9.x86_64/lib/libj2gss.so: PASS: textrel test 
1502-Hardened: ./usr/lib/jvm/java-11-openjdk-11.0.14.0.8-0.2.ea.el9.x86_64/lib/libj2gss.so: PASS: threads test 
1503-Hardened: ./usr/lib/jvm/java-11-openjdk-11.0.14.0.8-0.2.ea.el9.x86_64/lib/libj2gss.so: PASS: unicode test 
1504:Hardened: ./usr/lib/jvm/java-11-openjdk-11.0.14.0.8-0.2.ea.el9.x86_64/lib/libj2gss.so: Overall: FAIL (due to MAYB results).
1505-Hardened: ./usr/lib/jvm/java-11-openjdk-11.0.14.0.8-0.2.ea.el9.x86_64/lib/libj2pcsc.so: PASS: pie test 
1506-Hardened: ./usr/lib/jvm/java-11-openjdk-11.0.14.0.8-0.2.ea.el9.x86_64/lib/libj2pcsc.so: PASS: optimization test 
1507-Hardened: ./usr/lib/jvm/java-11-openjdk-11.0.14.0.8-0.2.ea.el9.x86_64/lib/libj2pcsc.so: PASS: pic test 
1508-Hardened: ./usr/lib/jvm/java-11-openjdk-11.0.14.0.8-0.2.ea.el9.x86_64/lib/libj2pcsc.so: PASS: stack-prot test 
1509-Hardened: ./usr/lib/jvm/java-11-openjdk-11.0.14.0.8-0.2.ea.el9.x86_64/lib/libj2pcsc.so: PASS: writable-got test 
--
1531-Hardened: ./usr/lib/jvm/java-11-openjdk-11.0.14.0.8-0.2.ea.el9.x86_64/lib/libj2pcsc.so: PASS: rwx-seg test 
1532-Hardened: ./usr/lib/jvm/java-11-openjdk-11.0.14.0.8-0.2.ea.el9.x86_64/lib/libj2pcsc.so: PASS: short-enums test 
1533-Hardened: ./usr/lib/jvm/java-11-openjdk-11.0.14.0.8-0.2.ea.el9.x86_64/lib/libj2pcsc.so: PASS: textrel test 
1534-Hardened: ./usr/lib/jvm/java-11-openjdk-11.0.14.0.8-0.2.ea.el9.x86_64/lib/libj2pcsc.so: PASS: threads test 
1535-Hardened: ./usr/lib/jvm/java-11-openjdk-11.0.14.0.8-0.2.ea.el9.x86_64/lib/libj2pcsc.so: PASS: unicode test 
1536:Hardened: ./usr/lib/jvm/java-11-openjdk-11.0.14.0.8-0.2.ea.el9.x86_64/lib/libj2pcsc.so: Overall: FAIL (due to MAYB results).
1537-Hardened: ./usr/lib/jvm/java-11-openjdk-11.0.14.0.8-0.2.ea.el9.x86_64/lib/libj2pkcs11.so: PASS: pie test 
1538-Hardened: ./usr/lib/jvm/java-11-openjdk-11.0.14.0.8-0.2.ea.el9.x86_64/lib/libj2pkcs11.so: PASS: optimization test 
1539-Hardened: ./usr/lib/jvm/java-11-openjdk-11.0.14.0.8-0.2.ea.el9.x86_64/lib/libj2pkcs11.so: PASS: pic test 
1540-Hardened: ./usr/lib/jvm/java-11-openjdk-11.0.14.0.8-0.2.ea.el9.x86_64/lib/libj2pkcs11.so: PASS: stack-prot test 
1541-Hardened: ./usr/lib/jvm/java-11-openjdk-11.0.14.0.8-0.2.ea.el9.x86_64/lib/libj2pkcs11.so: PASS: writable-got test 
--
1563-Hardened: ./usr/lib/jvm/java-11-openjdk-11.0.14.0.8-0.2.ea.el9.x86_64/lib/libj2pkcs11.so: PASS: rwx-seg test 
1564-Hardened: ./usr/lib/jvm/java-11-openjdk-11.0.14.0.8-0.2.ea.el9.x86_64/lib/libj2pkcs11.so: PASS: short-enums test 
1565-Hardened: ./usr/lib/jvm/java-11-openjdk-11.0.14.0.8-0.2.ea.el9.x86_64/lib/libj2pkcs11.so: PASS: textrel test 
1566-Hardened: ./usr/lib/jvm/java-11-openjdk-11.0.14.0.8-0.2.ea.el9.x86_64/lib/libj2pkcs11.so: PASS: threads test 
1567-Hardened: ./usr/lib/jvm/java-11-openjdk-11.0.14.0.8-0.2.ea.el9.x86_64/lib/libj2pkcs11.so: PASS: unicode test 
1568:Hardened: ./usr/lib/jvm/java-11-openjdk-11.0.14.0.8-0.2.ea.el9.x86_64/lib/libj2pkcs11.so: Overall: FAIL (due to MAYB results).
1569-Hardened: ./usr/lib/jvm/java-11-openjdk-11.0.14.0.8-0.2.ea.el9.x86_64/lib/libjaas.so: PASS: pie test 
1570-Hardened: ./usr/lib/jvm/java-11-openjdk-11.0.14.0.8-0.2.ea.el9.x86_64/lib/libjaas.so: PASS: optimization test 
1571-Hardened: ./usr/lib/jvm/java-11-openjdk-11.0.14.0.8-0.2.ea.el9.x86_64/lib/libjaas.so: PASS: pic test 
1572-Hardened: ./usr/lib/jvm/java-11-openjdk-11.0.14.0.8-0.2.ea.el9.x86_64/lib/libjaas.so: PASS: stack-prot test 
1573-Hardened: ./usr/lib/jvm/java-11-openjdk-11.0.14.0.8-0.2.ea.el9.x86_64/lib/libjaas.so: PASS: writable-got test 
--
1595-Hardened: ./usr/lib/jvm/java-11-openjdk-11.0.14.0.8-0.2.ea.el9.x86_64/lib/libjaas.so: PASS: rwx-seg test 
1596-Hardened: ./usr/lib/jvm/java-11-openjdk-11.0.14.0.8-0.2.ea.el9.x86_64/lib/libjaas.so: PASS: short-enums test 
1597-Hardened: ./usr/lib/jvm/java-11-openjdk-11.0.14.0.8-0.2.ea.el9.x86_64/lib/libjaas.so: PASS: textrel test 
1598-Hardened: ./usr/lib/jvm/java-11-openjdk-11.0.14.0.8-0.2.ea.el9.x86_64/lib/libjaas.so: PASS: threads test 
1599-Hardened: ./usr/lib/jvm/java-11-openjdk-11.0.14.0.8-0.2.ea.el9.x86_64/lib/libjaas.so: PASS: unicode test 
1600:Hardened: ./usr/lib/jvm/java-11-openjdk-11.0.14.0.8-0.2.ea.el9.x86_64/lib/libjaas.so: Overall: FAIL (due to MAYB results).
1601-Hardened: ./usr/lib/jvm/java-11-openjdk-11.0.14.0.8-0.2.ea.el9.x86_64/lib/libjava.so: PASS: pie test 
1602-Hardened: ./usr/lib/jvm/java-11-openjdk-11.0.14.0.8-0.2.ea.el9.x86_64/lib/libjava.so: PASS: optimization test 
1603-Hardened: ./usr/lib/jvm/java-11-openjdk-11.0.14.0.8-0.2.ea.el9.x86_64/lib/libjava.so: PASS: pic test 
1604-Hardened: ./usr/lib/jvm/java-11-openjdk-11.0.14.0.8-0.2.ea.el9.x86_64/lib/libjava.so: PASS: stack-prot test 
1605-Hardened: ./usr/lib/jvm/java-11-openjdk-11.0.14.0.8-0.2.ea.el9.x86_64/lib/libjava.so: PASS: writable-got test 
--
1627-Hardened: ./usr/lib/jvm/java-11-openjdk-11.0.14.0.8-0.2.ea.el9.x86_64/lib/libjava.so: PASS: rwx-seg test 
1628-Hardened: ./usr/lib/jvm/java-11-openjdk-11.0.14.0.8-0.2.ea.el9.x86_64/lib/libjava.so: PASS: short-enums test 
1629-Hardened: ./usr/lib/jvm/java-11-openjdk-11.0.14.0.8-0.2.ea.el9.x86_64/lib/libjava.so: PASS: textrel test 
1630-Hardened: ./usr/lib/jvm/java-11-openjdk-11.0.14.0.8-0.2.ea.el9.x86_64/lib/libjava.so: PASS: threads test 
1631-Hardened: ./usr/lib/jvm/java-11-openjdk-11.0.14.0.8-0.2.ea.el9.x86_64/lib/libjava.so: PASS: unicode test 
1632:Hardened: ./usr/lib/jvm/java-11-openjdk-11.0.14.0.8-0.2.ea.el9.x86_64/lib/libjava.so: Overall: FAIL (due to MAYB results).
1633-Hardened: ./usr/lib/jvm/java-11-openjdk-11.0.14.0.8-0.2.ea.el9.x86_64/lib/libjavajpeg.so: PASS: pie test 
1634-Hardened: ./usr/lib/jvm/java-11-openjdk-11.0.14.0.8-0.2.ea.el9.x86_64/lib/libjavajpeg.so: PASS: optimization test 
1635-Hardened: ./usr/lib/jvm/java-11-openjdk-11.0.14.0.8-0.2.ea.el9.x86_64/lib/libjavajpeg.so: PASS: pic test 
1636-Hardened: ./usr/lib/jvm/java-11-openjdk-11.0.14.0.8-0.2.ea.el9.x86_64/lib/libjavajpeg.so: PASS: stack-prot test 
1637-Hardened: ./usr/lib/jvm/java-11-openjdk-11.0.14.0.8-0.2.ea.el9.x86_64/lib/libjavajpeg.so: PASS: writable-got test 
--
1659-Hardened: ./usr/lib/jvm/java-11-openjdk-11.0.14.0.8-0.2.ea.el9.x86_64/lib/libjavajpeg.so: PASS: rwx-seg test 
1660-Hardened: ./usr/lib/jvm/java-11-openjdk-11.0.14.0.8-0.2.ea.el9.x86_64/lib/libjavajpeg.so: PASS: short-enums test 
1661-Hardened: ./usr/lib/jvm/java-11-openjdk-11.0.14.0.8-0.2.ea.el9.x86_64/lib/libjavajpeg.so: PASS: textrel test 
1662-Hardened: ./usr/lib/jvm/java-11-openjdk-11.0.14.0.8-0.2.ea.el9.x86_64/lib/libjavajpeg.so: PASS: threads test 
1663-Hardened: ./usr/lib/jvm/java-11-openjdk-11.0.14.0.8-0.2.ea.el9.x86_64/lib/libjavajpeg.so: PASS: unicode test 
1664:Hardened: ./usr/lib/jvm/java-11-openjdk-11.0.14.0.8-0.2.ea.el9.x86_64/lib/libjavajpeg.so: Overall: FAIL (due to MAYB results).
1665-Hardened: ./usr/lib/jvm/java-11-openjdk-11.0.14.0.8-0.2.ea.el9.x86_64/lib/libjdwp.so: PASS: pie test 
1666-Hardened: ./usr/lib/jvm/java-11-openjdk-11.0.14.0.8-0.2.ea.el9.x86_64/lib/libjdwp.so: PASS: optimization test 
1667-Hardened: ./usr/lib/jvm/java-11-openjdk-11.0.14.0.8-0.2.ea.el9.x86_64/lib/libjdwp.so: PASS: pic test 
1668-Hardened: ./usr/lib/jvm/java-11-openjdk-11.0.14.0.8-0.2.ea.el9.x86_64/lib/libjdwp.so: PASS: stack-prot test 
1669-Hardened: ./usr/lib/jvm/java-11-openjdk-11.0.14.0.8-0.2.ea.el9.x86_64/lib/libjdwp.so: PASS: writable-got test 
--
1691-Hardened: ./usr/lib/jvm/java-11-openjdk-11.0.14.0.8-0.2.ea.el9.x86_64/lib/libjdwp.so: PASS: rwx-seg test 
1692-Hardened: ./usr/lib/jvm/java-11-openjdk-11.0.14.0.8-0.2.ea.el9.x86_64/lib/libjdwp.so: PASS: short-enums test 
1693-Hardened: ./usr/lib/jvm/java-11-openjdk-11.0.14.0.8-0.2.ea.el9.x86_64/lib/libjdwp.so: PASS: textrel test 
1694-Hardened: ./usr/lib/jvm/java-11-openjdk-11.0.14.0.8-0.2.ea.el9.x86_64/lib/libjdwp.so: PASS: threads test 
1695-Hardened: ./usr/lib/jvm/java-11-openjdk-11.0.14.0.8-0.2.ea.el9.x86_64/lib/libjdwp.so: PASS: unicode test 
1696:Hardened: ./usr/lib/jvm/java-11-openjdk-11.0.14.0.8-0.2.ea.el9.x86_64/lib/libjdwp.so: Overall: FAIL (due to MAYB results).
1697-Hardened: ./usr/lib/jvm/java-11-openjdk-11.0.14.0.8-0.2.ea.el9.x86_64/lib/libjimage.so: PASS: pie test 
1698-Hardened: ./usr/lib/jvm/java-11-openjdk-11.0.14.0.8-0.2.ea.el9.x86_64/lib/libjimage.so: PASS: optimization test 
1699-Hardened: ./usr/lib/jvm/java-11-openjdk-11.0.14.0.8-0.2.ea.el9.x86_64/lib/libjimage.so: PASS: pic test 
1700-Hardened: ./usr/lib/jvm/java-11-openjdk-11.0.14.0.8-0.2.ea.el9.x86_64/lib/libjimage.so: PASS: stack-prot test 
1701-Hardened: ./usr/lib/jvm/java-11-openjdk-11.0.14.0.8-0.2.ea.el9.x86_64/lib/libjimage.so: PASS: writable-got test 
--
1723-Hardened: ./usr/lib/jvm/java-11-openjdk-11.0.14.0.8-0.2.ea.el9.x86_64/lib/libjimage.so: PASS: rwx-seg test 
1724-Hardened: ./usr/lib/jvm/java-11-openjdk-11.0.14.0.8-0.2.ea.el9.x86_64/lib/libjimage.so: PASS: short-enums test 
1725-Hardened: ./usr/lib/jvm/java-11-openjdk-11.0.14.0.8-0.2.ea.el9.x86_64/lib/libjimage.so: PASS: textrel test 
1726-Hardened: ./usr/lib/jvm/java-11-openjdk-11.0.14.0.8-0.2.ea.el9.x86_64/lib/libjimage.so: PASS: threads test 
1727-Hardened: ./usr/lib/jvm/java-11-openjdk-11.0.14.0.8-0.2.ea.el9.x86_64/lib/libjimage.so: PASS: unicode test 
1728:Hardened: ./usr/lib/jvm/java-11-openjdk-11.0.14.0.8-0.2.ea.el9.x86_64/lib/libjimage.so: Overall: FAIL (due to MAYB results).
1729-Hardened: ./usr/lib/jvm/java-11-openjdk-11.0.14.0.8-0.2.ea.el9.x86_64/lib/libjsig.so: PASS: pie test 
1730-Hardened: ./usr/lib/jvm/java-11-openjdk-11.0.14.0.8-0.2.ea.el9.x86_64/lib/libjsig.so: PASS: optimization test 
1731-Hardened: ./usr/lib/jvm/java-11-openjdk-11.0.14.0.8-0.2.ea.el9.x86_64/lib/libjsig.so: PASS: pic test 
1732-Hardened: ./usr/lib/jvm/java-11-openjdk-11.0.14.0.8-0.2.ea.el9.x86_64/lib/libjsig.so: PASS: stack-prot test 
1733-Hardened: ./usr/lib/jvm/java-11-openjdk-11.0.14.0.8-0.2.ea.el9.x86_64/lib/libjsig.so: PASS: writable-got test 
--
1755-Hardened: ./usr/lib/jvm/java-11-openjdk-11.0.14.0.8-0.2.ea.el9.x86_64/lib/libjsig.so: PASS: rwx-seg test 
1756-Hardened: ./usr/lib/jvm/java-11-openjdk-11.0.14.0.8-0.2.ea.el9.x86_64/lib/libjsig.so: PASS: short-enums test 
1757-Hardened: ./usr/lib/jvm/java-11-openjdk-11.0.14.0.8-0.2.ea.el9.x86_64/lib/libjsig.so: PASS: textrel test 
1758-Hardened: ./usr/lib/jvm/java-11-openjdk-11.0.14.0.8-0.2.ea.el9.x86_64/lib/libjsig.so: PASS: threads test 
1759-Hardened: ./usr/lib/jvm/java-11-openjdk-11.0.14.0.8-0.2.ea.el9.x86_64/lib/libjsig.so: PASS: unicode test 
1760:Hardened: ./usr/lib/jvm/java-11-openjdk-11.0.14.0.8-0.2.ea.el9.x86_64/lib/libjsig.so: Overall: FAIL (due to MAYB results).
1761-Hardened: ./usr/lib/jvm/java-11-openjdk-11.0.14.0.8-0.2.ea.el9.x86_64/lib/libjsound.so: PASS: pie test 
1762-Hardened: ./usr/lib/jvm/java-11-openjdk-11.0.14.0.8-0.2.ea.el9.x86_64/lib/libjsound.so: PASS: optimization test 
1763-Hardened: ./usr/lib/jvm/java-11-openjdk-11.0.14.0.8-0.2.ea.el9.x86_64/lib/libjsound.so: PASS: pic test 
1764-Hardened: ./usr/lib/jvm/java-11-openjdk-11.0.14.0.8-0.2.ea.el9.x86_64/lib/libjsound.so: PASS: stack-prot test 
1765-Hardened: ./usr/lib/jvm/java-11-openjdk-11.0.14.0.8-0.2.ea.el9.x86_64/lib/libjsound.so: PASS: writable-got test 
--
1787-Hardened: ./usr/lib/jvm/java-11-openjdk-11.0.14.0.8-0.2.ea.el9.x86_64/lib/libjsound.so: PASS: rwx-seg test 
1788-Hardened: ./usr/lib/jvm/java-11-openjdk-11.0.14.0.8-0.2.ea.el9.x86_64/lib/libjsound.so: PASS: short-enums test 
1789-Hardened: ./usr/lib/jvm/java-11-openjdk-11.0.14.0.8-0.2.ea.el9.x86_64/lib/libjsound.so: PASS: textrel test 
1790-Hardened: ./usr/lib/jvm/java-11-openjdk-11.0.14.0.8-0.2.ea.el9.x86_64/lib/libjsound.so: PASS: threads test 
1791-Hardened: ./usr/lib/jvm/java-11-openjdk-11.0.14.0.8-0.2.ea.el9.x86_64/lib/libjsound.so: PASS: unicode test 
1792:Hardened: ./usr/lib/jvm/java-11-openjdk-11.0.14.0.8-0.2.ea.el9.x86_64/lib/libjsound.so: Overall: FAIL (due to MAYB results).
1793-Hardened: ./usr/lib/jvm/java-11-openjdk-11.0.14.0.8-0.2.ea.el9.x86_64/lib/liblcms.so: PASS: pie test 
1794-Hardened: ./usr/lib/jvm/java-11-openjdk-11.0.14.0.8-0.2.ea.el9.x86_64/lib/liblcms.so: PASS: optimization test 
1795-Hardened: ./usr/lib/jvm/java-11-openjdk-11.0.14.0.8-0.2.ea.el9.x86_64/lib/liblcms.so: PASS: pic test 
1796-Hardened: ./usr/lib/jvm/java-11-openjdk-11.0.14.0.8-0.2.ea.el9.x86_64/lib/liblcms.so: PASS: stack-prot test 
1797-Hardened: ./usr/lib/jvm/java-11-openjdk-11.0.14.0.8-0.2.ea.el9.x86_64/lib/liblcms.so: PASS: writable-got test 
--
1819-Hardened: ./usr/lib/jvm/java-11-openjdk-11.0.14.0.8-0.2.ea.el9.x86_64/lib/liblcms.so: PASS: rwx-seg test 
1820-Hardened: ./usr/lib/jvm/java-11-openjdk-11.0.14.0.8-0.2.ea.el9.x86_64/lib/liblcms.so: PASS: short-enums test 
1821-Hardened: ./usr/lib/jvm/java-11-openjdk-11.0.14.0.8-0.2.ea.el9.x86_64/lib/liblcms.so: PASS: textrel test 
1822-Hardened: ./usr/lib/jvm/java-11-openjdk-11.0.14.0.8-0.2.ea.el9.x86_64/lib/liblcms.so: PASS: threads test 
1823-Hardened: ./usr/lib/jvm/java-11-openjdk-11.0.14.0.8-0.2.ea.el9.x86_64/lib/liblcms.so: PASS: unicode test 
1824:Hardened: ./usr/lib/jvm/java-11-openjdk-11.0.14.0.8-0.2.ea.el9.x86_64/lib/liblcms.so: Overall: FAIL (due to MAYB results).
1825-Hardened: ./usr/lib/jvm/java-11-openjdk-11.0.14.0.8-0.2.ea.el9.x86_64/lib/libmanagement.so: PASS: pie test 
1826-Hardened: ./usr/lib/jvm/java-11-openjdk-11.0.14.0.8-0.2.ea.el9.x86_64/lib/libmanagement.so: PASS: optimization test 
1827-Hardened: ./usr/lib/jvm/java-11-openjdk-11.0.14.0.8-0.2.ea.el9.x86_64/lib/libmanagement.so: PASS: pic test 
1828-Hardened: ./usr/lib/jvm/java-11-openjdk-11.0.14.0.8-0.2.ea.el9.x86_64/lib/libmanagement.so: PASS: stack-prot test 
1829-Hardened: ./usr/lib/jvm/java-11-openjdk-11.0.14.0.8-0.2.ea.el9.x86_64/lib/libmanagement.so: PASS: writable-got test 
--
1851-Hardened: ./usr/lib/jvm/java-11-openjdk-11.0.14.0.8-0.2.ea.el9.x86_64/lib/libmanagement.so: PASS: rwx-seg test 
1852-Hardened: ./usr/lib/jvm/java-11-openjdk-11.0.14.0.8-0.2.ea.el9.x86_64/lib/libmanagement.so: PASS: short-enums test 
1853-Hardened: ./usr/lib/jvm/java-11-openjdk-11.0.14.0.8-0.2.ea.el9.x86_64/lib/libmanagement.so: PASS: textrel test 
1854-Hardened: ./usr/lib/jvm/java-11-openjdk-11.0.14.0.8-0.2.ea.el9.x86_64/lib/libmanagement.so: PASS: threads test 
1855-Hardened: ./usr/lib/jvm/java-11-openjdk-11.0.14.0.8-0.2.ea.el9.x86_64/lib/libmanagement.so: PASS: unicode test 
1856:Hardened: ./usr/lib/jvm/java-11-openjdk-11.0.14.0.8-0.2.ea.el9.x86_64/lib/libmanagement.so: Overall: FAIL (due to MAYB results).
1857-Hardened: ./usr/lib/jvm/java-11-openjdk-11.0.14.0.8-0.2.ea.el9.x86_64/lib/libmanagement_agent.so: PASS: pie test 
1858-Hardened: ./usr/lib/jvm/java-11-openjdk-11.0.14.0.8-0.2.ea.el9.x86_64/lib/libmanagement_agent.so: PASS: optimization test 
1859-Hardened: ./usr/lib/jvm/java-11-openjdk-11.0.14.0.8-0.2.ea.el9.x86_64/lib/libmanagement_agent.so: PASS: pic test 
1860-Hardened: ./usr/lib/jvm/java-11-openjdk-11.0.14.0.8-0.2.ea.el9.x86_64/lib/libmanagement_agent.so: PASS: stack-prot test 
1861-Hardened: ./usr/lib/jvm/java-11-openjdk-11.0.14.0.8-0.2.ea.el9.x86_64/lib/libmanagement_agent.so: PASS: writable-got test 
--
1883-Hardened: ./usr/lib/jvm/java-11-openjdk-11.0.14.0.8-0.2.ea.el9.x86_64/lib/libmanagement_agent.so: PASS: rwx-seg test 
1884-Hardened: ./usr/lib/jvm/java-11-openjdk-11.0.14.0.8-0.2.ea.el9.x86_64/lib/libmanagement_agent.so: PASS: short-enums test 
1885-Hardened: ./usr/lib/jvm/java-11-openjdk-11.0.14.0.8-0.2.ea.el9.x86_64/lib/libmanagement_agent.so: PASS: textrel test 
1886-Hardened: ./usr/lib/jvm/java-11-openjdk-11.0.14.0.8-0.2.ea.el9.x86_64/lib/libmanagement_agent.so: PASS: threads test 
1887-Hardened: ./usr/lib/jvm/java-11-openjdk-11.0.14.0.8-0.2.ea.el9.x86_64/lib/libmanagement_agent.so: PASS: unicode test 
1888:Hardened: ./usr/lib/jvm/java-11-openjdk-11.0.14.0.8-0.2.ea.el9.x86_64/lib/libmanagement_agent.so: Overall: FAIL (due to MAYB results).
1889-Hardened: ./usr/lib/jvm/java-11-openjdk-11.0.14.0.8-0.2.ea.el9.x86_64/lib/libmanagement_ext.so: PASS: pie test 
1890-Hardened: ./usr/lib/jvm/java-11-openjdk-11.0.14.0.8-0.2.ea.el9.x86_64/lib/libmanagement_ext.so: PASS: optimization test 
1891-Hardened: ./usr/lib/jvm/java-11-openjdk-11.0.14.0.8-0.2.ea.el9.x86_64/lib/libmanagement_ext.so: PASS: pic test 
1892-Hardened: ./usr/lib/jvm/java-11-openjdk-11.0.14.0.8-0.2.ea.el9.x86_64/lib/libmanagement_ext.so: PASS: stack-prot test 
1893-Hardened: ./usr/lib/jvm/java-11-openjdk-11.0.14.0.8-0.2.ea.el9.x86_64/lib/libmanagement_ext.so: PASS: writable-got test 
--
1915-Hardened: ./usr/lib/jvm/java-11-openjdk-11.0.14.0.8-0.2.ea.el9.x86_64/lib/libmanagement_ext.so: PASS: rwx-seg test 
1916-Hardened: ./usr/lib/jvm/java-11-openjdk-11.0.14.0.8-0.2.ea.el9.x86_64/lib/libmanagement_ext.so: PASS: short-enums test 
1917-Hardened: ./usr/lib/jvm/java-11-openjdk-11.0.14.0.8-0.2.ea.el9.x86_64/lib/libmanagement_ext.so: PASS: textrel test 
1918-Hardened: ./usr/lib/jvm/java-11-openjdk-11.0.14.0.8-0.2.ea.el9.x86_64/lib/libmanagement_ext.so: PASS: threads test 
1919-Hardened: ./usr/lib/jvm/java-11-openjdk-11.0.14.0.8-0.2.ea.el9.x86_64/lib/libmanagement_ext.so: PASS: unicode test 
1920:Hardened: ./usr/lib/jvm/java-11-openjdk-11.0.14.0.8-0.2.ea.el9.x86_64/lib/libmanagement_ext.so: Overall: FAIL (due to MAYB results).
1921-Hardened: ./usr/lib/jvm/java-11-openjdk-11.0.14.0.8-0.2.ea.el9.x86_64/lib/libmlib_image.so: PASS: pie test 
1922-Hardened: ./usr/lib/jvm/java-11-openjdk-11.0.14.0.8-0.2.ea.el9.x86_64/lib/libmlib_image.so: PASS: optimization test 
1923-Hardened: ./usr/lib/jvm/java-11-openjdk-11.0.14.0.8-0.2.ea.el9.x86_64/lib/libmlib_image.so: PASS: pic test 
1924-Hardened: ./usr/lib/jvm/java-11-openjdk-11.0.14.0.8-0.2.ea.el9.x86_64/lib/libmlib_image.so: PASS: stack-prot test 
1925-Hardened: ./usr/lib/jvm/java-11-openjdk-11.0.14.0.8-0.2.ea.el9.x86_64/lib/libmlib_image.so: PASS: writable-got test 
--
1947-Hardened: ./usr/lib/jvm/java-11-openjdk-11.0.14.0.8-0.2.ea.el9.x86_64/lib/libmlib_image.so: PASS: rwx-seg test 
1948-Hardened: ./usr/lib/jvm/java-11-openjdk-11.0.14.0.8-0.2.ea.el9.x86_64/lib/libmlib_image.so: PASS: short-enums test 
1949-Hardened: ./usr/lib/jvm/java-11-openjdk-11.0.14.0.8-0.2.ea.el9.x86_64/lib/libmlib_image.so: PASS: textrel test 
1950-Hardened: ./usr/lib/jvm/java-11-openjdk-11.0.14.0.8-0.2.ea.el9.x86_64/lib/libmlib_image.so: PASS: threads test 
1951-Hardened: ./usr/lib/jvm/java-11-openjdk-11.0.14.0.8-0.2.ea.el9.x86_64/lib/libmlib_image.so: PASS: unicode test 
1952:Hardened: ./usr/lib/jvm/java-11-openjdk-11.0.14.0.8-0.2.ea.el9.x86_64/lib/libmlib_image.so: Overall: FAIL (due to MAYB results).
1953-Hardened: ./usr/lib/jvm/java-11-openjdk-11.0.14.0.8-0.2.ea.el9.x86_64/lib/libnet.so: PASS: pie test 
1954-Hardened: ./usr/lib/jvm/java-11-openjdk-11.0.14.0.8-0.2.ea.el9.x86_64/lib/libnet.so: PASS: optimization test 
1955-Hardened: ./usr/lib/jvm/java-11-openjdk-11.0.14.0.8-0.2.ea.el9.x86_64/lib/libnet.so: PASS: pic test 
1956-Hardened: ./usr/lib/jvm/java-11-openjdk-11.0.14.0.8-0.2.ea.el9.x86_64/lib/libnet.so: PASS: stack-prot test 
1957-Hardened: ./usr/lib/jvm/java-11-openjdk-11.0.14.0.8-0.2.ea.el9.x86_64/lib/libnet.so: PASS: writable-got test 
--
1979-Hardened: ./usr/lib/jvm/java-11-openjdk-11.0.14.0.8-0.2.ea.el9.x86_64/lib/libnet.so: PASS: rwx-seg test 
1980-Hardened: ./usr/lib/jvm/java-11-openjdk-11.0.14.0.8-0.2.ea.el9.x86_64/lib/libnet.so: PASS: short-enums test 
1981-Hardened: ./usr/lib/jvm/java-11-openjdk-11.0.14.0.8-0.2.ea.el9.x86_64/lib/libnet.so: PASS: textrel test 
1982-Hardened: ./usr/lib/jvm/java-11-openjdk-11.0.14.0.8-0.2.ea.el9.x86_64/lib/libnet.so: PASS: threads test 
1983-Hardened: ./usr/lib/jvm/java-11-openjdk-11.0.14.0.8-0.2.ea.el9.x86_64/lib/libnet.so: PASS: unicode test 
1984:Hardened: ./usr/lib/jvm/java-11-openjdk-11.0.14.0.8-0.2.ea.el9.x86_64/lib/libnet.so: Overall: FAIL (due to MAYB results).
1985-Hardened: ./usr/lib/jvm/java-11-openjdk-11.0.14.0.8-0.2.ea.el9.x86_64/lib/libnio.so: PASS: pie test 
1986-Hardened: ./usr/lib/jvm/java-11-openjdk-11.0.14.0.8-0.2.ea.el9.x86_64/lib/libnio.so: PASS: optimization test 
1987-Hardened: ./usr/lib/jvm/java-11-openjdk-11.0.14.0.8-0.2.ea.el9.x86_64/lib/libnio.so: PASS: pic test 
1988-Hardened: ./usr/lib/jvm/java-11-openjdk-11.0.14.0.8-0.2.ea.el9.x86_64/lib/libnio.so: PASS: stack-prot test 
1989-Hardened: ./usr/lib/jvm/java-11-openjdk-11.0.14.0.8-0.2.ea.el9.x86_64/lib/libnio.so: PASS: writable-got test 
--
2011-Hardened: ./usr/lib/jvm/java-11-openjdk-11.0.14.0.8-0.2.ea.el9.x86_64/lib/libnio.so: PASS: rwx-seg test 
2012-Hardened: ./usr/lib/jvm/java-11-openjdk-11.0.14.0.8-0.2.ea.el9.x86_64/lib/libnio.so: PASS: short-enums test 
2013-Hardened: ./usr/lib/jvm/java-11-openjdk-11.0.14.0.8-0.2.ea.el9.x86_64/lib/libnio.so: PASS: textrel test 
2014-Hardened: ./usr/lib/jvm/java-11-openjdk-11.0.14.0.8-0.2.ea.el9.x86_64/lib/libnio.so: PASS: threads test 
2015-Hardened: ./usr/lib/jvm/java-11-openjdk-11.0.14.0.8-0.2.ea.el9.x86_64/lib/libnio.so: PASS: unicode test 
2016:Hardened: ./usr/lib/jvm/java-11-openjdk-11.0.14.0.8-0.2.ea.el9.x86_64/lib/libnio.so: Overall: FAIL (due to MAYB results).
2017-Hardened: ./usr/lib/jvm/java-11-openjdk-11.0.14.0.8-0.2.ea.el9.x86_64/lib/libprefs.so: PASS: pie test 
2018-Hardened: ./usr/lib/jvm/java-11-openjdk-11.0.14.0.8-0.2.ea.el9.x86_64/lib/libprefs.so: PASS: optimization test 
2019-Hardened: ./usr/lib/jvm/java-11-openjdk-11.0.14.0.8-0.2.ea.el9.x86_64/lib/libprefs.so: PASS: pic test 
2020-Hardened: ./usr/lib/jvm/java-11-openjdk-11.0.14.0.8-0.2.ea.el9.x86_64/lib/libprefs.so: PASS: stack-prot test 
2021-Hardened: ./usr/lib/jvm/java-11-openjdk-11.0.14.0.8-0.2.ea.el9.x86_64/lib/libprefs.so: PASS: writable-got test 
--
2043-Hardened: ./usr/lib/jvm/java-11-openjdk-11.0.14.0.8-0.2.ea.el9.x86_64/lib/libprefs.so: PASS: rwx-seg test 
2044-Hardened: ./usr/lib/jvm/java-11-openjdk-11.0.14.0.8-0.2.ea.el9.x86_64/lib/libprefs.so: PASS: short-enums test 
2045-Hardened: ./usr/lib/jvm/java-11-openjdk-11.0.14.0.8-0.2.ea.el9.x86_64/lib/libprefs.so: PASS: textrel test 
2046-Hardened: ./usr/lib/jvm/java-11-openjdk-11.0.14.0.8-0.2.ea.el9.x86_64/lib/libprefs.so: PASS: threads test 
2047-Hardened: ./usr/lib/jvm/java-11-openjdk-11.0.14.0.8-0.2.ea.el9.x86_64/lib/libprefs.so: PASS: unicode test 
2048:Hardened: ./usr/lib/jvm/java-11-openjdk-11.0.14.0.8-0.2.ea.el9.x86_64/lib/libprefs.so: Overall: FAIL (due to MAYB results).
2049-Hardened: ./usr/lib/jvm/java-11-openjdk-11.0.14.0.8-0.2.ea.el9.x86_64/lib/librmi.so: PASS: pie test 
2050-Hardened: ./usr/lib/jvm/java-11-openjdk-11.0.14.0.8-0.2.ea.el9.x86_64/lib/librmi.so: PASS: optimization test 
2051-Hardened: ./usr/lib/jvm/java-11-openjdk-11.0.14.0.8-0.2.ea.el9.x86_64/lib/librmi.so: PASS: pic test 
2052-Hardened: ./usr/lib/jvm/java-11-openjdk-11.0.14.0.8-0.2.ea.el9.x86_64/lib/librmi.so: PASS: stack-prot test 
2053-Hardened: ./usr/lib/jvm/java-11-openjdk-11.0.14.0.8-0.2.ea.el9.x86_64/lib/librmi.so: PASS: writable-got test 
--
2075-Hardened: ./usr/lib/jvm/java-11-openjdk-11.0.14.0.8-0.2.ea.el9.x86_64/lib/librmi.so: PASS: rwx-seg test 
2076-Hardened: ./usr/lib/jvm/java-11-openjdk-11.0.14.0.8-0.2.ea.el9.x86_64/lib/librmi.so: PASS: short-enums test 
2077-Hardened: ./usr/lib/jvm/java-11-openjdk-11.0.14.0.8-0.2.ea.el9.x86_64/lib/librmi.so: PASS: textrel test 
2078-Hardened: ./usr/lib/jvm/java-11-openjdk-11.0.14.0.8-0.2.ea.el9.x86_64/lib/librmi.so: PASS: threads test 
2079-Hardened: ./usr/lib/jvm/java-11-openjdk-11.0.14.0.8-0.2.ea.el9.x86_64/lib/librmi.so: PASS: unicode test 
2080:Hardened: ./usr/lib/jvm/java-11-openjdk-11.0.14.0.8-0.2.ea.el9.x86_64/lib/librmi.so: Overall: FAIL (due to MAYB results).
2081-Hardened: ./usr/lib/jvm/java-11-openjdk-11.0.14.0.8-0.2.ea.el9.x86_64/lib/libsaproc.so: PASS: pie test 
2082-Hardened: ./usr/lib/jvm/java-11-openjdk-11.0.14.0.8-0.2.ea.el9.x86_64/lib/libsaproc.so: PASS: optimization test 
2083-Hardened: ./usr/lib/jvm/java-11-openjdk-11.0.14.0.8-0.2.ea.el9.x86_64/lib/libsaproc.so: PASS: pic test 
2084-Hardened: ./usr/lib/jvm/java-11-openjdk-11.0.14.0.8-0.2.ea.el9.x86_64/lib/libsaproc.so: PASS: stack-prot test 
2085-Hardened: ./usr/lib/jvm/java-11-openjdk-11.0.14.0.8-0.2.ea.el9.x86_64/lib/libsaproc.so: PASS: writable-got test 
--
2106-Hardened: ./usr/lib/jvm/java-11-openjdk-11.0.14.0.8-0.2.ea.el9.x86_64/lib/libsaproc.so: PASS: rwx-seg test 
2107-Hardened: ./usr/lib/jvm/java-11-openjdk-11.0.14.0.8-0.2.ea.el9.x86_64/lib/libsaproc.so: PASS: short-enums test 
2108-Hardened: ./usr/lib/jvm/java-11-openjdk-11.0.14.0.8-0.2.ea.el9.x86_64/lib/libsaproc.so: PASS: textrel test 
2109-Hardened: ./usr/lib/jvm/java-11-openjdk-11.0.14.0.8-0.2.ea.el9.x86_64/lib/libsaproc.so: PASS: threads test 
2110-Hardened: ./usr/lib/jvm/java-11-openjdk-11.0.14.0.8-0.2.ea.el9.x86_64/lib/libsaproc.so: PASS: unicode test 
2111:Hardened: ./usr/lib/jvm/java-11-openjdk-11.0.14.0.8-0.2.ea.el9.x86_64/lib/libsaproc.so: Overall: FAIL (due to MAYB results).
2112-Hardened: ./usr/lib/jvm/java-11-openjdk-11.0.14.0.8-0.2.ea.el9.x86_64/lib/libsctp.so: PASS: pie test 
2113-Hardened: ./usr/lib/jvm/java-11-openjdk-11.0.14.0.8-0.2.ea.el9.x86_64/lib/libsctp.so: PASS: optimization test 
2114-Hardened: ./usr/lib/jvm/java-11-openjdk-11.0.14.0.8-0.2.ea.el9.x86_64/lib/libsctp.so: PASS: pic test 
2115-Hardened: ./usr/lib/jvm/java-11-openjdk-11.0.14.0.8-0.2.ea.el9.x86_64/lib/libsctp.so: PASS: stack-prot test 
2116-Hardened: ./usr/lib/jvm/java-11-openjdk-11.0.14.0.8-0.2.ea.el9.x86_64/lib/libsctp.so: PASS: writable-got test 
--
2138-Hardened: ./usr/lib/jvm/java-11-openjdk-11.0.14.0.8-0.2.ea.el9.x86_64/lib/libsctp.so: PASS: rwx-seg test 
2139-Hardened: ./usr/lib/jvm/java-11-openjdk-11.0.14.0.8-0.2.ea.el9.x86_64/lib/libsctp.so: PASS: short-enums test 
2140-Hardened: ./usr/lib/jvm/java-11-openjdk-11.0.14.0.8-0.2.ea.el9.x86_64/lib/libsctp.so: PASS: textrel test 
2141-Hardened: ./usr/lib/jvm/java-11-openjdk-11.0.14.0.8-0.2.ea.el9.x86_64/lib/libsctp.so: PASS: threads test 
2142-Hardened: ./usr/lib/jvm/java-11-openjdk-11.0.14.0.8-0.2.ea.el9.x86_64/lib/libsctp.so: PASS: unicode test 
2143:Hardened: ./usr/lib/jvm/java-11-openjdk-11.0.14.0.8-0.2.ea.el9.x86_64/lib/libsctp.so: Overall: FAIL (due to MAYB results).
2144-Hardened: ./usr/lib/jvm/java-11-openjdk-11.0.14.0.8-0.2.ea.el9.x86_64/lib/libsunec.so: PASS: pie test 
2145-Hardened: ./usr/lib/jvm/java-11-openjdk-11.0.14.0.8-0.2.ea.el9.x86_64/lib/libsunec.so: PASS: optimization test 
2146-Hardened: ./usr/lib/jvm/java-11-openjdk-11.0.14.0.8-0.2.ea.el9.x86_64/lib/libsunec.so: PASS: pic test 
2147-Hardened: ./usr/lib/jvm/java-11-openjdk-11.0.14.0.8-0.2.ea.el9.x86_64/lib/libsunec.so: PASS: stack-prot test 
2148-Hardened: ./usr/lib/jvm/java-11-openjdk-11.0.14.0.8-0.2.ea.el9.x86_64/lib/libsunec.so: info: ALSO written in C (source: DW_AT_language string).
--
2170-Hardened: ./usr/lib/jvm/java-11-openjdk-11.0.14.0.8-0.2.ea.el9.x86_64/lib/libsunec.so: PASS: rwx-seg test 
2171-Hardened: ./usr/lib/jvm/java-11-openjdk-11.0.14.0.8-0.2.ea.el9.x86_64/lib/libsunec.so: PASS: short-enums test 
2172-Hardened: ./usr/lib/jvm/java-11-openjdk-11.0.14.0.8-0.2.ea.el9.x86_64/lib/libsunec.so: PASS: textrel test 
2173-Hardened: ./usr/lib/jvm/java-11-openjdk-11.0.14.0.8-0.2.ea.el9.x86_64/lib/libsunec.so: PASS: threads test 
2174-Hardened: ./usr/lib/jvm/java-11-openjdk-11.0.14.0.8-0.2.ea.el9.x86_64/lib/libsunec.so: PASS: unicode test 
2175:Hardened: ./usr/lib/jvm/java-11-openjdk-11.0.14.0.8-0.2.ea.el9.x86_64/lib/libsunec.so: Overall: FAIL (due to MAYB results).
2176-Hardened: ./usr/lib/jvm/java-11-openjdk-11.0.14.0.8-0.2.ea.el9.x86_64/lib/libsystemconf.so: PASS: pie test 
2177-Hardened: ./usr/lib/jvm/java-11-openjdk-11.0.14.0.8-0.2.ea.el9.x86_64/lib/libsystemconf.so: PASS: optimization test 
2178-Hardened: ./usr/lib/jvm/java-11-openjdk-11.0.14.0.8-0.2.ea.el9.x86_64/lib/libsystemconf.so: PASS: pic test 
2179-Hardened: ./usr/lib/jvm/java-11-openjdk-11.0.14.0.8-0.2.ea.el9.x86_64/lib/libsystemconf.so: PASS: stack-prot test 
2180-Hardened: ./usr/lib/jvm/java-11-openjdk-11.0.14.0.8-0.2.ea.el9.x86_64/lib/libsystemconf.so: PASS: writable-got test 
--
2202-Hardened: ./usr/lib/jvm/java-11-openjdk-11.0.14.0.8-0.2.ea.el9.x86_64/lib/libsystemconf.so: PASS: rwx-seg test 
2203-Hardened: ./usr/lib/jvm/java-11-openjdk-11.0.14.0.8-0.2.ea.el9.x86_64/lib/libsystemconf.so: PASS: short-enums test 
2204-Hardened: ./usr/lib/jvm/java-11-openjdk-11.0.14.0.8-0.2.ea.el9.x86_64/lib/libsystemconf.so: PASS: textrel test 
2205-Hardened: ./usr/lib/jvm/java-11-openjdk-11.0.14.0.8-0.2.ea.el9.x86_64/lib/libsystemconf.so: PASS: threads test 
2206-Hardened: ./usr/lib/jvm/java-11-openjdk-11.0.14.0.8-0.2.ea.el9.x86_64/lib/libsystemconf.so: PASS: unicode test 
2207:Hardened: ./usr/lib/jvm/java-11-openjdk-11.0.14.0.8-0.2.ea.el9.x86_64/lib/libsystemconf.so: Overall: FAIL (due to MAYB results).
2208-Hardened: ./usr/lib/jvm/java-11-openjdk-11.0.14.0.8-0.2.ea.el9.x86_64/lib/libunpack.so: PASS: pie test 
2209-Hardened: ./usr/lib/jvm/java-11-openjdk-11.0.14.0.8-0.2.ea.el9.x86_64/lib/libunpack.so: PASS: optimization test 
2210-Hardened: ./usr/lib/jvm/java-11-openjdk-11.0.14.0.8-0.2.ea.el9.x86_64/lib/libunpack.so: PASS: pic test 
2211-Hardened: ./usr/lib/jvm/java-11-openjdk-11.0.14.0.8-0.2.ea.el9.x86_64/lib/libunpack.so: PASS: stack-prot test 
2212-Hardened: ./usr/lib/jvm/java-11-openjdk-11.0.14.0.8-0.2.ea.el9.x86_64/lib/libunpack.so: PASS: writable-got test 
--
2234-Hardened: ./usr/lib/jvm/java-11-openjdk-11.0.14.0.8-0.2.ea.el9.x86_64/lib/libunpack.so: PASS: rwx-seg test 
2235-Hardened: ./usr/lib/jvm/java-11-openjdk-11.0.14.0.8-0.2.ea.el9.x86_64/lib/libunpack.so: PASS: short-enums test 
2236-Hardened: ./usr/lib/jvm/java-11-openjdk-11.0.14.0.8-0.2.ea.el9.x86_64/lib/libunpack.so: PASS: textrel test 
2237-Hardened: ./usr/lib/jvm/java-11-openjdk-11.0.14.0.8-0.2.ea.el9.x86_64/lib/libunpack.so: PASS: threads test 
2238-Hardened: ./usr/lib/jvm/java-11-openjdk-11.0.14.0.8-0.2.ea.el9.x86_64/lib/libunpack.so: PASS: unicode test 
2239:Hardened: ./usr/lib/jvm/java-11-openjdk-11.0.14.0.8-0.2.ea.el9.x86_64/lib/libunpack.so: Overall: FAIL (due to MAYB results).
2240-Hardened: ./usr/lib/jvm/java-11-openjdk-11.0.14.0.8-0.2.ea.el9.x86_64/lib/libverify.so: PASS: pie test 
2241-Hardened: ./usr/lib/jvm/java-11-openjdk-11.0.14.0.8-0.2.ea.el9.x86_64/lib/libverify.so: PASS: optimization test 
2242-Hardened: ./usr/lib/jvm/java-11-openjdk-11.0.14.0.8-0.2.ea.el9.x86_64/lib/libverify.so: PASS: pic test 
2243-Hardened: ./usr/lib/jvm/java-11-openjdk-11.0.14.0.8-0.2.ea.el9.x86_64/lib/libverify.so: PASS: stack-prot test 
2244-Hardened: ./usr/lib/jvm/java-11-openjdk-11.0.14.0.8-0.2.ea.el9.x86_64/lib/libverify.so: PASS: writable-got test 
--
2266-Hardened: ./usr/lib/jvm/java-11-openjdk-11.0.14.0.8-0.2.ea.el9.x86_64/lib/libverify.so: PASS: rwx-seg test 
2267-Hardened: ./usr/lib/jvm/java-11-openjdk-11.0.14.0.8-0.2.ea.el9.x86_64/lib/libverify.so: PASS: short-enums test 
2268-Hardened: ./usr/lib/jvm/java-11-openjdk-11.0.14.0.8-0.2.ea.el9.x86_64/lib/libverify.so: PASS: textrel test 
2269-Hardened: ./usr/lib/jvm/java-11-openjdk-11.0.14.0.8-0.2.ea.el9.x86_64/lib/libverify.so: PASS: threads test 
2270-Hardened: ./usr/lib/jvm/java-11-openjdk-11.0.14.0.8-0.2.ea.el9.x86_64/lib/libverify.so: PASS: unicode test 
2271:Hardened: ./usr/lib/jvm/java-11-openjdk-11.0.14.0.8-0.2.ea.el9.x86_64/lib/libverify.so: Overall: FAIL (due to MAYB results).
2272-Hardened: ./usr/lib/jvm/java-11-openjdk-11.0.14.0.8-0.2.ea.el9.x86_64/lib/libzip.so: PASS: pie test 
2273-Hardened: ./usr/lib/jvm/java-11-openjdk-11.0.14.0.8-0.2.ea.el9.x86_64/lib/libzip.so: PASS: optimization test 
2274-Hardened: ./usr/lib/jvm/java-11-openjdk-11.0.14.0.8-0.2.ea.el9.x86_64/lib/libzip.so: PASS: pic test 
2275-Hardened: ./usr/lib/jvm/java-11-openjdk-11.0.14.0.8-0.2.ea.el9.x86_64/lib/libzip.so: PASS: stack-prot test 
2276-Hardened: ./usr/lib/jvm/java-11-openjdk-11.0.14.0.8-0.2.ea.el9.x86_64/lib/libzip.so: PASS: writable-got test 
--
2298-Hardened: ./usr/lib/jvm/java-11-openjdk-11.0.14.0.8-0.2.ea.el9.x86_64/lib/libzip.so: PASS: rwx-seg test 
2299-Hardened: ./usr/lib/jvm/java-11-openjdk-11.0.14.0.8-0.2.ea.el9.x86_64/lib/libzip.so: PASS: short-enums test 
2300-Hardened: ./usr/lib/jvm/java-11-openjdk-11.0.14.0.8-0.2.ea.el9.x86_64/lib/libzip.so: PASS: textrel test 
2301-Hardened: ./usr/lib/jvm/java-11-openjdk-11.0.14.0.8-0.2.ea.el9.x86_64/lib/libzip.so: PASS: threads test 
2302-Hardened: ./usr/lib/jvm/java-11-openjdk-11.0.14.0.8-0.2.ea.el9.x86_64/lib/libzip.so: PASS: unicode test 
2303:Hardened: ./usr/lib/jvm/java-11-openjdk-11.0.14.0.8-0.2.ea.el9.x86_64/lib/libzip.so: Overall: FAIL (due to MAYB results).
2304-Hardened: ./usr/lib/jvm/java-11-openjdk-11.0.14.0.8-0.2.ea.el9.x86_64/lib/server/libjsig.so: PASS: pie test 
2305-Hardened: ./usr/lib/jvm/java-11-openjdk-11.0.14.0.8-0.2.ea.el9.x86_64/lib/server/libjsig.so: PASS: optimization test 
2306-Hardened: ./usr/lib/jvm/java-11-openjdk-11.0.14.0.8-0.2.ea.el9.x86_64/lib/server/libjsig.so: PASS: pic test 
2307-Hardened: ./usr/lib/jvm/java-11-openjdk-11.0.14.0.8-0.2.ea.el9.x86_64/lib/server/libjsig.so: PASS: stack-prot test 
2308-Hardened: ./usr/lib/jvm/java-11-openjdk-11.0.14.0.8-0.2.ea.el9.x86_64/lib/server/libjsig.so: PASS: writable-got test 
--
2330-Hardened: ./usr/lib/jvm/java-11-openjdk-11.0.14.0.8-0.2.ea.el9.x86_64/lib/server/libjsig.so: PASS: rwx-seg test 
2331-Hardened: ./usr/lib/jvm/java-11-openjdk-11.0.14.0.8-0.2.ea.el9.x86_64/lib/server/libjsig.so: PASS: short-enums test 
2332-Hardened: ./usr/lib/jvm/java-11-openjdk-11.0.14.0.8-0.2.ea.el9.x86_64/lib/server/libjsig.so: PASS: textrel test 
2333-Hardened: ./usr/lib/jvm/java-11-openjdk-11.0.14.0.8-0.2.ea.el9.x86_64/lib/server/libjsig.so: PASS: threads test 
2334-Hardened: ./usr/lib/jvm/java-11-openjdk-11.0.14.0.8-0.2.ea.el9.x86_64/lib/server/libjsig.so: PASS: unicode test 
2335:Hardened: ./usr/lib/jvm/java-11-openjdk-11.0.14.0.8-0.2.ea.el9.x86_64/lib/server/libjsig.so: Overall: FAIL (due to MAYB results).
2336-Hardened: ./usr/lib/jvm/java-11-openjdk-11.0.14.0.8-0.2.ea.el9.x86_64/lib/server/libjvm.so: PASS: pie test 
2337-Hardened: ./usr/lib/jvm/java-11-openjdk-11.0.14.0.8-0.2.ea.el9.x86_64/lib/server/libjvm.so: PASS: optimization test 
2338-Hardened: ./usr/lib/jvm/java-11-openjdk-11.0.14.0.8-0.2.ea.el9.x86_64/lib/server/libjvm.so: PASS: pic test 
2339-Hardened: ./usr/lib/jvm/java-11-openjdk-11.0.14.0.8-0.2.ea.el9.x86_64/lib/server/libjvm.so: PASS: stack-prot test 
2340-Hardened: ./usr/lib/jvm/java-11-openjdk-11.0.14.0.8-0.2.ea.el9.x86_64/lib/server/libjvm.so: info: ALSO written in Assembler (source: DW_AT_language string).
--
2362-Hardened: ./usr/lib/jvm/java-11-openjdk-11.0.14.0.8-0.2.ea.el9.x86_64/lib/server/libjvm.so: PASS: rwx-seg test 
2363-Hardened: ./usr/lib/jvm/java-11-openjdk-11.0.14.0.8-0.2.ea.el9.x86_64/lib/server/libjvm.so: PASS: short-enums test 
2364-Hardened: ./usr/lib/jvm/java-11-openjdk-11.0.14.0.8-0.2.ea.el9.x86_64/lib/server/libjvm.so: PASS: textrel test 
2365-Hardened: ./usr/lib/jvm/java-11-openjdk-11.0.14.0.8-0.2.ea.el9.x86_64/lib/server/libjvm.so: PASS: threads test 
2366-Hardened: ./usr/lib/jvm/java-11-openjdk-11.0.14.0.8-0.2.ea.el9.x86_64/lib/server/libjvm.so: PASS: unicode test 
2367:Hardened: ./usr/lib/jvm/java-11-openjdk-11.0.14.0.8-0.2.ea.el9.x86_64/lib/server/libjvm.so: Overall: FAIL (due to MAYB results).
2368-Hardened: ./usr/lib/jvm/java-11-openjdk-11.0.14.0.8-0.2.ea.el9.x86_64/lib/libawt_xawt.so: PASS: pie test 
2369-Hardened: ./usr/lib/jvm/java-11-openjdk-11.0.14.0.8-0.2.ea.el9.x86_64/lib/libawt_xawt.so: PASS: optimization test 
2370-Hardened: ./usr/lib/jvm/java-11-openjdk-11.0.14.0.8-0.2.ea.el9.x86_64/lib/libawt_xawt.so: PASS: pic test 
2371-Hardened: ./usr/lib/jvm/java-11-openjdk-11.0.14.0.8-0.2.ea.el9.x86_64/lib/libawt_xawt.so: PASS: stack-prot test 
2372-Hardened: ./usr/lib/jvm/java-11-openjdk-11.0.14.0.8-0.2.ea.el9.x86_64/lib/libawt_xawt.so: PASS: writable-got test 
--
2394-Hardened: ./usr/lib/jvm/java-11-openjdk-11.0.14.0.8-0.2.ea.el9.x86_64/lib/libawt_xawt.so: PASS: rwx-seg test 
2395-Hardened: ./usr/lib/jvm/java-11-openjdk-11.0.14.0.8-0.2.ea.el9.x86_64/lib/libawt_xawt.so: PASS: short-enums test 
2396-Hardened: ./usr/lib/jvm/java-11-openjdk-11.0.14.0.8-0.2.ea.el9.x86_64/lib/libawt_xawt.so: PASS: textrel test 
2397-Hardened: ./usr/lib/jvm/java-11-openjdk-11.0.14.0.8-0.2.ea.el9.x86_64/lib/libawt_xawt.so: PASS: threads test 
2398-Hardened: ./usr/lib/jvm/java-11-openjdk-11.0.14.0.8-0.2.ea.el9.x86_64/lib/libawt_xawt.so: PASS: unicode test 
2399:Hardened: ./usr/lib/jvm/java-11-openjdk-11.0.14.0.8-0.2.ea.el9.x86_64/lib/libawt_xawt.so: Overall: FAIL (due to MAYB results).
2400-Hardened: ./usr/lib/jvm/java-11-openjdk-11.0.14.0.8-0.2.ea.el9.x86_64/lib/libjawt.so: PASS: pie test 
2401-Hardened: ./usr/lib/jvm/java-11-openjdk-11.0.14.0.8-0.2.ea.el9.x86_64/lib/libjawt.so: PASS: optimization test 
2402-Hardened: ./usr/lib/jvm/java-11-openjdk-11.0.14.0.8-0.2.ea.el9.x86_64/lib/libjawt.so: PASS: pic test 
2403-Hardened: ./usr/lib/jvm/java-11-openjdk-11.0.14.0.8-0.2.ea.el9.x86_64/lib/libjawt.so: PASS: stack-prot test 
2404-Hardened: ./usr/lib/jvm/java-11-openjdk-11.0.14.0.8-0.2.ea.el9.x86_64/lib/libjawt.so: PASS: writable-got test 
--
2426-Hardened: ./usr/lib/jvm/java-11-openjdk-11.0.14.0.8-0.2.ea.el9.x86_64/lib/libjawt.so: PASS: rwx-seg test 
2427-Hardened: ./usr/lib/jvm/java-11-openjdk-11.0.14.0.8-0.2.ea.el9.x86_64/lib/libjawt.so: PASS: short-enums test 
2428-Hardened: ./usr/lib/jvm/java-11-openjdk-11.0.14.0.8-0.2.ea.el9.x86_64/lib/libjawt.so: PASS: textrel test 
2429-Hardened: ./usr/lib/jvm/java-11-openjdk-11.0.14.0.8-0.2.ea.el9.x86_64/lib/libjawt.so: PASS: threads test 
2430-Hardened: ./usr/lib/jvm/java-11-openjdk-11.0.14.0.8-0.2.ea.el9.x86_64/lib/libjawt.so: PASS: unicode test 
2431:Hardened: ./usr/lib/jvm/java-11-openjdk-11.0.14.0.8-0.2.ea.el9.x86_64/lib/libjawt.so: Overall: FAIL (due to MAYB results).
2432-Hardened: ./usr/lib/jvm/java-11-openjdk-11.0.14.0.8-0.2.ea.el9.x86_64/lib/libsplashscreen.so: PASS: pie test 
2433-Hardened: ./usr/lib/jvm/java-11-openjdk-11.0.14.0.8-0.2.ea.el9.x86_64/lib/libsplashscreen.so: PASS: optimization test 
2434-Hardened: ./usr/lib/jvm/java-11-openjdk-11.0.14.0.8-0.2.ea.el9.x86_64/lib/libsplashscreen.so: PASS: pic test 
2435-Hardened: ./usr/lib/jvm/java-11-openjdk-11.0.14.0.8-0.2.ea.el9.x86_64/lib/libsplashscreen.so: PASS: stack-prot test 
2436-Hardened: ./usr/lib/jvm/java-11-openjdk-11.0.14.0.8-0.2.ea.el9.x86_64/lib/libsplashscreen.so: PASS: writable-got test 
--
2458-Hardened: ./usr/lib/jvm/java-11-openjdk-11.0.14.0.8-0.2.ea.el9.x86_64/lib/libsplashscreen.so: PASS: rwx-seg test 
2459-Hardened: ./usr/lib/jvm/java-11-openjdk-11.0.14.0.8-0.2.ea.el9.x86_64/lib/libsplashscreen.so: PASS: short-enums test 
2460-Hardened: ./usr/lib/jvm/java-11-openjdk-11.0.14.0.8-0.2.ea.el9.x86_64/lib/libsplashscreen.so: PASS: textrel test 
2461-Hardened: ./usr/lib/jvm/java-11-openjdk-11.0.14.0.8-0.2.ea.el9.x86_64/lib/libsplashscreen.so: PASS: threads test 
2462-Hardened: ./usr/lib/jvm/java-11-openjdk-11.0.14.0.8-0.2.ea.el9.x86_64/lib/libsplashscreen.so: PASS: unicode test 
2463:Hardened: ./usr/lib/jvm/java-11-openjdk-11.0.14.0.8-0.2.ea.el9.x86_64/lib/libsplashscreen.so: Overall: FAIL (due to MAYB results).
2464-annocheck: Version 10.54.
2465-Size: Section '.gnu.build.attributes' found in 75 files, total size: 0xe220
2466:+ echo failures/errors:
2467:failures/errors:
2468:+ grep -i 'fail\|error'
2469-+ cat annocheck.log
2470:Hardened: ./usr/lib/jvm/java-11-openjdk-11.0.14.0.8-0.2.ea.el9.x86_64/bin/jaotc: FAIL: run-path test because the DT_RPATH/DT_RUNPATH dynamic tag has a path that contains '..' 
2471:Hardened: ./usr/lib/jvm/java-11-openjdk-11.0.14.0.8-0.2.ea.el9.x86_64/bin/jaotc: Overall: FAIL.
2472:Hardened: ./usr/lib/jvm/java-11-openjdk-11.0.14.0.8-0.2.ea.el9.x86_64/bin/jar: FAIL: run-path test because the DT_RPATH/DT_RUNPATH dynamic tag has a path that contains '..' 
2473:Hardened: ./usr/lib/jvm/java-11-openjdk-11.0.14.0.8-0.2.ea.el9.x86_64/bin/jar: Overall: FAIL.
2474:Hardened: ./usr/lib/jvm/java-11-openjdk-11.0.14.0.8-0.2.ea.el9.x86_64/bin/jarsigner: FAIL: run-path test because the DT_RPATH/DT_RUNPATH dynamic tag has a path that contains '..' 
2475:Hardened: ./usr/lib/jvm/java-11-openjdk-11.0.14.0.8-0.2.ea.el9.x86_64/bin/jarsigner: Overall: FAIL.
2476:Hardened: ./usr/lib/jvm/java-11-openjdk-11.0.14.0.8-0.2.ea.el9.x86_64/bin/javac: FAIL: run-path test because the DT_RPATH/DT_RUNPATH dynamic tag has a path that contains '..' 
2477:Hardened: ./usr/lib/jvm/java-11-openjdk-11.0.14.0.8-0.2.ea.el9.x86_64/bin/javac: Overall: FAIL.
2478:Hardened: ./usr/lib/jvm/java-11-openjdk-11.0.14.0.8-0.2.ea.el9.x86_64/bin/javadoc: FAIL: run-path test because the DT_RPATH/DT_RUNPATH dynamic tag has a path that contains '..' 
2479:Hardened: ./usr/lib/jvm/java-11-openjdk-11.0.14.0.8-0.2.ea.el9.x86_64/bin/javadoc: Overall: FAIL.
2480:Hardened: ./usr/lib/jvm/java-11-openjdk-11.0.14.0.8-0.2.ea.el9.x86_64/bin/javap: FAIL: run-path test because the DT_RPATH/DT_RUNPATH dynamic tag has a path that contains '..' 
2481:Hardened: ./usr/lib/jvm/java-11-openjdk-11.0.14.0.8-0.2.ea.el9.x86_64/bin/javap: Overall: FAIL.
2482:Hardened: ./usr/lib/jvm/java-11-openjdk-11.0.14.0.8-0.2.ea.el9.x86_64/bin/jcmd: FAIL: run-path test because the DT_RPATH/DT_RUNPATH dynamic tag has a path that contains '..' 
2483:Hardened: ./usr/lib/jvm/java-11-openjdk-11.0.14.0.8-0.2.ea.el9.x86_64/bin/jcmd: Overall: FAIL.
2484:Hardened: ./usr/lib/jvm/java-11-openjdk-11.0.14.0.8-0.2.ea.el9.x86_64/bin/jconsole: FAIL: run-path test because the DT_RPATH/DT_RUNPATH dynamic tag has a path that contains '..' 
2485:Hardened: ./usr/lib/jvm/java-11-openjdk-11.0.14.0.8-0.2.ea.el9.x86_64/bin/jconsole: Overall: FAIL.
2486:Hardened: ./usr/lib/jvm/java-11-openjdk-11.0.14.0.8-0.2.ea.el9.x86_64/bin/jdb: FAIL: run-path test because the DT_RPATH/DT_RUNPATH dynamic tag has a path that contains '..' 
2487:Hardened: ./usr/lib/jvm/java-11-openjdk-11.0.14.0.8-0.2.ea.el9.x86_64/bin/jdb: Overall: FAIL.
2488:Hardened: ./usr/lib/jvm/java-11-openjdk-11.0.14.0.8-0.2.ea.el9.x86_64/bin/jdeprscan: FAIL: run-path test because the DT_RPATH/DT_RUNPATH dynamic tag has a path that contains '..' 
2489:Hardened: ./usr/lib/jvm/java-11-openjdk-11.0.14.0.8-0.2.ea.el9.x86_64/bin/jdeprscan: Overall: FAIL.
2490:Hardened: ./usr/lib/jvm/java-11-openjdk-11.0.14.0.8-0.2.ea.el9.x86_64/bin/jdeps: FAIL: run-path test because the DT_RPATH/DT_RUNPATH dynamic tag has a path that contains '..' 
2491:Hardened: ./usr/lib/jvm/java-11-openjdk-11.0.14.0.8-0.2.ea.el9.x86_64/bin/jdeps: Overall: FAIL.
2492:Hardened: ./usr/lib/jvm/java-11-openjdk-11.0.14.0.8-0.2.ea.el9.x86_64/bin/jfr: FAIL: run-path test because the DT_RPATH/DT_RUNPATH dynamic tag has a path that contains '..' 
2493:Hardened: ./usr/lib/jvm/java-11-openjdk-11.0.14.0.8-0.2.ea.el9.x86_64/bin/jfr: Overall: FAIL.
2494:Hardened: ./usr/lib/jvm/java-11-openjdk-11.0.14.0.8-0.2.ea.el9.x86_64/bin/jhsdb: FAIL: run-path test because the DT_RPATH/DT_RUNPATH dynamic tag has a path that contains '..' 
2495:Hardened: ./usr/lib/jvm/java-11-openjdk-11.0.14.0.8-0.2.ea.el9.x86_64/bin/jhsdb: Overall: FAIL.
2496:Hardened: ./usr/lib/jvm/java-11-openjdk-11.0.14.0.8-0.2.ea.el9.x86_64/bin/jimage: FAIL: run-path test because the DT_RPATH/DT_RUNPATH dynamic tag has a path that contains '..' 
2497:Hardened: ./usr/lib/jvm/java-11-openjdk-11.0.14.0.8-0.2.ea.el9.x86_64/bin/jimage: Overall: FAIL.
2498:Hardened: ./usr/lib/jvm/java-11-openjdk-11.0.14.0.8-0.2.ea.el9.x86_64/bin/jinfo: FAIL: run-path test because the DT_RPATH/DT_RUNPATH dynamic tag has a path that contains '..' 
2499:Hardened: ./usr/lib/jvm/java-11-openjdk-11.0.14.0.8-0.2.ea.el9.x86_64/bin/jinfo: Overall: FAIL.
2500:Hardened: ./usr/lib/jvm/java-11-openjdk-11.0.14.0.8-0.2.ea.el9.x86_64/bin/jlink: FAIL: run-path test because the DT_RPATH/DT_RUNPATH dynamic tag has a path that contains '..' 
2501:Hardened: ./usr/lib/jvm/java-11-openjdk-11.0.14.0.8-0.2.ea.el9.x86_64/bin/jlink: Overall: FAIL.
2502:Hardened: ./usr/lib/jvm/java-11-openjdk-11.0.14.0.8-0.2.ea.el9.x86_64/bin/jmap: FAIL: run-path test because the DT_RPATH/DT_RUNPATH dynamic tag has a path that contains '..' 
2503:Hardened: ./usr/lib/jvm/java-11-openjdk-11.0.14.0.8-0.2.ea.el9.x86_64/bin/jmap: Overall: FAIL.
2504:Hardened: ./usr/lib/jvm/java-11-openjdk-11.0.14.0.8-0.2.ea.el9.x86_64/bin/jmod: FAIL: run-path test because the DT_RPATH/DT_RUNPATH dynamic tag has a path that contains '..' 
2505:Hardened: ./usr/lib/jvm/java-11-openjdk-11.0.14.0.8-0.2.ea.el9.x86_64/bin/jmod: Overall: FAIL.
2506:Hardened: ./usr/lib/jvm/java-11-openjdk-11.0.14.0.8-0.2.ea.el9.x86_64/bin/jps: FAIL: run-path test because the DT_RPATH/DT_RUNPATH dynamic tag has a path that contains '..' 
2507:Hardened: ./usr/lib/jvm/java-11-openjdk-11.0.14.0.8-0.2.ea.el9.x86_64/bin/jps: Overall: FAIL.
2508:Hardened: ./usr/lib/jvm/java-11-openjdk-11.0.14.0.8-0.2.ea.el9.x86_64/bin/jrunscript: FAIL: run-path test because the DT_RPATH/DT_RUNPATH dynamic tag has a path that contains '..' 
2509:Hardened: ./usr/lib/jvm/java-11-openjdk-11.0.14.0.8-0.2.ea.el9.x86_64/bin/jrunscript: Overall: FAIL.
2510:Hardened: ./usr/lib/jvm/java-11-openjdk-11.0.14.0.8-0.2.ea.el9.x86_64/bin/jshell: FAIL: run-path test because the DT_RPATH/DT_RUNPATH dynamic tag has a path that contains '..' 
2511:Hardened: ./usr/lib/jvm/java-11-openjdk-11.0.14.0.8-0.2.ea.el9.x86_64/bin/jshell: Overall: FAIL.
2512:Hardened: ./usr/lib/jvm/java-11-openjdk-11.0.14.0.8-0.2.ea.el9.x86_64/bin/jstack: FAIL: run-path test because the DT_RPATH/DT_RUNPATH dynamic tag has a path that contains '..' 
2513:Hardened: ./usr/lib/jvm/java-11-openjdk-11.0.14.0.8-0.2.ea.el9.x86_64/bin/jstack: Overall: FAIL.
2514:Hardened: ./usr/lib/jvm/java-11-openjdk-11.0.14.0.8-0.2.ea.el9.x86_64/bin/jstat: FAIL: run-path test because the DT_RPATH/DT_RUNPATH dynamic tag has a path that contains '..' 
2515:Hardened: ./usr/lib/jvm/java-11-openjdk-11.0.14.0.8-0.2.ea.el9.x86_64/bin/jstat: Overall: FAIL.
2516:Hardened: ./usr/lib/jvm/java-11-openjdk-11.0.14.0.8-0.2.ea.el9.x86_64/bin/jstatd: FAIL: run-path test because the DT_RPATH/DT_RUNPATH dynamic tag has a path that contains '..' 
2517:Hardened: ./usr/lib/jvm/java-11-openjdk-11.0.14.0.8-0.2.ea.el9.x86_64/bin/jstatd: Overall: FAIL.
2518:Hardened: ./usr/lib/jvm/java-11-openjdk-11.0.14.0.8-0.2.ea.el9.x86_64/bin/rmic: FAIL: run-path test because the DT_RPATH/DT_RUNPATH dynamic tag has a path that contains '..' 
2519:Hardened: ./usr/lib/jvm/java-11-openjdk-11.0.14.0.8-0.2.ea.el9.x86_64/bin/rmic: Overall: FAIL.
2520:Hardened: ./usr/lib/jvm/java-11-openjdk-11.0.14.0.8-0.2.ea.el9.x86_64/bin/serialver: FAIL: run-path test because the DT_RPATH/DT_RUNPATH dynamic tag has a path that contains '..' 
2521:Hardened: ./usr/lib/jvm/java-11-openjdk-11.0.14.0.8-0.2.ea.el9.x86_64/bin/serialver: Overall: FAIL.
2522:Hardened: ./usr/lib/jvm/java-11-openjdk-11.0.14.0.8-0.2.ea.el9.x86_64/bin/alt-java: FAIL: run-path test because the DT_RPATH/DT_RUNPATH dynamic tag has a path that contains '..' 
2523:Hardened: ./usr/lib/jvm/java-11-openjdk-11.0.14.0.8-0.2.ea.el9.x86_64/bin/alt-java: Overall: FAIL.
2524:Hardened: ./usr/lib/jvm/java-11-openjdk-11.0.14.0.8-0.2.ea.el9.x86_64/bin/java: FAIL: run-path test because the DT_RPATH/DT_RUNPATH dynamic tag has a path that contains '..' 
2525:Hardened: ./usr/lib/jvm/java-11-openjdk-11.0.14.0.8-0.2.ea.el9.x86_64/bin/java: Overall: FAIL.
2526:Hardened: ./usr/lib/jvm/java-11-openjdk-11.0.14.0.8-0.2.ea.el9.x86_64/bin/jjs: FAIL: run-path test because the DT_RPATH/DT_RUNPATH dynamic tag has a path that contains '..' 
2527:Hardened: ./usr/lib/jvm/java-11-openjdk-11.0.14.0.8-0.2.ea.el9.x86_64/bin/jjs: Overall: FAIL.
2528:Hardened: ./usr/lib/jvm/java-11-openjdk-11.0.14.0.8-0.2.ea.el9.x86_64/bin/keytool: FAIL: run-path test because the DT_RPATH/DT_RUNPATH dynamic tag has a path that contains '..' 
2529:Hardened: ./usr/lib/jvm/java-11-openjdk-11.0.14.0.8-0.2.ea.el9.x86_64/bin/keytool: Overall: FAIL.
2530:Hardened: ./usr/lib/jvm/java-11-openjdk-11.0.14.0.8-0.2.ea.el9.x86_64/bin/pack200: FAIL: run-path test because the DT_RPATH/DT_RUNPATH dynamic tag has a path that contains '..' 
2531:Hardened: ./usr/lib/jvm/java-11-openjdk-11.0.14.0.8-0.2.ea.el9.x86_64/bin/pack200: Overall: FAIL.
2532:Hardened: ./usr/lib/jvm/java-11-openjdk-11.0.14.0.8-0.2.ea.el9.x86_64/bin/rmid: FAIL: run-path test because the DT_RPATH/DT_RUNPATH dynamic tag has a path that contains '..' 
2533:Hardened: ./usr/lib/jvm/java-11-openjdk-11.0.14.0.8-0.2.ea.el9.x86_64/bin/rmid: Overall: FAIL.
2534:Hardened: ./usr/lib/jvm/java-11-openjdk-11.0.14.0.8-0.2.ea.el9.x86_64/bin/rmiregistry: FAIL: run-path test because the DT_RPATH/DT_RUNPATH dynamic tag has a path that contains '..' 
2535:Hardened: ./usr/lib/jvm/java-11-openjdk-11.0.14.0.8-0.2.ea.el9.x86_64/bin/rmiregistry: Overall: FAIL.
2536:Hardened: ./usr/lib/jvm/java-11-openjdk-11.0.14.0.8-0.2.ea.el9.x86_64/bin/unpack200: Overall: FAIL (due to MAYB results).
2537:Hardened: ./usr/lib/jvm/java-11-openjdk-11.0.14.0.8-0.2.ea.el9.x86_64/lib/jexec: Overall: FAIL (due to MAYB results).
2538:Hardened: ./usr/lib/jvm/java-11-openjdk-11.0.14.0.8-0.2.ea.el9.x86_64/lib/jli/libjli.so: FAIL: run-path test because the DT_RPATH/DT_RUNPATH dynamic tag has a path that contains '..' 
2539:Hardened: ./usr/lib/jvm/java-11-openjdk-11.0.14.0.8-0.2.ea.el9.x86_64/lib/jli/libjli.so: Overall: FAIL.
2540:Hardened: ./usr/lib/jvm/java-11-openjdk-11.0.14.0.8-0.2.ea.el9.x86_64/lib/jspawnhelper: Overall: FAIL (due to MAYB results).
2541:Hardened: ./usr/lib/jvm/java-11-openjdk-11.0.14.0.8-0.2.ea.el9.x86_64/lib/libattach.so: Overall: FAIL (due to MAYB results).
2542:Hardened: ./usr/lib/jvm/java-11-openjdk-11.0.14.0.8-0.2.ea.el9.x86_64/lib/libawt.so: Overall: FAIL (due to MAYB results).
2543:Hardened: ./usr/lib/jvm/java-11-openjdk-11.0.14.0.8-0.2.ea.el9.x86_64/lib/libawt_headless.so: Overall: FAIL (due to MAYB results).
2544:Hardened: ./usr/lib/jvm/java-11-openjdk-11.0.14.0.8-0.2.ea.el9.x86_64/lib/libdt_socket.so: Overall: FAIL (due to MAYB results).
2545:Hardened: ./usr/lib/jvm/java-11-openjdk-11.0.14.0.8-0.2.ea.el9.x86_64/lib/libextnet.so: Overall: FAIL (due to MAYB results).
2546:Hardened: ./usr/lib/jvm/java-11-openjdk-11.0.14.0.8-0.2.ea.el9.x86_64/lib/libfontmanager.so: Overall: FAIL (due to MAYB results).
2547:Hardened: ./usr/lib/jvm/java-11-openjdk-11.0.14.0.8-0.2.ea.el9.x86_64/lib/libinstrument.so: Overall: FAIL (due to MAYB results).
2548:Hardened: ./usr/lib/jvm/java-11-openjdk-11.0.14.0.8-0.2.ea.el9.x86_64/lib/libj2gss.so: Overall: FAIL (due to MAYB results).
2549:Hardened: ./usr/lib/jvm/java-11-openjdk-11.0.14.0.8-0.2.ea.el9.x86_64/lib/libj2pcsc.so: Overall: FAIL (due to MAYB results).
2550:Hardened: ./usr/lib/jvm/java-11-openjdk-11.0.14.0.8-0.2.ea.el9.x86_64/lib/libj2pkcs11.so: Overall: FAIL (due to MAYB results).
2551:Hardened: ./usr/lib/jvm/java-11-openjdk-11.0.14.0.8-0.2.ea.el9.x86_64/lib/libjaas.so: Overall: FAIL (due to MAYB results).
2552:Hardened: ./usr/lib/jvm/java-11-openjdk-11.0.14.0.8-0.2.ea.el9.x86_64/lib/libjava.so: Overall: FAIL (due to MAYB results).
2553:Hardened: ./usr/lib/jvm/java-11-openjdk-11.0.14.0.8-0.2.ea.el9.x86_64/lib/libjavajpeg.so: Overall: FAIL (due to MAYB results).
2554:Hardened: ./usr/lib/jvm/java-11-openjdk-11.0.14.0.8-0.2.ea.el9.x86_64/lib/libjdwp.so: Overall: FAIL (due to MAYB results).
2555:Hardened: ./usr/lib/jvm/java-11-openjdk-11.0.14.0.8-0.2.ea.el9.x86_64/lib/libjimage.so: Overall: FAIL (due to MAYB results).
2556:Hardened: ./usr/lib/jvm/java-11-openjdk-11.0.14.0.8-0.2.ea.el9.x86_64/lib/libjsig.so: Overall: FAIL (due to MAYB results).
2557:Hardened: ./usr/lib/jvm/java-11-openjdk-11.0.14.0.8-0.2.ea.el9.x86_64/lib/libjsound.so: Overall: FAIL (due to MAYB results).
2558:Hardened: ./usr/lib/jvm/java-11-openjdk-11.0.14.0.8-0.2.ea.el9.x86_64/lib/liblcms.so: Overall: FAIL (due to MAYB results).
2559:Hardened: ./usr/lib/jvm/java-11-openjdk-11.0.14.0.8-0.2.ea.el9.x86_64/lib/libmanagement.so: Overall: FAIL (due to MAYB results).
2560:Hardened: ./usr/lib/jvm/java-11-openjdk-11.0.14.0.8-0.2.ea.el9.x86_64/lib/libmanagement_agent.so: Overall: FAIL (due to MAYB results).
2561:Hardened: ./usr/lib/jvm/java-11-openjdk-11.0.14.0.8-0.2.ea.el9.x86_64/lib/libmanagement_ext.so: Overall: FAIL (due to MAYB results).
2562:Hardened: ./usr/lib/jvm/java-11-openjdk-11.0.14.0.8-0.2.ea.el9.x86_64/lib/libmlib_image.so: Overall: FAIL (due to MAYB results).
2563:Hardened: ./usr/lib/jvm/java-11-openjdk-11.0.14.0.8-0.2.ea.el9.x86_64/lib/libnet.so: Overall: FAIL (due to MAYB results).
2564:Hardened: ./usr/lib/jvm/java-11-openjdk-11.0.14.0.8-0.2.ea.el9.x86_64/lib/libnio.so: Overall: FAIL (due to MAYB results).
2565:Hardened: ./usr/lib/jvm/java-11-openjdk-11.0.14.0.8-0.2.ea.el9.x86_64/lib/libprefs.so: Overall: FAIL (due to MAYB results).
2566:Hardened: ./usr/lib/jvm/java-11-openjdk-11.0.14.0.8-0.2.ea.el9.x86_64/lib/librmi.so: Overall: FAIL (due to MAYB results).
2567:Hardened: ./usr/lib/jvm/java-11-openjdk-11.0.14.0.8-0.2.ea.el9.x86_64/lib/libsaproc.so: Overall: FAIL (due to MAYB results).
2568:Hardened: ./usr/lib/jvm/java-11-openjdk-11.0.14.0.8-0.2.ea.el9.x86_64/lib/libsctp.so: Overall: FAIL (due to MAYB results).
2569:Hardened: ./usr/lib/jvm/java-11-openjdk-11.0.14.0.8-0.2.ea.el9.x86_64/lib/libsunec.so: Overall: FAIL (due to MAYB results).
2570:Hardened: ./usr/lib/jvm/java-11-openjdk-11.0.14.0.8-0.2.ea.el9.x86_64/lib/libsystemconf.so: Overall: FAIL (due to MAYB results).
2571:Hardened: ./usr/lib/jvm/java-11-openjdk-11.0.14.0.8-0.2.ea.el9.x86_64/lib/libunpack.so: Overall: FAIL (due to MAYB results).
2572:Hardened: ./usr/lib/jvm/java-11-openjdk-11.0.14.0.8-0.2.ea.el9.x86_64/lib/libverify.so: Overall: FAIL (due to MAYB results).
2573:Hardened: ./usr/lib/jvm/java-11-openjdk-11.0.14.0.8-0.2.ea.el9.x86_64/lib/libzip.so: Overall: FAIL (due to MAYB results).
2574:Hardened: ./usr/lib/jvm/java-11-openjdk-11.0.14.0.8-0.2.ea.el9.x86_64/lib/server/libjsig.so: Overall: FAIL (due to MAYB results).
2575:Hardened: ./usr/lib/jvm/java-11-openjdk-11.0.14.0.8-0.2.ea.el9.x86_64/lib/server/libjvm.so: Overall: FAIL (due to MAYB results).
2576:Hardened: ./usr/lib/jvm/java-11-openjdk-11.0.14.0.8-0.2.ea.el9.x86_64/lib/libawt_xawt.so: Overall: FAIL (due to MAYB results).
2577:Hardened: ./usr/lib/jvm/java-11-openjdk-11.0.14.0.8-0.2.ea.el9.x86_64/lib/libjawt.so: Overall: FAIL (due to MAYB results).
2578:Hardened: ./usr/lib/jvm/java-11-openjdk-11.0.14.0.8-0.2.ea.el9.x86_64/lib/libsplashscreen.so: Overall: FAIL (due to MAYB results).
2579-+ '[' 1 -ne 0 ']'
2580:+ echo 'annocheck failed.'
2581:annocheck failed.
2582-+ exit 1
2583-Attempt: 5/5
-------------- tail -n 10 --------------
Hardened: ./usr/lib/jvm/java-11-openjdk-11.0.14.0.8-0.2.ea.el9.x86_64/lib/server/libjsig.so: Overall: FAIL (due to MAYB results).
Hardened: ./usr/lib/jvm/java-11-openjdk-11.0.14.0.8-0.2.ea.el9.x86_64/lib/server/libjvm.so: Overall: FAIL (due to MAYB results).
Hardened: ./usr/lib/jvm/java-11-openjdk-11.0.14.0.8-0.2.ea.el9.x86_64/lib/libawt_xawt.so: Overall: FAIL (due to MAYB results).
Hardened: ./usr/lib/jvm/java-11-openjdk-11.0.14.0.8-0.2.ea.el9.x86_64/lib/libjawt.so: Overall: FAIL (due to MAYB results).
Hardened: ./usr/lib/jvm/java-11-openjdk-11.0.14.0.8-0.2.ea.el9.x86_64/lib/libsplashscreen.so: Overall: FAIL (due to MAYB results).
+ '[' 1 -ne 0 ']'
+ echo 'annocheck failed.'
annocheck failed.
+ exit 1
Attempt: 5/5
]]>
        </failure>
    </testcase>
    <testcase classname="rhqe.test" name="check-api.sh" time="0.01"/>
    <testcase classname="rhqe.test" name="check-patches.sh" time="0.01"/>
    <testcase classname="rhqe.test" name="check-systemWideCryptoPolicy-IsHonored.sh" time="0.01"/>
    <testcase classname="rhqe.test" name="debuginfo_check.sh" time="0.01"/>
    <testcase classname="rhqe.test" name="minimal-debuginfo.sh" time="0.01"/>
    <testcase classname="rhqe.test" name="nssDbFipsTest.sh" time="0.01"/>
    <testcase classname="rhqe.test" name="repos_of_dependencies.sh" time="0.01"/>
    <testcase classname="rhqe.test" name="test-classfile-debuginfo.sh" time="0.01"/>
    <testcase classname="rhqe.test" name="test-dynamic-libraries.sh" time="0.01"/>
    <testcase classname="rhqe.test" name="test-fips.sh" time="0.01"/>
    <testcase classname="rhqe.test" name="test-libjvm-provided.sh" time="0.01"/>
    <testcase classname="rhqe.test" name="test-multiversion-confilicts.sh" time="0.01">
      <failure message="see: ../artifact/results/test-multiversion-confilicts.sh-result/global-stdouterr.log and ../artifact/results/test-multiversion-confilicts.sh-result/report.txt" type="non zero sub-shell return code">
        <![CDATA[----head -n 10----
java-11-openjdk-devel-11.0.14.0.8-0.2.ea.el9.x86_64:
/usr/bin/jaotc
/usr/bin/jar
/usr/bin/jarsigner
/usr/bin/javac
/usr/bin/javadoc
/usr/bin/javap
/usr/bin/jcmd
/usr/bin/jconsole
/usr/bin/jdb
-------------- grep -n -i -e fail -e error -B 5 -A 5--------------
-------------- tail -n 10 --------------
/usr/bin/java
/usr/bin/jjs
/usr/bin/keytool
/usr/bin/pack200
/usr/bin/rmid
/usr/bin/rmiregistry
/usr/bin/unpack200
java-11-openjdk-javadoc-zip-11.0.14.0.8-0.2.ea.el9.x86_64:
/usr/share/javadoc/java-zip
Attempt: 5/5
]]>
        </failure>
    </testcase>
    <testcase classname="rhqe.test" name="test-package-ownership.sh" time="0.01"/>
    <testcase classname="rhqe.test" name="test-private-libraries.sh" time="0.01"/>
    <testcase classname="rhqe.test" name="tryFreeIpa.sh" time="0.01"/>
    <testcase classname="rhqe.test" name="try-local-kerberos.sh" time="0.01"/>
    <testcase classname="rhqe.test" name="vendorIsRedHat.sh" time="0.01"/>
    <testcase classname="rhqe.test" name="zeroDebuginfo-jmap-jstack.sh" time="0.01"/>
    <system-out></system-out>
    <system-err></system-err>
  </testsuite>
</testsuites>
